++ date
+ echo '=== SWAP START Mon Jul 20 04:33:01 PM MDT 2026 ==='
=== SWAP START Mon Jul 20 04:33:01 PM MDT 2026 ===
+ /glade/derecho/scratch/exu/conda-envs/fcn3/bin/python -m pip install torch==2.11.0 --index-url https://download.pytorch.org/whl/cu128
Looking in indexes: https://download.pytorch.org/whl/cu128
Collecting torch==2.11.0
  Downloading torch-2.11.0%2Bcu128-cp311-cp311-manylinux_2_28_x86_64.whl.metadata (29 kB)
Requirement already satisfied: filelock in /glade/derecho/scratch/exu/conda-envs/fcn3/lib/python3.11/site-packages (from torch==2.11.0) (3.31.1)
Requirement already satisfied: typing-extensions>=4.10.0 in /glade/u/home/exu/.local/lib/python3.11/site-packages (from torch==2.11.0) (4.15.0)
Requirement already satisfied: setuptools<82 in /glade/derecho/scratch/exu/conda-envs/fcn3/lib/python3.11/site-packages (from torch==2.11.0) (81.0.0)
Requirement already satisfied: sympy>=1.13.3 in /glade/derecho/scratch/exu/conda-envs/fcn3/lib/python3.11/site-packages (from torch==2.11.0) (1.14.0)
Requirement already satisfied: networkx>=2.5.1 in /glade/derecho/scratch/exu/conda-envs/fcn3/lib/python3.11/site-packages (from torch==2.11.0) (3.6.1)
Requirement already satisfied: jinja2 in /glade/derecho/scratch/exu/conda-envs/fcn3/lib/python3.11/site-packages (from torch==2.11.0) (3.1.6)
Requirement already satisfied: fsspec>=0.8.5 in /glade/derecho/scratch/exu/conda-envs/fcn3/lib/python3.11/site-packages (from torch==2.11.0) (2026.6.0)
Collecting cuda-toolkit==12.8.1 (from cuda-toolkit[cublas,cudart,cufft,cufile,cupti,curand,cusolver,cusparse,nvjitlink,nvrtc,nvtx]==12.8.1; platform_system == "Linux"->torch==2.11.0)
  Downloading cuda_toolkit-12.8.1-py2.py3-none-any.whl (2.3 kB)
Collecting cuda-bindings<13,>=12.9.4 (from torch==2.11.0)
  Downloading cuda_bindings-12.9.4-cp311-cp311-manylinux_2_24_x86_64.manylinux_2_28_x86_64.whl.metadata (2.6 kB)
Collecting nvidia-cudnn-cu12==9.19.0.56 (from torch==2.11.0)
  Downloading nvidia_cudnn_cu12-9.19.0.56-py3-none-manylinux_2_27_x86_64.whl (657.9 MB)
     ━━━━━━━━━━━━━━━━━━━━━━━━━━━━━━━━━━━━━━━━ 657.9/657.9 MB 16.6 MB/s  0:00:18
Collecting nvidia-cusparselt-cu12==0.7.1 (from torch==2.11.0)
  Downloading nvidia_cusparselt_cu12-0.7.1-py3-none-manylinux2014_x86_64.whl (287.2 MB)
     ━━━━━━━━━━━━━━━━━━━━━━━━━━━━━━━━━━━━━━━━ 287.2/287.2 MB 87.9 MB/s  0:00:03
Collecting nvidia-nccl-cu12==2.28.9 (from torch==2.11.0)
  Downloading nvidia_nccl_cu12-2.28.9-py3-none-manylinux_2_18_x86_64.whl (296.8 MB)
     ━━━━━━━━━━━━━━━━━━━━━━━━━━━━━━━━━━━━━━━━ 296.8/296.8 MB 15.6 MB/s  0:00:16
Collecting nvidia-nvshmem-cu12==3.4.5 (from torch==2.11.0)
  Downloading nvidia_nvshmem_cu12-3.4.5-py3-none-manylinux2014_x86_64.manylinux_2_17_x86_64.whl (139.1 MB)
     ━━━━━━━━━━━━━━━━━━━━━━━━━━━━━━━━━━━━━━━━ 139.1/139.1 MB 195.8 MB/s  0:00:00
Collecting triton==3.6.0 (from torch==2.11.0)
  Downloading triton-3.6.0-cp311-cp311-manylinux_2_27_x86_64.manylinux_2_28_x86_64.whl.metadata (1.7 kB)
Collecting nvidia-cublas-cu12==12.8.4.1.* (from cuda-toolkit[cublas,cudart,cufft,cufile,cupti,curand,cusolver,cusparse,nvjitlink,nvrtc,nvtx]==12.8.1; platform_system == "Linux"->torch==2.11.0)
  Downloading nvidia_cublas_cu12-12.8.4.1-py3-none-manylinux_2_27_x86_64.whl (594.3 MB)
     ━━━━━━━━━━━━━━━━━━━━━━━━━━━━━━━━━━━━━━━━ 594.3/594.3 MB 40.1 MB/s  0:00:21
Collecting nvidia-cuda-runtime-cu12==12.8.90.* (from cuda-toolkit[cublas,cudart,cufft,cufile,cupti,curand,cusolver,cusparse,nvjitlink,nvrtc,nvtx]==12.8.1; platform_system == "Linux"->torch==2.11.0)
  Downloading nvidia_cuda_runtime_cu12-12.8.90-py3-none-manylinux2014_x86_64.manylinux_2_17_x86_64.whl (954 kB)
     ━━━━━━━━━━━━━━━━━━━━━━━━━━━━━━━━━━━━━━━━ 954.8/954.8 kB 104.2 MB/s  0:00:00
Collecting nvidia-cufft-cu12==11.3.3.83.* (from cuda-toolkit[cublas,cudart,cufft,cufile,cupti,curand,cusolver,cusparse,nvjitlink,nvrtc,nvtx]==12.8.1; platform_system == "Linux"->torch==2.11.0)
  Downloading nvidia_cufft_cu12-11.3.3.83-py3-none-manylinux2014_x86_64.manylinux_2_17_x86_64.whl (193.1 MB)
     ━━━━━━━━━━━━━━━━━━━━━━━━━━━━━━━━━━━━━━━━ 193.1/193.1 MB 191.9 MB/s  0:00:01
Collecting nvidia-cufile-cu12==1.13.1.3.* (from cuda-toolkit[cublas,cudart,cufft,cufile,cupti,curand,cusolver,cusparse,nvjitlink,nvrtc,nvtx]==12.8.1; platform_system == "Linux"->torch==2.11.0)
  Downloading nvidia_cufile_cu12-1.13.1.3-py3-none-manylinux2014_x86_64.manylinux_2_17_x86_64.whl (1.2 MB)
     ━━━━━━━━━━━━━━━━━━━━━━━━━━━━━━━━━━━━━━━━ 1.2/1.2 MB 253.6 MB/s  0:00:00
Collecting nvidia-cuda-cupti-cu12==12.8.90.* (from cuda-toolkit[cublas,cudart,cufft,cufile,cupti,curand,cusolver,cusparse,nvjitlink,nvrtc,nvtx]==12.8.1; platform_system == "Linux"->torch==2.11.0)
  Downloading nvidia_cuda_cupti_cu12-12.8.90-py3-none-manylinux2014_x86_64.manylinux_2_17_x86_64.whl (10.2 MB)
     ━━━━━━━━━━━━━━━━━━━━━━━━━━━━━━━━━━━━━━━━ 10.2/10.2 MB 254.7 MB/s  0:00:00
Collecting nvidia-curand-cu12==10.3.9.90.* (from cuda-toolkit[cublas,cudart,cufft,cufile,cupti,curand,cusolver,cusparse,nvjitlink,nvrtc,nvtx]==12.8.1; platform_system == "Linux"->torch==2.11.0)
  Downloading nvidia_curand_cu12-10.3.9.90-py3-none-manylinux_2_27_x86_64.whl (63.6 MB)
     ━━━━━━━━━━━━━━━━━━━━━━━━━━━━━━━━━━━━━━━━ 63.6/63.6 MB 191.9 MB/s  0:00:00
Collecting nvidia-cusolver-cu12==11.7.3.90.* (from cuda-toolkit[cublas,cudart,cufft,cufile,cupti,curand,cusolver,cusparse,nvjitlink,nvrtc,nvtx]==12.8.1; platform_system == "Linux"->torch==2.11.0)
  Downloading nvidia_cusolver_cu12-11.7.3.90-py3-none-manylinux_2_27_x86_64.whl (267.5 MB)
     ━━━━━━━━━━━━━━━━━━━━━━━━━━━━━━━━━━━━━━━━ 267.5/267.5 MB 34.5 MB/s  0:00:07
Collecting nvidia-cusparse-cu12==12.5.8.93.* (from cuda-toolkit[cublas,cudart,cufft,cufile,cupti,curand,cusolver,cusparse,nvjitlink,nvrtc,nvtx]==12.8.1; platform_system == "Linux"->torch==2.11.0)
  Downloading nvidia_cusparse_cu12-12.5.8.93-py3-none-manylinux2014_x86_64.manylinux_2_17_x86_64.whl (288.2 MB)
     ━━━━━━━━━━━━━━━━━━━━━━━━━━━━━━━━━━━━━━━━ 288.2/288.2 MB 44.8 MB/s  0:00:05
Collecting nvidia-nvjitlink-cu12==12.8.93.* (from cuda-toolkit[cublas,cudart,cufft,cufile,cupti,curand,cusolver,cusparse,nvjitlink,nvrtc,nvtx]==12.8.1; platform_system == "Linux"->torch==2.11.0)
  Downloading nvidia_nvjitlink_cu12-12.8.93-py3-none-manylinux2010_x86_64.manylinux_2_12_x86_64.whl (39.3 MB)
     ━━━━━━━━━━━━━━━━━━━━━━━━━━━━━━━━━━━━━━━━ 39.3/39.3 MB 197.1 MB/s  0:00:00
Collecting nvidia-cuda-nvrtc-cu12==12.8.93.* (from cuda-toolkit[cublas,cudart,cufft,cufile,cupti,curand,cusolver,cusparse,nvjitlink,nvrtc,nvtx]==12.8.1; platform_system == "Linux"->torch==2.11.0)
  Downloading nvidia_cuda_nvrtc_cu12-12.8.93-py3-none-manylinux2010_x86_64.manylinux_2_12_x86_64.whl (88.0 MB)
     ━━━━━━━━━━━━━━━━━━━━━━━━━━━━━━━━━━━━━━━━ 88.0/88.0 MB 146.3 MB/s  0:00:00
Collecting nvidia-nvtx-cu12==12.8.90.* (from cuda-toolkit[cublas,cudart,cufft,cufile,cupti,curand,cusolver,cusparse,nvjitlink,nvrtc,nvtx]==12.8.1; platform_system == "Linux"->torch==2.11.0)
  Downloading nvidia_nvtx_cu12-12.8.90-py3-none-manylinux2014_x86_64.manylinux_2_17_x86_64.whl (89 kB)
Requirement already satisfied: cuda-pathfinder~=1.1 in /glade/derecho/scratch/exu/conda-envs/fcn3/lib/python3.11/site-packages (from cuda-bindings<13,>=12.9.4->torch==2.11.0) (1.5.6)
Requirement already satisfied: mpmath<1.4,>=1.1.0 in /glade/derecho/scratch/exu/conda-envs/fcn3/lib/python3.11/site-packages (from sympy>=1.13.3->torch==2.11.0) (1.3.0)
Requirement already satisfied: MarkupSafe>=2.0 in /glade/derecho/scratch/exu/conda-envs/fcn3/lib/python3.11/site-packages (from jinja2->torch==2.11.0) (3.0.3)
Downloading torch-2.11.0%2Bcu128-cp311-cp311-manylinux_2_28_x86_64.whl (820.2 MB)
   ━━━━━━━━━━━━━━━━━━━━━━━━━━━━━━━━━━━━━━━━ 820.2/820.2 MB 57.0 MB/s  0:00:07
Downloading triton-3.6.0-cp311-cp311-manylinux_2_27_x86_64.manylinux_2_28_x86_64.whl (188.2 MB)
   ━━━━━━━━━━━━━━━━━━━━━━━━━━━━━━━━━━━━━━━━ 188.2/188.2 MB 181.9 MB/s  0:00:01
Downloading cuda_bindings-12.9.4-cp311-cp311-manylinux_2_24_x86_64.manylinux_2_28_x86_64.whl (12.2 MB)
   ━━━━━━━━━━━━━━━━━━━━━━━━━━━━━━━━━━━━━━━━ 12.2/12.2 MB 12.3 MB/s  0:00:00
Installing collected packages: nvidia-cusparselt-cu12, cuda-toolkit, triton, nvidia-nvtx-cu12, nvidia-nvshmem-cu12, nvidia-nvjitlink-cu12, nvidia-nccl-cu12, nvidia-curand-cu12, nvidia-cufile-cu12, nvidia-cuda-runtime-cu12, nvidia-cuda-nvrtc-cu12, nvidia-cuda-cupti-cu12, nvidia-cublas-cu12, cuda-bindings, nvidia-cusparse-cu12, nvidia-cufft-cu12, nvidia-cudnn-cu12, nvidia-cusolver-cu12, torch
  Attempting uninstall: cuda-toolkit
    Found existing installation: cuda-toolkit 13.0.2
    Uninstalling cuda-toolkit-13.0.2:
      Successfully uninstalled cuda-toolkit-13.0.2
  Attempting uninstall: triton
    Found existing installation: triton 3.7.1
    Uninstalling triton-3.7.1:
      Successfully uninstalled triton-3.7.1
  Attempting uninstall: cuda-bindings
    Found existing installation: cuda-bindings 13.3.1
    Uninstalling cuda-bindings-13.3.1:
      Successfully uninstalled cuda-bindings-13.3.1
  Attempting uninstall: torch
    Found existing installation: torch 2.12.1
    Uninstalling torch-2.12.1:
      Successfully uninstalled torch-2.12.1

ERROR: pip's dependency resolver does not currently take into account all the packages that are installed. This behaviour is the source of the following dependency conflicts.
torchvision 0.27.1 requires torch==2.12.1, but you have torch 2.11.0+cu128 which is incompatible.
Successfully installed cuda-bindings-12.9.4 cuda-toolkit-12.8.1 nvidia-cublas-cu12-12.8.4.1 nvidia-cuda-cupti-cu12-12.8.90 nvidia-cuda-nvrtc-cu12-12.8.93 nvidia-cuda-runtime-cu12-12.8.90 nvidia-cudnn-cu12-9.19.0.56 nvidia-cufft-cu12-11.3.3.83 nvidia-cufile-cu12-1.13.1.3 nvidia-curand-cu12-10.3.9.90 nvidia-cusolver-cu12-11.7.3.90 nvidia-cusparse-cu12-12.5.8.93 nvidia-cusparselt-cu12-0.7.1 nvidia-nccl-cu12-2.28.9 nvidia-nvjitlink-cu12-12.8.93 nvidia-nvshmem-cu12-3.4.5 nvidia-nvtx-cu12-12.8.90 torch-2.11.0+cu128 triton-3.6.0
+ /glade/derecho/scratch/exu/conda-envs/fcn3/bin/python -m pip install --no-build-isolation --force-reinstall --no-deps 'torch-harmonics @ git+https://github.com/NVIDIA/torch-harmonics.git@a632ca748a12bd9f74dbc1e00653317810991f74'
Collecting torch-harmonics @ git+https://github.com/NVIDIA/torch-harmonics.git@a632ca748a12bd9f74dbc1e00653317810991f74
  Using cached torch_harmonics-0.8.1-cp311-cp311-linux_x86_64.whl
Installing collected packages: torch-harmonics
  Attempting uninstall: torch-harmonics
    Found existing installation: torch_harmonics 0.8.1
    Uninstalling torch_harmonics-0.8.1:
      Successfully uninstalled torch_harmonics-0.8.1
Successfully installed torch-harmonics-0.8.1
+ /glade/derecho/scratch/exu/conda-envs/fcn3/bin/python -m pip freeze
+ grep -iE 'nvidia-.*-cu13|cuda-toolkit|cuda-bindings'
+ cut -d= -f1
+ xargs -r /glade/derecho/scratch/exu/conda-envs/fcn3/bin/python -m pip uninstall -y
Found existing installation: cuda-bindings 12.9.4
Uninstalling cuda-bindings-12.9.4:
  Successfully uninstalled cuda-bindings-12.9.4
Found existing installation: cuda-toolkit 12.8.1
Uninstalling cuda-toolkit-12.8.1:
  Successfully uninstalled cuda-toolkit-12.8.1
Found existing installation: nvidia-cudnn-cu13 9.20.0.48
Uninstalling nvidia-cudnn-cu13-9.20.0.48:
  Successfully uninstalled nvidia-cudnn-cu13-9.20.0.48
Found existing installation: nvidia-cusparselt-cu13 0.8.1
Uninstalling nvidia-cusparselt-cu13-0.8.1:
  Successfully uninstalled nvidia-cusparselt-cu13-0.8.1
Found existing installation: nvidia-nccl-cu13 2.29.7
Uninstalling nvidia-nccl-cu13-2.29.7:
  Successfully uninstalled nvidia-nccl-cu13-2.29.7
Found existing installation: nvidia-nvshmem-cu13 3.4.5
Uninstalling nvidia-nvshmem-cu13-3.4.5:
  Successfully uninstalled nvidia-nvshmem-cu13-3.4.5
++ date
+ echo '=== SWAP DONE Mon Jul 20 04:37:15 PM MDT 2026 ==='
=== SWAP DONE Mon Jul 20 04:37:15 PM MDT 2026 ===
+ /glade/derecho/scratch/exu/conda-envs/fcn3/bin/python -c 'import torch; print('\''torch'\'', torch.__version__, '\''cuda'\'', torch.version.cuda)'
Traceback (most recent call last):
  File "<string>", line 1, in <module>
  File "/glade/derecho/scratch/exu/conda-envs/fcn3/lib/python3.11/site-packages/torch/__init__.py", line 442, in <module>
    from torch._C import *  # noqa: F403
    ^^^^^^^^^^^^^^^^^^^^^^
ImportError: libcudnn.so.9: cannot open shared object file: No such file or directory
