Host: nucla3m-a3meganodeset-5
Start: Thu Jul 23 23:39:03 UTC 2026
GPU 0: NVIDIA H100 80GB HBM3 (UUID: GPU-ec7332d6-58cf-c055-c278-22bf3bf7ecc4)
GPU 1: NVIDIA H100 80GB HBM3 (UUID: GPU-517daa89-8265-5e70-22f8-9e36a4760413)
GPU 2: NVIDIA H100 80GB HBM3 (UUID: GPU-b0c7adac-cf1c-0c37-2ad8-16e925bb9f41)
GPU 3: NVIDIA H100 80GB HBM3 (UUID: GPU-4e05c5cf-a2ed-9d60-40b6-6882e68904ff)
GPU 4: NVIDIA H100 80GB HBM3 (UUID: GPU-7adc1295-a770-3f46-c0fd-a9f3127e08ff)
GPU 5: NVIDIA H100 80GB HBM3 (UUID: GPU-495b705c-0c99-a8a3-eaa3-cd720da55351)
GPU 6: NVIDIA H100 80GB HBM3 (UUID: GPU-3fcfbafa-cb81-9d67-f0f0-6dc65c5825a9)
GPU 7: NVIDIA H100 80GB HBM3 (UUID: GPU-1b9a59d4-734a-6a99-b0e7-2f5ff9b8920b)
FCN3 vs GenCast comparison -- week3 (21 d lead), 0p25, 24 members, 84 x 6 h steps

  PNW_HeatDome_2021      heat      peak 2021-06-28  init 2021-06-07  t2m_anom    GenCast: cached
  HurricaneIan_2022      hurricane peak 2022-09-28  init 2022-09-07  u850_speed  GenCast: cached
  WinterStorm_Uri_2021   cold      peak 2021-02-15  init 2021-01-25  t2m_anom    GenCast: cached
  p90_20231107           p90       peak 2023-11-07  init 2023-10-17  t2m_anom    GenCast: cached
  p90_20240802           p90       peak 2024-08-02  init 2024-07-12  t2m_anom    GenCast: cached
  p90_20251224           p90       peak 2025-12-24  init 2025-12-03  t2m_anom    GenCast: cached
FCN3 infer: members=24 batch_size=1 nshards=8 weeks=3
CPU: 208 cores / 8 shards -> OMP_NUM_THREADS=26 per shard
  launched shard 0 on GPU 0 (pid 2513724)
  launched shard 1 on GPU 1 (pid 2513725)
  launched shard 2 on GPU 2 (pid 2513726)
  launched shard 3 on GPU 3 (pid 2513727)
  launched shard 4 on GPU 4 (pid 2513728)
  launched shard 5 on GPU 5 (pid 2513729)
  launched shard 6 on GPU 6 (pid 2513730)
  launched shard 7 on GPU 7 (pid 2513731)
Merging per-shard cubes ...
[assemble] PNW_HeatDome_2021: wrote /home/ubuntu/Vayuh/data/eric/S2S_ExtremeWeather/runs/fcn3/week3/cache/PNW_HeatDome_2021_cube.nc  {'member': 24, 'time': 85, 'lat': 105, 'lon': 237}
[assemble] PNW_HeatDome_2021: 6.27 min node wall (2866.07 GPU-s over 8 shards)
[assemble] HurricaneIan_2022: wrote /home/ubuntu/Vayuh/data/eric/S2S_ExtremeWeather/runs/fcn3/week3/cache/HurricaneIan_2022_cube.nc  {'member': 24, 'time': 85, 'lat': 105, 'lon': 237, 'level': 1}
[assemble] HurricaneIan_2022: 7.79 min node wall (3686.56 GPU-s over 8 shards)
[assemble] WinterStorm_Uri_2021: wrote /home/ubuntu/Vayuh/data/eric/S2S_ExtremeWeather/runs/fcn3/week3/cache/WinterStorm_Uri_2021_cube.nc  {'member': 24, 'time': 85, 'lat': 105, 'lon': 237}
[assemble] WinterStorm_Uri_2021: 5.51 min node wall (2637.26 GPU-s over 8 shards)
[assemble] p90_20231107: wrote /home/ubuntu/Vayuh/data/eric/S2S_ExtremeWeather/runs/fcn3/week3/cache/p90_20231107_cube.nc  {'member': 24, 'time': 85, 'lat': 105, 'lon': 237}
[assemble] p90_20231107: 5.51 min node wall (2640.55 GPU-s over 8 shards)
[assemble] p90_20240802: wrote /home/ubuntu/Vayuh/data/eric/S2S_ExtremeWeather/runs/fcn3/week3/cache/p90_20240802_cube.nc  {'member': 24, 'time': 85, 'lat': 105, 'lon': 237}
[assemble] p90_20240802: 5.52 min node wall (2642.91 GPU-s over 8 shards)
[assemble] p90_20251224: wrote /home/ubuntu/Vayuh/data/eric/S2S_ExtremeWeather/runs/fcn3/week3/cache/p90_20251224_cube.nc  {'member': 24, 'time': 85, 'lat': 105, 'lon': 237}
[assemble] p90_20251224: 5.52 min node wall (2644.74 GPU-s over 8 shards)
Cubes: 6
End: Fri Jul 24 00:21:06 UTC 2026
