Host: nucla3m-a3meganodeset-5
Start: Thu Jul 23 00:41:22 UTC 2026
GPU 0: NVIDIA H100 80GB HBM3 (UUID: GPU-ec7332d6-58cf-c055-c278-22bf3bf7ecc4)
GPU 1: NVIDIA H100 80GB HBM3 (UUID: GPU-517daa89-8265-5e70-22f8-9e36a4760413)
GPU 2: NVIDIA H100 80GB HBM3 (UUID: GPU-b0c7adac-cf1c-0c37-2ad8-16e925bb9f41)
GPU 3: NVIDIA H100 80GB HBM3 (UUID: GPU-4e05c5cf-a2ed-9d60-40b6-6882e68904ff)
GPU 4: NVIDIA H100 80GB HBM3 (UUID: GPU-7adc1295-a770-3f46-c0fd-a9f3127e08ff)
GPU 5: NVIDIA H100 80GB HBM3 (UUID: GPU-495b705c-0c99-a8a3-eaa3-cd720da55351)
GPU 6: NVIDIA H100 80GB HBM3 (UUID: GPU-3fcfbafa-cb81-9d67-f0f0-6dc65c5825a9)
GPU 7: NVIDIA H100 80GB HBM3 (UUID: GPU-1b9a59d4-734a-6a99-b0e7-2f5ff9b8920b)
FCN3 vs GenCast comparison -- week3 (21 d lead), 0p25, 24 members, 84 x 6 h steps

  PNW_HeatDome_2021      heat      peak 2021-06-28  init 2021-06-07  t2m_anom    GenCast: cached
  HurricaneIan_2022      hurricane peak 2022-09-28  init 2022-09-07  u850_speed  GenCast: cached
  WinterStorm_Uri_2021   cold      peak 2021-02-15  init 2021-01-25  t2m_anom    GenCast: cached
  p90_20231107           p90       peak 2023-11-07  init 2023-10-17  t2m_anom    GenCast: MUST RUN
  p90_20240802           p90       peak 2024-08-02  init 2024-07-12  t2m_anom    GenCast: MUST RUN
  p90_20251224           p90       peak 2025-12-24  init 2025-12-03  t2m_anom    GenCast: MUST RUN
FCN3 infer: members=24 batch_size=1 nshards=8 weeks=3
  launched shard 0 on GPU 0 (pid 2460224)
  launched shard 1 on GPU 1 (pid 2460225)
  launched shard 2 on GPU 2 (pid 2460226)
  launched shard 3 on GPU 3 (pid 2460227)
  launched shard 4 on GPU 4 (pid 2460228)
  launched shard 5 on GPU 5 (pid 2460229)
  launched shard 6 on GPU 6 (pid 2460230)
  launched shard 7 on GPU 7 (pid 2460231)
