Host: nucla3m-a3meganodeset-4
Start: Tue Jun 23 09:04:31 UTC 2026
GPU 0: NVIDIA H100 80GB HBM3 (UUID: GPU-3d728601-5a90-3332-b4f8-55a26b42a17b)
GPU 1: NVIDIA H100 80GB HBM3 (UUID: GPU-b189949f-6b30-1a6a-bf9e-a1f13b566ce4)
GPU 2: NVIDIA H100 80GB HBM3 (UUID: GPU-78950a76-0d22-aa22-2931-ff4e9e591bf6)
GPU 3: NVIDIA H100 80GB HBM3 (UUID: GPU-f545a6c6-519b-ded3-1d46-a56618ba791c)
GPU 4: NVIDIA H100 80GB HBM3 (UUID: GPU-5d3a37da-d139-e33f-6aa9-24142cd182f0)
GPU 5: NVIDIA H100 80GB HBM3 (UUID: GPU-140f8c08-c442-2c67-bf38-d0f0e31ef4ea)
GPU 6: NVIDIA H100 80GB HBM3 (UUID: GPU-6d85aa1f-f837-6673-e525-d8778183da70)
GPU 7: NVIDIA H100 80GB HBM3 (UUID: GPU-59e0f36c-c2c3-2bc1-c010-a6e20c827c65)
JAX devices: [CudaDevice(id=0), CudaDevice(id=1), CudaDevice(id=2), CudaDevice(id=3), CudaDevice(id=4), CudaDevice(id=5), CudaDevice(id=6), CudaDevice(id=7)]
[model] checkpoint: GenCast 1p0deg Mini <2019.npz
[model] stats: diffs_stddev_by_level.nc
[model] stats: mean_by_level.nc
[model] stats: stddev_by_level.nc
[model] stats: min_by_level.nc
[model] statics (orography + land-sea mask)
[clim] cached: clim_1990_2019_t2m_conus.nc
[model] done
[truth] cached: PNW_HeatDome_2021_verif_t2m_anom.nc
[truth] cached: Southwest_HeatWave_2020_verif_t2m_anom.nc
[truth] cached: California_HeatWave_2022_verif_t2m_anom.nc
[truth] cached: WinterStorm_Uri_2021_verif_t2m_anom.nc
[truth] cached: PolarVortex_2019_verif_t2m_anom.nc
[truth] cached: WinterStorm_Elliott_2022_verif_t2m_anom.nc
[inputs week3] PNW_HeatDome_2021: init=peak-21d -> PNW_HeatDome_2021_gencast_inputs.nc
[inputs week3] Southwest_HeatWave_2020: init=peak-21d -> Southwest_HeatWave_2020_gencast_inputs.nc
[inputs week3] California_HeatWave_2022: init=peak-21d -> California_HeatWave_2022_gencast_inputs.nc
[inputs week3] WinterStorm_Uri_2021: init=peak-21d -> WinterStorm_Uri_2021_gencast_inputs.nc
[inputs week3] PolarVortex_2019: init=peak-21d -> PolarVortex_2019_gencast_inputs.nc
[inputs week3] WinterStorm_Elliott_2022: init=peak-21d -> WinterStorm_Elliott_2022_gencast_inputs.nc
[model] GenCast loaded on 8 device(s); ensemble=24 (3 wave(s) of 8). task pressure levels: 13
=== week3: lead 21d, 42 steps, 24 members ===
PNW_HeatDome_2021 [week3] init=peak-21d ...
  grid-node input channels = 3872 (inputs 176 + targets 3528 + forcings 168)
  saved PNW_HeatDome_2021_gencast_verif_t2m_anom_members.nc  members=24 spread=1.634K
Southwest_HeatWave_2020 [week3] init=peak-21d ...
  grid-node input channels = 3872 (inputs 176 + targets 3528 + forcings 168)
  saved Southwest_HeatWave_2020_gencast_verif_t2m_anom_members.nc  members=24 spread=1.462K
California_HeatWave_2022 [week3] init=peak-21d ...
  grid-node input channels = 3872 (inputs 176 + targets 3528 + forcings 168)
  saved California_HeatWave_2022_gencast_verif_t2m_anom_members.nc  members=24 spread=1.638K
WinterStorm_Uri_2021 [week3] init=peak-21d ...
  grid-node input channels = 3872 (inputs 176 + targets 3528 + forcings 168)
  saved WinterStorm_Uri_2021_gencast_verif_t2m_anom_members.nc  members=24 spread=3.130K
PolarVortex_2019 [week3] init=peak-21d ...
  grid-node input channels = 3872 (inputs 176 + targets 3528 + forcings 168)
  saved PolarVortex_2019_gencast_verif_t2m_anom_members.nc  members=24 spread=2.961K
WinterStorm_Elliott_2022 [week3] init=peak-21d ...
  grid-node input channels = 3872 (inputs 176 + targets 3528 + forcings 168)
  saved WinterStorm_Elliott_2022_gencast_verif_t2m_anom_members.nc  members=24 spread=3.050K
[pdf week3] wrote 6 + combined -> /home/ubuntu/Vayuh/data/eric/S2S_ExtremeWeather/runs/week3/figures/pdf
[maps week3] wrote 6 + combined -> /home/ubuntu/Vayuh/data/eric/S2S_ExtremeWeather/runs/week3/figures/maps
[scores week3]
                   event  gencast_crps  gencast_spread
       PNW_HeatDome_2021      0.815459        1.634070
 Southwest_HeatWave_2020      1.037394        1.461859
California_HeatWave_2022      1.099993        1.637996
    WinterStorm_Uri_2021      3.903684        3.129811
        PolarVortex_2019      1.624178        2.960718
WinterStorm_Elliott_2022      2.264027        3.049764
End: Tue Jun 23 09:24:50 UTC 2026
