Host: deg0033
Start: Thu Jul 16 07:07:45 AM MDT 2026
GPU 0: NVIDIA A100-SXM4-40GB (UUID: GPU-c1200811-e058-2af8-9fb6-7fd3ab345f59)
GPU 1: NVIDIA A100-SXM4-40GB (UUID: GPU-e45d33c7-fb0b-a6eb-7a32-1781baee20ce)
GPU 2: NVIDIA A100-SXM4-40GB (UUID: GPU-dbb47d3b-342f-96e6-ebc1-e87c423338cd)
GPU 3: NVIDIA A100-SXM4-40GB (UUID: GPU-c69b95f0-cbc7-ac0d-592f-fba27e441627)
JAX devices: [CudaDevice(id=0), CudaDevice(id=1), CudaDevice(id=2), CudaDevice(id=3)]
/glade/work/exu/conda-envs/my-env/lib/python3.10/site-packages/google/api_core/_python_version_support.py:255: FutureWarning: You are using a Python version (3.10.20) which Google will stop supporting in new releases of google.api_core once it reaches its end of life (2026-10-04). Please upgrade to the latest Python version, or at least Python 3.11, to continue receiving updates for google.api_core past that date.
  warnings.warn(message, FutureWarning)
/glade/work/exu/conda-envs/my-env/lib/python3.10/site-packages/google/api_core/_python_version_support.py:255: FutureWarning: You are using a Python version (3.10.20) which Google will stop supporting in new releases of google.cloud._storage_v2 once it reaches its end of life (2026-10-04). Please upgrade to the latest Python version, or at least Python 3.11, to continue receiving updates for google.cloud._storage_v2 past that date.
  warnings.warn(message, FutureWarning)
/glade/work/exu/conda-envs/my-env/lib/python3.10/site-packages/google/api_core/_python_version_support.py:255: FutureWarning: You are using a Python version (3.10.20) which Google will stop supporting in new releases of google.cloud.storage_control_v2 once it reaches its end of life (2026-10-04). Please upgrade to the latest Python version, or at least Python 3.11, to continue receiving updates for google.cloud.storage_control_v2 past that date.
  warnings.warn(message, FutureWarning)
[model] checkpoint: GenCast 1p0deg Mini <2019.npz
[model] stats: diffs_stddev_by_level.nc
[model] stats: mean_by_level.nc
[model] stats: stddev_by_level.nc
[model] stats: min_by_level.nc
[model] statics (orography + land-sea mask)
[clim] cached: clim_1990_2019_t2m_conus.nc
[model] done
[inputs] cached: init_20260601_inputs.nc
[inputs] cached: init_20260602_inputs.nc
[inputs] cached: init_20260603_inputs.nc
[inputs] cached: init_20260604_inputs.nc
[inputs] cached: init_20260605_inputs.nc
[inputs] cached: init_20260606_inputs.nc
[inputs] cached: init_20260607_inputs.nc
[inputs] cached: init_20260608_inputs.nc
[inputs] cached: init_20260609_inputs.nc
[inputs] cached: init_20260610_inputs.nc
[inputs] cached: init_20260611_inputs.nc
[inputs] cached: init_20260612_inputs.nc
[inputs] cached: init_20260613_inputs.nc
[inputs] cached: init_20260614_inputs.nc
[inputs] cached: init_20260615_inputs.nc
[inputs] cached: init_20260616_inputs.nc
[inputs] cached: init_20260617_inputs.nc
[inputs] cached: init_20260618_inputs.nc
[truth] cached: obs_daily_t2m{,_anom}.nc, clim_daily_t2m.nc
[model] GenCast loaded on 4 device(s); ensemble=16 (4 wave(s) of 4). task pressure levels: 13
=== heatwave2026: 18 init(s), 18d rollout (36 steps), 16 members ===
init 2026-06-01 ...
/glade/derecho/scratch/exu/S2S_ExtremeWeather/third_party/graphcast/graphcast/rollout.py:328: FutureWarning: The return type of `Dataset.dims` will be changed to return a set of dimension names in future, in order to be more consistent with `DataArray.dims`. To access a mapping from dimension names to lengths, please use `Dataset.sizes`.
  num_target_steps = targets_template.dims["time"]
/glade/work/exu/conda-envs/my-env/lib/python3.10/site-packages/scipy/sparse/_index.py:210: SparseEfficiencyWarning: Changing the sparsity structure of a csr_matrix is expensive. lil and dok are more efficient.
  self._set_arrayXarray(i, j, x)
/glade/work/exu/conda-envs/my-env/lib/python3.10/site-packages/scipy/sparse/_index.py:210: SparseEfficiencyWarning: Changing the sparsity structure of a csr_matrix is expensive. lil and dok are more efficient.
  self._set_arrayXarray(i, j, x)
/glade/derecho/scratch/exu/S2S_ExtremeWeather/third_party/graphcast/graphcast/rollout.py:435: FutureWarning: The return type of `Dataset.dims` will be changed to return a set of dimension names in future, in order to be more consistent with `DataArray.dims`. To access a mapping from dimension names to lengths, please use `Dataset.sizes`.
  num_inputs = prev_inputs.dims["time"]
/glade/derecho/scratch/exu/S2S_ExtremeWeather/third_party/graphcast/graphcast/rollout.py:328: FutureWarning: The return type of `Dataset.dims` will be changed to return a set of dimension names in future, in order to be more consistent with `DataArray.dims`. To access a mapping from dimension names to lengths, please use `Dataset.sizes`.
  num_target_steps = targets_template.dims["time"]
  saved init_20260601_daily_t2m_members.nc  members=16 lead_days=1..18
init 2026-06-02 ...
/glade/derecho/scratch/exu/S2S_ExtremeWeather/third_party/graphcast/graphcast/rollout.py:328: FutureWarning: The return type of `Dataset.dims` will be changed to return a set of dimension names in future, in order to be more consistent with `DataArray.dims`. To access a mapping from dimension names to lengths, please use `Dataset.sizes`.
  num_target_steps = targets_template.dims["time"]
/glade/derecho/scratch/exu/S2S_ExtremeWeather/third_party/graphcast/graphcast/rollout.py:435: FutureWarning: The return type of `Dataset.dims` will be changed to return a set of dimension names in future, in order to be more consistent with `DataArray.dims`. To access a mapping from dimension names to lengths, please use `Dataset.sizes`.
  num_inputs = prev_inputs.dims["time"]
  saved init_20260602_daily_t2m_members.nc  members=16 lead_days=1..18
init 2026-06-03 ...
/glade/derecho/scratch/exu/S2S_ExtremeWeather/third_party/graphcast/graphcast/rollout.py:328: FutureWarning: The return type of `Dataset.dims` will be changed to return a set of dimension names in future, in order to be more consistent with `DataArray.dims`. To access a mapping from dimension names to lengths, please use `Dataset.sizes`.
  num_target_steps = targets_template.dims["time"]
/glade/derecho/scratch/exu/S2S_ExtremeWeather/third_party/graphcast/graphcast/rollout.py:435: FutureWarning: The return type of `Dataset.dims` will be changed to return a set of dimension names in future, in order to be more consistent with `DataArray.dims`. To access a mapping from dimension names to lengths, please use `Dataset.sizes`.
  num_inputs = prev_inputs.dims["time"]
  saved init_20260603_daily_t2m_members.nc  members=16 lead_days=1..18
init 2026-06-04 ...
/glade/derecho/scratch/exu/S2S_ExtremeWeather/third_party/graphcast/graphcast/rollout.py:328: FutureWarning: The return type of `Dataset.dims` will be changed to return a set of dimension names in future, in order to be more consistent with `DataArray.dims`. To access a mapping from dimension names to lengths, please use `Dataset.sizes`.
  num_target_steps = targets_template.dims["time"]
/glade/derecho/scratch/exu/S2S_ExtremeWeather/third_party/graphcast/graphcast/rollout.py:435: FutureWarning: The return type of `Dataset.dims` will be changed to return a set of dimension names in future, in order to be more consistent with `DataArray.dims`. To access a mapping from dimension names to lengths, please use `Dataset.sizes`.
  num_inputs = prev_inputs.dims["time"]
  saved init_20260604_daily_t2m_members.nc  members=16 lead_days=1..18
init 2026-06-05 ...
/glade/derecho/scratch/exu/S2S_ExtremeWeather/third_party/graphcast/graphcast/rollout.py:328: FutureWarning: The return type of `Dataset.dims` will be changed to return a set of dimension names in future, in order to be more consistent with `DataArray.dims`. To access a mapping from dimension names to lengths, please use `Dataset.sizes`.
  num_target_steps = targets_template.dims["time"]
/glade/derecho/scratch/exu/S2S_ExtremeWeather/third_party/graphcast/graphcast/rollout.py:435: FutureWarning: The return type of `Dataset.dims` will be changed to return a set of dimension names in future, in order to be more consistent with `DataArray.dims`. To access a mapping from dimension names to lengths, please use `Dataset.sizes`.
  num_inputs = prev_inputs.dims["time"]
  saved init_20260605_daily_t2m_members.nc  members=16 lead_days=1..18
init 2026-06-06 ...
/glade/derecho/scratch/exu/S2S_ExtremeWeather/third_party/graphcast/graphcast/rollout.py:328: FutureWarning: The return type of `Dataset.dims` will be changed to return a set of dimension names in future, in order to be more consistent with `DataArray.dims`. To access a mapping from dimension names to lengths, please use `Dataset.sizes`.
  num_target_steps = targets_template.dims["time"]
/glade/derecho/scratch/exu/S2S_ExtremeWeather/third_party/graphcast/graphcast/rollout.py:435: FutureWarning: The return type of `Dataset.dims` will be changed to return a set of dimension names in future, in order to be more consistent with `DataArray.dims`. To access a mapping from dimension names to lengths, please use `Dataset.sizes`.
  num_inputs = prev_inputs.dims["time"]
  saved init_20260606_daily_t2m_members.nc  members=16 lead_days=1..18
init 2026-06-07 ...
/glade/derecho/scratch/exu/S2S_ExtremeWeather/third_party/graphcast/graphcast/rollout.py:328: FutureWarning: The return type of `Dataset.dims` will be changed to return a set of dimension names in future, in order to be more consistent with `DataArray.dims`. To access a mapping from dimension names to lengths, please use `Dataset.sizes`.
  num_target_steps = targets_template.dims["time"]
/glade/derecho/scratch/exu/S2S_ExtremeWeather/third_party/graphcast/graphcast/rollout.py:435: FutureWarning: The return type of `Dataset.dims` will be changed to return a set of dimension names in future, in order to be more consistent with `DataArray.dims`. To access a mapping from dimension names to lengths, please use `Dataset.sizes`.
  num_inputs = prev_inputs.dims["time"]
  saved init_20260607_daily_t2m_members.nc  members=16 lead_days=1..18
init 2026-06-08 ...
/glade/derecho/scratch/exu/S2S_ExtremeWeather/third_party/graphcast/graphcast/rollout.py:328: FutureWarning: The return type of `Dataset.dims` will be changed to return a set of dimension names in future, in order to be more consistent with `DataArray.dims`. To access a mapping from dimension names to lengths, please use `Dataset.sizes`.
  num_target_steps = targets_template.dims["time"]
/glade/derecho/scratch/exu/S2S_ExtremeWeather/third_party/graphcast/graphcast/rollout.py:435: FutureWarning: The return type of `Dataset.dims` will be changed to return a set of dimension names in future, in order to be more consistent with `DataArray.dims`. To access a mapping from dimension names to lengths, please use `Dataset.sizes`.
  num_inputs = prev_inputs.dims["time"]
  saved init_20260608_daily_t2m_members.nc  members=16 lead_days=1..18
init 2026-06-09 ...
/glade/derecho/scratch/exu/S2S_ExtremeWeather/third_party/graphcast/graphcast/rollout.py:328: FutureWarning: The return type of `Dataset.dims` will be changed to return a set of dimension names in future, in order to be more consistent with `DataArray.dims`. To access a mapping from dimension names to lengths, please use `Dataset.sizes`.
  num_target_steps = targets_template.dims["time"]
/glade/derecho/scratch/exu/S2S_ExtremeWeather/third_party/graphcast/graphcast/rollout.py:435: FutureWarning: The return type of `Dataset.dims` will be changed to return a set of dimension names in future, in order to be more consistent with `DataArray.dims`. To access a mapping from dimension names to lengths, please use `Dataset.sizes`.
  num_inputs = prev_inputs.dims["time"]
  saved init_20260609_daily_t2m_members.nc  members=16 lead_days=1..18
init 2026-06-10 ...
/glade/derecho/scratch/exu/S2S_ExtremeWeather/third_party/graphcast/graphcast/rollout.py:328: FutureWarning: The return type of `Dataset.dims` will be changed to return a set of dimension names in future, in order to be more consistent with `DataArray.dims`. To access a mapping from dimension names to lengths, please use `Dataset.sizes`.
  num_target_steps = targets_template.dims["time"]
/glade/derecho/scratch/exu/S2S_ExtremeWeather/third_party/graphcast/graphcast/rollout.py:435: FutureWarning: The return type of `Dataset.dims` will be changed to return a set of dimension names in future, in order to be more consistent with `DataArray.dims`. To access a mapping from dimension names to lengths, please use `Dataset.sizes`.
  num_inputs = prev_inputs.dims["time"]
  saved init_20260610_daily_t2m_members.nc  members=16 lead_days=1..18
init 2026-06-11 ...
/glade/derecho/scratch/exu/S2S_ExtremeWeather/third_party/graphcast/graphcast/rollout.py:328: FutureWarning: The return type of `Dataset.dims` will be changed to return a set of dimension names in future, in order to be more consistent with `DataArray.dims`. To access a mapping from dimension names to lengths, please use `Dataset.sizes`.
  num_target_steps = targets_template.dims["time"]
/glade/derecho/scratch/exu/S2S_ExtremeWeather/third_party/graphcast/graphcast/rollout.py:435: FutureWarning: The return type of `Dataset.dims` will be changed to return a set of dimension names in future, in order to be more consistent with `DataArray.dims`. To access a mapping from dimension names to lengths, please use `Dataset.sizes`.
  num_inputs = prev_inputs.dims["time"]
  saved init_20260611_daily_t2m_members.nc  members=16 lead_days=1..18
init 2026-06-12 ...
/glade/derecho/scratch/exu/S2S_ExtremeWeather/third_party/graphcast/graphcast/rollout.py:328: FutureWarning: The return type of `Dataset.dims` will be changed to return a set of dimension names in future, in order to be more consistent with `DataArray.dims`. To access a mapping from dimension names to lengths, please use `Dataset.sizes`.
  num_target_steps = targets_template.dims["time"]
/glade/derecho/scratch/exu/S2S_ExtremeWeather/third_party/graphcast/graphcast/rollout.py:435: FutureWarning: The return type of `Dataset.dims` will be changed to return a set of dimension names in future, in order to be more consistent with `DataArray.dims`. To access a mapping from dimension names to lengths, please use `Dataset.sizes`.
  num_inputs = prev_inputs.dims["time"]
  saved init_20260612_daily_t2m_members.nc  members=16 lead_days=1..18
init 2026-06-13 ...
/glade/derecho/scratch/exu/S2S_ExtremeWeather/third_party/graphcast/graphcast/rollout.py:328: FutureWarning: The return type of `Dataset.dims` will be changed to return a set of dimension names in future, in order to be more consistent with `DataArray.dims`. To access a mapping from dimension names to lengths, please use `Dataset.sizes`.
  num_target_steps = targets_template.dims["time"]
/glade/derecho/scratch/exu/S2S_ExtremeWeather/third_party/graphcast/graphcast/rollout.py:435: FutureWarning: The return type of `Dataset.dims` will be changed to return a set of dimension names in future, in order to be more consistent with `DataArray.dims`. To access a mapping from dimension names to lengths, please use `Dataset.sizes`.
  num_inputs = prev_inputs.dims["time"]
  saved init_20260613_daily_t2m_members.nc  members=16 lead_days=1..18
init 2026-06-14 ...
/glade/derecho/scratch/exu/S2S_ExtremeWeather/third_party/graphcast/graphcast/rollout.py:328: FutureWarning: The return type of `Dataset.dims` will be changed to return a set of dimension names in future, in order to be more consistent with `DataArray.dims`. To access a mapping from dimension names to lengths, please use `Dataset.sizes`.
  num_target_steps = targets_template.dims["time"]
/glade/derecho/scratch/exu/S2S_ExtremeWeather/third_party/graphcast/graphcast/rollout.py:435: FutureWarning: The return type of `Dataset.dims` will be changed to return a set of dimension names in future, in order to be more consistent with `DataArray.dims`. To access a mapping from dimension names to lengths, please use `Dataset.sizes`.
  num_inputs = prev_inputs.dims["time"]
  saved init_20260614_daily_t2m_members.nc  members=16 lead_days=1..18
init 2026-06-15 ...
/glade/derecho/scratch/exu/S2S_ExtremeWeather/third_party/graphcast/graphcast/rollout.py:328: FutureWarning: The return type of `Dataset.dims` will be changed to return a set of dimension names in future, in order to be more consistent with `DataArray.dims`. To access a mapping from dimension names to lengths, please use `Dataset.sizes`.
  num_target_steps = targets_template.dims["time"]
/glade/derecho/scratch/exu/S2S_ExtremeWeather/third_party/graphcast/graphcast/rollout.py:435: FutureWarning: The return type of `Dataset.dims` will be changed to return a set of dimension names in future, in order to be more consistent with `DataArray.dims`. To access a mapping from dimension names to lengths, please use `Dataset.sizes`.
  num_inputs = prev_inputs.dims["time"]
  saved init_20260615_daily_t2m_members.nc  members=16 lead_days=1..18
init 2026-06-16 ...
/glade/derecho/scratch/exu/S2S_ExtremeWeather/third_party/graphcast/graphcast/rollout.py:328: FutureWarning: The return type of `Dataset.dims` will be changed to return a set of dimension names in future, in order to be more consistent with `DataArray.dims`. To access a mapping from dimension names to lengths, please use `Dataset.sizes`.
  num_target_steps = targets_template.dims["time"]
/glade/derecho/scratch/exu/S2S_ExtremeWeather/third_party/graphcast/graphcast/rollout.py:435: FutureWarning: The return type of `Dataset.dims` will be changed to return a set of dimension names in future, in order to be more consistent with `DataArray.dims`. To access a mapping from dimension names to lengths, please use `Dataset.sizes`.
  num_inputs = prev_inputs.dims["time"]
  saved init_20260616_daily_t2m_members.nc  members=16 lead_days=1..18
init 2026-06-17 ...
/glade/derecho/scratch/exu/S2S_ExtremeWeather/third_party/graphcast/graphcast/rollout.py:328: FutureWarning: The return type of `Dataset.dims` will be changed to return a set of dimension names in future, in order to be more consistent with `DataArray.dims`. To access a mapping from dimension names to lengths, please use `Dataset.sizes`.
  num_target_steps = targets_template.dims["time"]
/glade/derecho/scratch/exu/S2S_ExtremeWeather/third_party/graphcast/graphcast/rollout.py:435: FutureWarning: The return type of `Dataset.dims` will be changed to return a set of dimension names in future, in order to be more consistent with `DataArray.dims`. To access a mapping from dimension names to lengths, please use `Dataset.sizes`.
  num_inputs = prev_inputs.dims["time"]
  saved init_20260617_daily_t2m_members.nc  members=16 lead_days=1..18
init 2026-06-18 ...
/glade/derecho/scratch/exu/S2S_ExtremeWeather/third_party/graphcast/graphcast/rollout.py:328: FutureWarning: The return type of `Dataset.dims` will be changed to return a set of dimension names in future, in order to be more consistent with `DataArray.dims`. To access a mapping from dimension names to lengths, please use `Dataset.sizes`.
  num_target_steps = targets_template.dims["time"]
/glade/derecho/scratch/exu/S2S_ExtremeWeather/third_party/graphcast/graphcast/rollout.py:435: FutureWarning: The return type of `Dataset.dims` will be changed to return a set of dimension names in future, in order to be more consistent with `DataArray.dims`. To access a mapping from dimension names to lengths, please use `Dataset.sizes`.
  num_inputs = prev_inputs.dims["time"]
  saved init_20260618_daily_t2m_members.nc  members=16 lead_days=1..18
End: Thu Jul 16 08:42:04 AM MDT 2026
total 31M
-rw-r--r-- 1 exu ncar 1.8M Jul 16 07:14 init_20260601_daily_t2m_members.nc
-rw-r--r-- 1 exu ncar 1.8M Jul 16 07:19 init_20260602_daily_t2m_members.nc
-rw-r--r-- 1 exu ncar 1.8M Jul 16 07:24 init_20260603_daily_t2m_members.nc
-rw-r--r-- 1 exu ncar 1.8M Jul 16 07:29 init_20260604_daily_t2m_members.nc
-rw-r--r-- 1 exu ncar 1.8M Jul 16 07:35 init_20260605_daily_t2m_members.nc
-rw-r--r-- 1 exu ncar 1.8M Jul 16 07:40 init_20260606_daily_t2m_members.nc
-rw-r--r-- 1 exu ncar 1.8M Jul 16 07:45 init_20260607_daily_t2m_members.nc
-rw-r--r-- 1 exu ncar 1.8M Jul 16 07:50 init_20260608_daily_t2m_members.nc
-rw-r--r-- 1 exu ncar 1.8M Jul 16 07:55 init_20260609_daily_t2m_members.nc
-rw-r--r-- 1 exu ncar 1.8M Jul 16 08:00 init_20260610_daily_t2m_members.nc
-rw-r--r-- 1 exu ncar 1.8M Jul 16 08:05 init_20260611_daily_t2m_members.nc
-rw-r--r-- 1 exu ncar 1.8M Jul 16 08:11 init_20260612_daily_t2m_members.nc
-rw-r--r-- 1 exu ncar 1.8M Jul 16 08:16 init_20260613_daily_t2m_members.nc
-rw-r--r-- 1 exu ncar 1.8M Jul 16 08:21 init_20260614_daily_t2m_members.nc
-rw-r--r-- 1 exu ncar 1.8M Jul 16 08:26 init_20260615_daily_t2m_members.nc
-rw-r--r-- 1 exu ncar 1.8M Jul 16 08:31 init_20260616_daily_t2m_members.nc
-rw-r--r-- 1 exu ncar 1.8M Jul 16 08:36 init_20260617_daily_t2m_members.nc
-rw-r--r-- 1 exu ncar 1.8M Jul 16 08:42 init_20260618_daily_t2m_members.nc
