Host: dec2453
Start: Mon Jul 20 04:17:37 PM MDT 2026
/glade/work/exu/conda-envs/my-env/lib/python3.10/site-packages/google/api_core/_python_version_support.py:255: FutureWarning: You are using a Python version (3.10.20) which Google will stop supporting in new releases of google.api_core once it reaches its end of life (2026-10-04). Please upgrade to the latest Python version, or at least Python 3.11, to continue receiving updates for google.api_core past that date.
  warnings.warn(message, FutureWarning)
/glade/work/exu/conda-envs/my-env/lib/python3.10/site-packages/google/api_core/_python_version_support.py:255: FutureWarning: You are using a Python version (3.10.20) which Google will stop supporting in new releases of google.cloud._storage_v2 once it reaches its end of life (2026-10-04). Please upgrade to the latest Python version, or at least Python 3.11, to continue receiving updates for google.cloud._storage_v2 past that date.
  warnings.warn(message, FutureWarning)
/glade/work/exu/conda-envs/my-env/lib/python3.10/site-packages/google/api_core/_python_version_support.py:255: FutureWarning: You are using a Python version (3.10.20) which Google will stop supporting in new releases of google.cloud.storage_control_v2 once it reaches its end of life (2026-10-04). Please upgrade to the latest Python version, or at least Python 3.11, to continue receiving updates for google.cloud.storage_control_v2 past that date.
  warnings.warn(message, FutureWarning)
[cube] 1461 days x 4 hours from ARCO-ERA5 ...
  1/1461  2022-01-01
  61/1461  2022-03-02
  121/1461  2022-05-01
  181/1461  2022-06-30
  241/1461  2022-08-29
  301/1461  2022-10-28
  361/1461  2022-12-27
  421/1461  2023-02-25
  481/1461  2023-04-26
  541/1461  2023-06-25
  601/1461  2023-08-24
  661/1461  2023-10-23
  721/1461  2023-12-22
  781/1461  2024-02-20
  841/1461  2024-04-20
  901/1461  2024-06-19
  961/1461  2024-08-18
  1021/1461  2024-10-17
  1081/1461  2024-12-16
  1141/1461  2025-02-14
  1201/1461  2025-04-15
  1261/1461  2025-06-14
  1321/1461  2025-08-13
  1381/1461  2025-10-12
  1441/1461  2025-12-11
[cube] wrote /glade/derecho/scratch/exu/S2S_ExtremeWeather/runs/p90_t2m_events_2022_2025/daily_conus_t2m_anom_2022_2025.nc
[plot] p90 threshold = 2.366 K ; 45 events (147 hot days)
 event      start        end  n_days   peak_day  peak_anom_K  mean_anom_K
     1 2022-01-13 2022-01-13       1 2022-01-13        2.453        2.453
     2 2022-02-10 2022-02-11       2 2022-02-11        3.040        2.864
     3 2022-03-02 2022-03-02       1 2022-03-02        2.581        2.581
     4 2022-03-16 2022-03-17       2 2022-03-17        3.061        2.936
     5 2022-05-15 2022-05-15       1 2022-05-15        2.506        2.506
     6 2022-11-01 2022-11-02       2 2022-11-02        2.549        2.484
     7 2022-11-06 2022-11-06       1 2022-11-06        2.423        2.423
     8 2022-12-29 2023-01-05       8 2023-01-01        4.825        3.847
     9 2023-01-09 2023-01-12       4 2023-01-12        3.361        2.952
    10 2023-01-16 2023-01-19       4 2023-01-18        3.291        2.935
    11 2023-02-06 2023-02-08       3 2023-02-06        2.592        2.506
    12 2023-02-20 2023-02-21       2 2023-02-20        2.805        2.625
    13 2023-04-11 2023-04-12       2 2023-04-12        2.624        2.498
    14 2023-10-20 2023-10-22       3 2023-10-20        3.222        2.870
    15 2023-11-06 2023-11-07       2 2023-11-07        3.102        2.870
    16 2023-11-16 2023-11-18       3 2023-11-17        3.135        2.968
    17 2023-12-08 2023-12-09       2 2023-12-09        2.756        2.684
    18 2023-12-15 2023-12-18       4 2023-12-17        3.287        2.825
    19 2023-12-21 2023-12-28       8 2023-12-24        3.627        2.915
    20 2024-01-24 2024-02-03      11 2024-01-26        4.375        3.679
    21 2024-02-06 2024-02-10       5 2024-02-09        3.174        2.822
    22 2024-02-21 2024-02-23       3 2024-02-22        3.635        3.101
    23 2024-02-26 2024-02-27       2 2024-02-26        4.051        3.889
    24 2024-03-02 2024-03-06       5 2024-03-03        3.311        2.678
    25 2024-03-12 2024-03-15       4 2024-03-13        3.206        2.848
    26 2024-04-14 2024-04-15       2 2024-04-15        2.852        2.746
    27 2024-08-02 2024-08-02       1 2024-08-02        2.393        2.393
    28 2024-09-26 2024-09-30       5 2024-09-29        3.454        2.924
    29 2024-10-05 2024-10-06       2 2024-10-05        2.997        2.709
    30 2024-10-21 2024-10-23       3 2024-10-22        2.834        2.812
    31 2024-10-28 2024-10-30       3 2024-10-29        2.736        2.599
    32 2024-11-11 2024-11-11       1 2024-11-11        2.861        2.861
    33 2024-12-16 2024-12-18       3 2024-12-17        3.808        3.504
    34 2024-12-24 2024-12-31       8 2024-12-29        5.383        3.820
    35 2025-02-03 2025-02-04       2 2025-02-03        3.185        2.785
    36 2025-02-07 2025-02-07       1 2025-02-07        2.611        2.611
    37 2025-02-24 2025-02-28       5 2025-02-25        4.191        3.491
    38 2025-03-13 2025-03-14       2 2025-03-14        2.996        2.907
    39 2025-03-25 2025-03-28       4 2025-03-26        2.911        2.774
    40 2025-05-13 2025-05-13       1 2025-05-13        2.366        2.366
    41 2025-09-29 2025-09-30       2 2025-09-29        2.458        2.432
    42 2025-10-04 2025-10-04       1 2025-10-04        2.430        2.430
    43 2025-11-14 2025-11-16       3 2025-11-15        3.604        3.331
    44 2025-11-22 2025-11-22       1 2025-11-22        2.573        2.573
    45 2025-12-17 2025-12-28      12 2025-12-24        4.964        3.640
/glade/derecho/scratch/exu/S2S_ExtremeWeather/find_p90_t2m_events.py:214: UserWarning: This figure includes Axes that are not compatible with tight_layout, so results might be incorrect.
  fig.tight_layout(rect=[0, 0.05, 1, 0.96])
[plot] wrote 45 event maps + overview to /glade/derecho/scratch/exu/S2S_ExtremeWeather/runs/p90_t2m_events_2022_2025/maps
End: Mon Jul 20 04:39:16 PM MDT 2026
--- outputs ---
total 133M
-rw-r--r-- 1 exu ncar 139M Jul 20 16:38 daily_conus_t2m_anom_2022_2025.nc
drwxr-xr-x 2 exu ncar 4.0K Jul 20 16:38 events
-rw-r--r-- 1 exu ncar 2.3K Jul 20 16:38 events_summary.csv
drwxr-xr-x 2 exu ncar 4.0K Jul 20 16:39 maps
total 4.1M
-rw-r--r-- 1 exu ncar  90K Jul 20 16:39 conus_mean_timeseries.png
-rw-r--r-- 1 exu ncar 180K Jul 20 16:39 event_01_20220113_20220113.png
-rw-r--r-- 1 exu ncar 174K Jul 20 16:39 event_02_20220210_20220211.png
-rw-r--r-- 1 exu ncar 179K Jul 20 16:39 event_03_20220302_20220302.png
-rw-r--r-- 1 exu ncar 170K Jul 20 16:39 event_04_20220316_20220317.png
-rw-r--r-- 1 exu ncar 175K Jul 20 16:39 event_05_20220515_20220515.png
-rw-r--r-- 1 exu ncar 166K Jul 20 16:39 event_06_20221101_20221102.png
-rw-r--r-- 1 exu ncar 170K Jul 20 16:39 event_07_20221106_20221106.png
-rw-r--r-- 1 exu ncar 169K Jul 20 16:39 event_08_20221229_20230105.png
event,start,end,n_days,peak_day,peak_anom_K,mean_anom_K
1,2022-01-13,2022-01-13,1,2022-01-13,2.453,2.453
2,2022-02-10,2022-02-11,2,2022-02-11,3.04,2.864
3,2022-03-02,2022-03-02,1,2022-03-02,2.581,2.581
4,2022-03-16,2022-03-17,2,2022-03-17,3.061,2.936
5,2022-05-15,2022-05-15,1,2022-05-15,2.506,2.506
6,2022-11-01,2022-11-02,2,2022-11-02,2.549,2.484
7,2022-11-06,2022-11-06,1,2022-11-06,2.423,2.423
8,2022-12-29,2023-01-05,8,2023-01-01,4.825,3.847
9,2023-01-09,2023-01-12,4,2023-01-12,3.361,2.952
10,2023-01-16,2023-01-19,4,2023-01-18,3.291,2.935
11,2023-02-06,2023-02-08,3,2023-02-06,2.592,2.506
12,2023-02-20,2023-02-21,2,2023-02-20,2.805,2.625
13,2023-04-11,2023-04-12,2,2023-04-12,2.624,2.498
14,2023-10-20,2023-10-22,3,2023-10-20,3.222,2.87
15,2023-11-06,2023-11-07,2,2023-11-07,3.102,2.87
16,2023-11-16,2023-11-18,3,2023-11-17,3.135,2.968
17,2023-12-08,2023-12-09,2,2023-12-09,2.756,2.684
18,2023-12-15,2023-12-18,4,2023-12-17,3.287,2.825
19,2023-12-21,2023-12-28,8,2023-12-24,3.627,2.915
20,2024-01-24,2024-02-03,11,2024-01-26,4.375,3.679
21,2024-02-06,2024-02-10,5,2024-02-09,3.174,2.822
22,2024-02-21,2024-02-23,3,2024-02-22,3.635,3.101
23,2024-02-26,2024-02-27,2,2024-02-26,4.051,3.889
24,2024-03-02,2024-03-06,5,2024-03-03,3.311,2.678
25,2024-03-12,2024-03-15,4,2024-03-13,3.206,2.848
26,2024-04-14,2024-04-15,2,2024-04-15,2.852,2.746
27,2024-08-02,2024-08-02,1,2024-08-02,2.393,2.393
28,2024-09-26,2024-09-30,5,2024-09-29,3.454,2.924
29,2024-10-05,2024-10-06,2,2024-10-05,2.997,2.709
30,2024-10-21,2024-10-23,3,2024-10-22,2.834,2.812
31,2024-10-28,2024-10-30,3,2024-10-29,2.736,2.599
32,2024-11-11,2024-11-11,1,2024-11-11,2.861,2.861
33,2024-12-16,2024-12-18,3,2024-12-17,3.808,3.504
34,2024-12-24,2024-12-31,8,2024-12-29,5.383,3.82
35,2025-02-03,2025-02-04,2,2025-02-03,3.185,2.785
36,2025-02-07,2025-02-07,1,2025-02-07,2.611,2.611
37,2025-02-24,2025-02-28,5,2025-02-25,4.191,3.491
38,2025-03-13,2025-03-14,2,2025-03-14,2.996,2.907
39,2025-03-25,2025-03-28,4,2025-03-26,2.911,2.774
40,2025-05-13,2025-05-13,1,2025-05-13,2.366,2.366
41,2025-09-29,2025-09-30,2,2025-09-29,2.458,2.432
42,2025-10-04,2025-10-04,1,2025-10-04,2.43,2.43
43,2025-11-14,2025-11-16,3,2025-11-15,3.604,3.331
44,2025-11-22,2025-11-22,1,2025-11-22,2.573,2.573
45,2025-12-17,2025-12-28,12,2025-12-24,4.964,3.64
