=== xres 0p25 (GenCast 0.25deg): week3, lead 21d, 42 steps, 24 members, serial worker 2 ===
p90_20231107 [w2 0p25 week3] pass 1 (event 1/3)
WARNING: Logging before flag parsing goes to stderr.
I0723 00:43:41.528272 15054298033024 xla_bridge.py:849] Unable to initialize backend 'tpu': INTERNAL: Failed to open libtpu.so: libtpu.so: cannot open shared object file: No such file or directory
[model] serial infer on 1 device(s); ensemble=24 (24 sample(s), one at a time). task pressure levels: 13
I0723 00:46:02.525433 15054298033024 rollout.py:205] Sample 0/1
/home/ubuntu/Vayuh/data/eric/S2S_ExtremeWeather/third_party/graphcast/graphcast/rollout.py:328: FutureWarning: The return type of `Dataset.dims` will be changed to return a set of dimension names in future, in order to be more consistent with `DataArray.dims`. To access a mapping from dimension names to lengths, please use `Dataset.sizes`.
  num_target_steps = targets_template.dims["time"]
I0723 00:46:02.535621 15054298033024 rollout.py:361] Chunk 0/42
/home/ubuntu/miniconda3/envs/moe/lib/python3.12/site-packages/scipy/sparse/_index.py:210: SparseEfficiencyWarning: Changing the sparsity structure of a csr_matrix is expensive. lil and dok are more efficient.
  self._set_arrayXarray(i, j, x)
/home/ubuntu/miniconda3/envs/moe/lib/python3.12/site-packages/scipy/sparse/_index.py:210: SparseEfficiencyWarning: Changing the sparsity structure of a csr_matrix is expensive. lil and dok are more efficient.
  self._set_arrayXarray(i, j, x)
I0723 00:51:33.648733 15054298033024 sparse_transformer.py:507] mask_block_size: 10273.
/home/ubuntu/miniconda3/envs/moe/lib/python3.12/site-packages/jax/_src/compiler.py:833: UserWarning: Error writing persistent compilation cache entry for 'jit_apply_fn': JaxRuntimeError: RESOURCE_EXHAUSTED: Failed to serialize message of type xla.gpu.GpuExecutableProto because its size must be smaller than 2GiB: 4171375981; at byte 0; at uncompressed byte 0; at byte 2909
	failed to serialize the rest of the fields in GpuExecutableProto split proto (all fields except asm_text, binary, dnn_compiled_graphs, and constants)
  warnings.warn(
/home/ubuntu/Vayuh/data/eric/S2S_ExtremeWeather/third_party/graphcast/graphcast/rollout.py:435: FutureWarning: The return type of `Dataset.dims` will be changed to return a set of dimension names in future, in order to be more consistent with `DataArray.dims`. To access a mapping from dimension names to lengths, please use `Dataset.sizes`.
  num_inputs = prev_inputs.dims["time"]
/home/ubuntu/Vayuh/data/eric/S2S_ExtremeWeather/third_party/graphcast/graphcast/rollout.py:437: FutureWarning: In a future version of xarray the default value for compat will change from compat='equals' to compat='override'. This change will result in the following ValueError: Cannot specify both data_vars='different' and compat='override'. The recommendation is to set compat explicitly for this case.
  xarray.concat(
  [w2 0p25] p90_20231107: member 4/24  step 1/42
I0723 00:55:06.540678 15054298033024 rollout.py:361] Chunk 1/42
  [w2 0p25] p90_20231107: member 4/24  step 2/42
I0723 00:55:34.546629 15054298033024 rollout.py:361] Chunk 2/42
  [w2 0p25] p90_20231107: member 4/24  step 3/42
I0723 00:56:02.531577 15054298033024 rollout.py:361] Chunk 3/42
  [w2 0p25] p90_20231107: member 4/24  step 4/42
I0723 00:56:30.522793 15054298033024 rollout.py:361] Chunk 4/42
  [w2 0p25] p90_20231107: member 4/24  step 5/42
I0723 00:56:58.514911 15054298033024 rollout.py:361] Chunk 5/42
  [w2 0p25] p90_20231107: member 4/24  step 6/42
I0723 00:57:26.499822 15054298033024 rollout.py:361] Chunk 6/42
  [w2 0p25] p90_20231107: member 4/24  step 7/42
I0723 00:57:54.494036 15054298033024 rollout.py:361] Chunk 7/42
  [w2 0p25] p90_20231107: member 4/24  step 8/42
I0723 00:58:22.496349 15054298033024 rollout.py:361] Chunk 8/42
  [w2 0p25] p90_20231107: member 4/24  step 9/42
I0723 00:58:50.493568 15054298033024 rollout.py:361] Chunk 9/42
  [w2 0p25] p90_20231107: member 4/24  step 10/42
I0723 00:59:18.494105 15054298033024 rollout.py:361] Chunk 10/42
  [w2 0p25] p90_20231107: member 4/24  step 11/42
I0723 00:59:46.491302 15054298033024 rollout.py:361] Chunk 11/42
  [w2 0p25] p90_20231107: member 4/24  step 12/42
I0723 01:00:14.507690 15054298033024 rollout.py:361] Chunk 12/42
  [w2 0p25] p90_20231107: member 4/24  step 13/42
I0723 01:00:42.496487 15054298033024 rollout.py:361] Chunk 13/42
  [w2 0p25] p90_20231107: member 4/24  step 14/42
I0723 01:01:10.511820 15054298033024 rollout.py:361] Chunk 14/42
  [w2 0p25] p90_20231107: member 4/24  step 15/42
I0723 01:01:38.509608 15054298033024 rollout.py:361] Chunk 15/42
  [w2 0p25] p90_20231107: member 4/24  step 16/42
I0723 01:02:06.519343 15054298033024 rollout.py:361] Chunk 16/42
  [w2 0p25] p90_20231107: member 4/24  step 17/42
I0723 01:02:34.516969 15054298033024 rollout.py:361] Chunk 17/42
  [w2 0p25] p90_20231107: member 4/24  step 18/42
I0723 01:03:02.512366 15054298033024 rollout.py:361] Chunk 18/42
  [w2 0p25] p90_20231107: member 4/24  step 19/42
I0723 01:03:30.522978 15054298033024 rollout.py:361] Chunk 19/42
  [w2 0p25] p90_20231107: member 4/24  step 20/42
I0723 01:03:58.523435 15054298033024 rollout.py:361] Chunk 20/42
  [w2 0p25] p90_20231107: member 4/24  step 21/42
I0723 01:04:26.526954 15054298033024 rollout.py:361] Chunk 21/42
  [w2 0p25] p90_20231107: member 4/24  step 22/42
I0723 01:04:54.533601 15054298033024 rollout.py:361] Chunk 22/42
  [w2 0p25] p90_20231107: member 4/24  step 23/42
I0723 01:05:22.542145 15054298033024 rollout.py:361] Chunk 23/42
  [w2 0p25] p90_20231107: member 4/24  step 24/42
I0723 01:05:50.518542 15054298033024 rollout.py:361] Chunk 24/42
  [w2 0p25] p90_20231107: member 4/24  step 25/42
I0723 01:06:18.556410 15054298033024 rollout.py:361] Chunk 25/42
  [w2 0p25] p90_20231107: member 4/24  step 26/42
I0723 01:06:46.557340 15054298033024 rollout.py:361] Chunk 26/42
  [w2 0p25] p90_20231107: member 4/24  step 27/42
I0723 01:07:14.595882 15054298033024 rollout.py:361] Chunk 27/42
  [w2 0p25] p90_20231107: member 4/24  step 28/42
I0723 01:07:42.624579 15054298033024 rollout.py:361] Chunk 28/42
  [w2 0p25] p90_20231107: member 4/24  step 29/42
I0723 01:08:10.641257 15054298033024 rollout.py:361] Chunk 29/42
  [w2 0p25] p90_20231107: member 4/24  step 30/42
I0723 01:08:38.633072 15054298033024 rollout.py:361] Chunk 30/42
  [w2 0p25] p90_20231107: member 4/24  step 31/42
I0723 01:09:06.653102 15054298033024 rollout.py:361] Chunk 31/42
  [w2 0p25] p90_20231107: member 4/24  step 32/42
I0723 01:09:34.643472 15054298033024 rollout.py:361] Chunk 32/42
  [w2 0p25] p90_20231107: member 4/24  step 33/42
I0723 01:10:02.654218 15054298033024 rollout.py:361] Chunk 33/42
  [w2 0p25] p90_20231107: member 4/24  step 34/42
I0723 01:10:30.642817 15054298033024 rollout.py:361] Chunk 34/42
  [w2 0p25] p90_20231107: member 4/24  step 35/42
I0723 01:10:58.644602 15054298033024 rollout.py:361] Chunk 35/42
  [w2 0p25] p90_20231107: member 4/24  step 36/42
I0723 01:11:26.622012 15054298033024 rollout.py:361] Chunk 36/42
  [w2 0p25] p90_20231107: member 4/24  step 37/42
I0723 01:11:54.604123 15054298033024 rollout.py:361] Chunk 37/42
  [w2 0p25] p90_20231107: member 4/24  step 38/42
I0723 01:12:22.601688 15054298033024 rollout.py:361] Chunk 38/42
  [w2 0p25] p90_20231107: member 4/24  step 39/42
I0723 01:12:50.591917 15054298033024 rollout.py:361] Chunk 39/42
  [w2 0p25] p90_20231107: member 4/24  step 40/42
I0723 01:13:18.619585 15054298033024 rollout.py:361] Chunk 40/42
  [w2 0p25] p90_20231107: member 4/24  step 41/42
I0723 01:13:46.610997 15054298033024 rollout.py:361] Chunk 41/42
  [w2 0p25] p90_20231107: member 4/24  step 42/42
  [w2 0p25] p90_20231107: member 4/24 saved
I0723 01:14:23.005669 15054298033024 rollout.py:205] Sample 0/1
/home/ubuntu/Vayuh/data/eric/S2S_ExtremeWeather/third_party/graphcast/graphcast/rollout.py:328: FutureWarning: The return type of `Dataset.dims` will be changed to return a set of dimension names in future, in order to be more consistent with `DataArray.dims`. To access a mapping from dimension names to lengths, please use `Dataset.sizes`.
  num_target_steps = targets_template.dims["time"]
I0723 01:14:23.007404 15054298033024 rollout.py:361] Chunk 0/42
/home/ubuntu/Vayuh/data/eric/S2S_ExtremeWeather/third_party/graphcast/graphcast/rollout.py:435: FutureWarning: The return type of `Dataset.dims` will be changed to return a set of dimension names in future, in order to be more consistent with `DataArray.dims`. To access a mapping from dimension names to lengths, please use `Dataset.sizes`.
  num_inputs = prev_inputs.dims["time"]
/home/ubuntu/Vayuh/data/eric/S2S_ExtremeWeather/third_party/graphcast/graphcast/rollout.py:437: FutureWarning: In a future version of xarray the default value for compat will change from compat='equals' to compat='override'. This change will result in the following ValueError: Cannot specify both data_vars='different' and compat='override'. The recommendation is to set compat explicitly for this case.
  xarray.concat(
  [w2 0p25] p90_20231107: member 10/24  step 1/42
I0723 01:14:51.052037 15054298033024 rollout.py:361] Chunk 1/42
  [w2 0p25] p90_20231107: member 10/24  step 2/42
I0723 01:15:19.054593 15054298033024 rollout.py:361] Chunk 2/42
  [w2 0p25] p90_20231107: member 10/24  step 3/42
I0723 01:15:47.076229 15054298033024 rollout.py:361] Chunk 3/42
  [w2 0p25] p90_20231107: member 10/24  step 4/42
I0723 01:16:15.083703 15054298033024 rollout.py:361] Chunk 4/42
  [w2 0p25] p90_20231107: member 10/24  step 5/42
I0723 01:16:43.096334 15054298033024 rollout.py:361] Chunk 5/42
  [w2 0p25] p90_20231107: member 10/24  step 6/42
I0723 01:17:11.095623 15054298033024 rollout.py:361] Chunk 6/42
  [w2 0p25] p90_20231107: member 10/24  step 7/42
I0723 01:17:39.092771 15054298033024 rollout.py:361] Chunk 7/42
  [w2 0p25] p90_20231107: member 10/24  step 8/42
I0723 01:18:07.103720 15054298033024 rollout.py:361] Chunk 8/42
  [w2 0p25] p90_20231107: member 10/24  step 9/42
I0723 01:18:35.110556 15054298033024 rollout.py:361] Chunk 9/42
  [w2 0p25] p90_20231107: member 10/24  step 10/42
I0723 01:19:03.143841 15054298033024 rollout.py:361] Chunk 10/42
  [w2 0p25] p90_20231107: member 10/24  step 11/42
I0723 01:19:31.157472 15054298033024 rollout.py:361] Chunk 11/42
  [w2 0p25] p90_20231107: member 10/24  step 12/42
I0723 01:19:59.195644 15054298033024 rollout.py:361] Chunk 12/42
  [w2 0p25] p90_20231107: member 10/24  step 13/42
I0723 01:20:27.199042 15054298033024 rollout.py:361] Chunk 13/42
  [w2 0p25] p90_20231107: member 10/24  step 14/42
I0723 01:20:55.213713 15054298033024 rollout.py:361] Chunk 14/42
  [w2 0p25] p90_20231107: member 10/24  step 15/42
I0723 01:21:23.219965 15054298033024 rollout.py:361] Chunk 15/42
  [w2 0p25] p90_20231107: member 10/24  step 16/42
I0723 01:21:51.229488 15054298033024 rollout.py:361] Chunk 16/42
  [w2 0p25] p90_20231107: member 10/24  step 17/42
I0723 01:22:19.243357 15054298033024 rollout.py:361] Chunk 17/42
  [w2 0p25] p90_20231107: member 10/24  step 18/42
I0723 01:22:47.285536 15054298033024 rollout.py:361] Chunk 18/42
  [w2 0p25] p90_20231107: member 10/24  step 19/42
I0723 01:23:15.298807 15054298033024 rollout.py:361] Chunk 19/42
  [w2 0p25] p90_20231107: member 10/24  step 20/42
I0723 01:23:43.313423 15054298033024 rollout.py:361] Chunk 20/42
  [w2 0p25] p90_20231107: member 10/24  step 21/42
I0723 01:24:11.335164 15054298033024 rollout.py:361] Chunk 21/42
  [w2 0p25] p90_20231107: member 10/24  step 22/42
I0723 01:24:39.349802 15054298033024 rollout.py:361] Chunk 22/42
  [w2 0p25] p90_20231107: member 10/24  step 23/42
I0723 01:25:07.398576 15054298033024 rollout.py:361] Chunk 23/42
  [w2 0p25] p90_20231107: member 10/24  step 24/42
I0723 01:25:35.418063 15054298033024 rollout.py:361] Chunk 24/42
  [w2 0p25] p90_20231107: member 10/24  step 25/42
I0723 01:26:03.418554 15054298033024 rollout.py:361] Chunk 25/42
  [w2 0p25] p90_20231107: member 10/24  step 26/42
I0723 01:26:31.438164 15054298033024 rollout.py:361] Chunk 26/42
  [w2 0p25] p90_20231107: member 10/24  step 27/42
I0723 01:26:59.441541 15054298033024 rollout.py:361] Chunk 27/42
  [w2 0p25] p90_20231107: member 10/24  step 28/42
I0723 01:27:27.487422 15054298033024 rollout.py:361] Chunk 28/42
  [w2 0p25] p90_20231107: member 10/24  step 29/42
I0723 01:27:55.522390 15054298033024 rollout.py:361] Chunk 29/42
  [w2 0p25] p90_20231107: member 10/24  step 30/42
I0723 01:28:23.535951 15054298033024 rollout.py:361] Chunk 30/42
  [w2 0p25] p90_20231107: member 10/24  step 31/42
I0723 01:28:51.562386 15054298033024 rollout.py:361] Chunk 31/42
  [w2 0p25] p90_20231107: member 10/24  step 32/42
I0723 01:29:19.581412 15054298033024 rollout.py:361] Chunk 32/42
  [w2 0p25] p90_20231107: member 10/24  step 33/42
I0723 01:29:47.603432 15054298033024 rollout.py:361] Chunk 33/42
  [w2 0p25] p90_20231107: member 10/24  step 34/42
I0723 01:30:15.602281 15054298033024 rollout.py:361] Chunk 34/42
  [w2 0p25] p90_20231107: member 10/24  step 35/42
I0723 01:30:43.638061 15054298033024 rollout.py:361] Chunk 35/42
  [w2 0p25] p90_20231107: member 10/24  step 36/42
I0723 01:31:11.641949 15054298033024 rollout.py:361] Chunk 36/42
  [w2 0p25] p90_20231107: member 10/24  step 37/42
I0723 01:31:39.676231 15054298033024 rollout.py:361] Chunk 37/42
  [w2 0p25] p90_20231107: member 10/24  step 38/42
I0723 01:32:07.695288 15054298033024 rollout.py:361] Chunk 38/42
  [w2 0p25] p90_20231107: member 10/24  step 39/42
I0723 01:32:35.704203 15054298033024 rollout.py:361] Chunk 39/42
  [w2 0p25] p90_20231107: member 10/24  step 40/42
I0723 01:33:03.714242 15054298033024 rollout.py:361] Chunk 40/42
  [w2 0p25] p90_20231107: member 10/24  step 41/42
I0723 01:33:31.724070 15054298033024 rollout.py:361] Chunk 41/42
  [w2 0p25] p90_20231107: member 10/24  step 42/42
  [w2 0p25] p90_20231107: member 10/24 saved
I0723 01:34:07.866366 15054298033024 rollout.py:205] Sample 0/1
/home/ubuntu/Vayuh/data/eric/S2S_ExtremeWeather/third_party/graphcast/graphcast/rollout.py:328: FutureWarning: The return type of `Dataset.dims` will be changed to return a set of dimension names in future, in order to be more consistent with `DataArray.dims`. To access a mapping from dimension names to lengths, please use `Dataset.sizes`.
  num_target_steps = targets_template.dims["time"]
I0723 01:34:07.867971 15054298033024 rollout.py:361] Chunk 0/42
/home/ubuntu/Vayuh/data/eric/S2S_ExtremeWeather/third_party/graphcast/graphcast/rollout.py:435: FutureWarning: The return type of `Dataset.dims` will be changed to return a set of dimension names in future, in order to be more consistent with `DataArray.dims`. To access a mapping from dimension names to lengths, please use `Dataset.sizes`.
  num_inputs = prev_inputs.dims["time"]
/home/ubuntu/Vayuh/data/eric/S2S_ExtremeWeather/third_party/graphcast/graphcast/rollout.py:437: FutureWarning: In a future version of xarray the default value for compat will change from compat='equals' to compat='override'. This change will result in the following ValueError: Cannot specify both data_vars='different' and compat='override'. The recommendation is to set compat explicitly for this case.
  xarray.concat(
  [w2 0p25] p90_20231107: member 18/24  step 1/42
I0723 01:34:35.920232 15054298033024 rollout.py:361] Chunk 1/42
  [w2 0p25] p90_20231107: member 18/24  step 2/42
I0723 01:35:03.925245 15054298033024 rollout.py:361] Chunk 2/42
  [w2 0p25] p90_20231107: member 18/24  step 3/42
I0723 01:35:31.926298 15054298033024 rollout.py:361] Chunk 3/42
  [w2 0p25] p90_20231107: member 18/24  step 4/42
I0723 01:35:59.927366 15054298033024 rollout.py:361] Chunk 4/42
  [w2 0p25] p90_20231107: member 18/24  step 5/42
I0723 01:36:27.923488 15054298033024 rollout.py:361] Chunk 5/42
  [w2 0p25] p90_20231107: member 18/24  step 6/42
I0723 01:36:55.935540 15054298033024 rollout.py:361] Chunk 6/42
  [w2 0p25] p90_20231107: member 18/24  step 7/42
I0723 01:37:23.935141 15054298033024 rollout.py:361] Chunk 7/42
  [w2 0p25] p90_20231107: member 18/24  step 8/42
I0723 01:37:51.926714 15054298033024 rollout.py:361] Chunk 8/42
  [w2 0p25] p90_20231107: member 18/24  step 9/42
I0723 01:38:19.945857 15054298033024 rollout.py:361] Chunk 9/42
  [w2 0p25] p90_20231107: member 18/24  step 10/42
I0723 01:38:47.988489 15054298033024 rollout.py:361] Chunk 10/42
  [w2 0p25] p90_20231107: member 18/24  step 11/42
I0723 01:39:16.021333 15054298033024 rollout.py:361] Chunk 11/42
  [w2 0p25] p90_20231107: member 18/24  step 12/42
I0723 01:39:44.033697 15054298033024 rollout.py:361] Chunk 12/42
  [w2 0p25] p90_20231107: member 18/24  step 13/42
I0723 01:40:12.061777 15054298033024 rollout.py:361] Chunk 13/42
  [w2 0p25] p90_20231107: member 18/24  step 14/42
I0723 01:40:40.084115 15054298033024 rollout.py:361] Chunk 14/42
  [w2 0p25] p90_20231107: member 18/24  step 15/42
I0723 01:41:08.122001 15054298033024 rollout.py:361] Chunk 15/42
  [w2 0p25] p90_20231107: member 18/24  step 16/42
I0723 01:41:36.133650 15054298033024 rollout.py:361] Chunk 16/42
  [w2 0p25] p90_20231107: member 18/24  step 17/42
I0723 01:42:04.136032 15054298033024 rollout.py:361] Chunk 17/42
  [w2 0p25] p90_20231107: member 18/24  step 18/42
I0723 01:42:32.157294 15054298033024 rollout.py:361] Chunk 18/42
  [w2 0p25] p90_20231107: member 18/24  step 19/42
I0723 01:43:00.169761 15054298033024 rollout.py:361] Chunk 19/42
  [w2 0p25] p90_20231107: member 18/24  step 20/42
I0723 01:43:28.199292 15054298033024 rollout.py:361] Chunk 20/42
  [w2 0p25] p90_20231107: member 18/24  step 21/42
I0723 01:43:56.197407 15054298033024 rollout.py:361] Chunk 21/42
  [w2 0p25] p90_20231107: member 18/24  step 22/42
I0723 01:44:24.221674 15054298033024 rollout.py:361] Chunk 22/42
  [w2 0p25] p90_20231107: member 18/24  step 23/42
I0723 01:44:52.214856 15054298033024 rollout.py:361] Chunk 23/42
  [w2 0p25] p90_20231107: member 18/24  step 24/42
I0723 01:45:20.240103 15054298033024 rollout.py:361] Chunk 24/42
  [w2 0p25] p90_20231107: member 18/24  step 25/42
I0723 01:45:48.239451 15054298033024 rollout.py:361] Chunk 25/42
  [w2 0p25] p90_20231107: member 18/24  step 26/42
I0723 01:46:16.258042 15054298033024 rollout.py:361] Chunk 26/42
  [w2 0p25] p90_20231107: member 18/24  step 27/42
I0723 01:46:44.266143 15054298033024 rollout.py:361] Chunk 27/42
  [w2 0p25] p90_20231107: member 18/24  step 28/42
I0723 01:47:12.287290 15054298033024 rollout.py:361] Chunk 28/42
  [w2 0p25] p90_20231107: member 18/24  step 29/42
I0723 01:47:40.295706 15054298033024 rollout.py:361] Chunk 29/42
  [w2 0p25] p90_20231107: member 18/24  step 30/42
I0723 01:48:08.322502 15054298033024 rollout.py:361] Chunk 30/42
  [w2 0p25] p90_20231107: member 18/24  step 31/42
I0723 01:48:36.326442 15054298033024 rollout.py:361] Chunk 31/42
  [w2 0p25] p90_20231107: member 18/24  step 32/42
I0723 01:49:04.337709 15054298033024 rollout.py:361] Chunk 32/42
  [w2 0p25] p90_20231107: member 18/24  step 33/42
I0723 01:49:32.333253 15054298033024 rollout.py:361] Chunk 33/42
  [w2 0p25] p90_20231107: member 18/24  step 34/42
I0723 01:50:00.324098 15054298033024 rollout.py:361] Chunk 34/42
  [w2 0p25] p90_20231107: member 18/24  step 35/42
I0723 01:50:28.340600 15054298033024 rollout.py:361] Chunk 35/42
  [w2 0p25] p90_20231107: member 18/24  step 36/42
I0723 01:50:56.346031 15054298033024 rollout.py:361] Chunk 36/42
  [w2 0p25] p90_20231107: member 18/24  step 37/42
I0723 01:51:24.361764 15054298033024 rollout.py:361] Chunk 37/42
  [w2 0p25] p90_20231107: member 18/24  step 38/42
I0723 01:51:52.387533 15054298033024 rollout.py:361] Chunk 38/42
  [w2 0p25] p90_20231107: member 18/24  step 39/42
I0723 01:52:20.395726 15054298033024 rollout.py:361] Chunk 39/42
  [w2 0p25] p90_20231107: member 18/24  step 40/42
I0723 01:52:48.402281 15054298033024 rollout.py:361] Chunk 40/42
  [w2 0p25] p90_20231107: member 18/24  step 41/42
I0723 01:53:16.404167 15054298033024 rollout.py:361] Chunk 41/42
  [w2 0p25] p90_20231107: member 18/24  step 42/42
  [w2 0p25] p90_20231107: member 18/24 saved
p90_20240802 [w2 0p25 week3] pass 1 (event 2/3)
I0723 01:54:14.283831 15054298033024 rollout.py:205] Sample 0/1
/home/ubuntu/Vayuh/data/eric/S2S_ExtremeWeather/third_party/graphcast/graphcast/rollout.py:328: FutureWarning: The return type of `Dataset.dims` will be changed to return a set of dimension names in future, in order to be more consistent with `DataArray.dims`. To access a mapping from dimension names to lengths, please use `Dataset.sizes`.
  num_target_steps = targets_template.dims["time"]
I0723 01:54:14.286894 15054298033024 rollout.py:361] Chunk 0/42
/home/ubuntu/Vayuh/data/eric/S2S_ExtremeWeather/third_party/graphcast/graphcast/rollout.py:435: FutureWarning: The return type of `Dataset.dims` will be changed to return a set of dimension names in future, in order to be more consistent with `DataArray.dims`. To access a mapping from dimension names to lengths, please use `Dataset.sizes`.
  num_inputs = prev_inputs.dims["time"]
/home/ubuntu/Vayuh/data/eric/S2S_ExtremeWeather/third_party/graphcast/graphcast/rollout.py:437: FutureWarning: In a future version of xarray the default value for compat will change from compat='equals' to compat='override'. This change will result in the following ValueError: Cannot specify both data_vars='different' and compat='override'. The recommendation is to set compat explicitly for this case.
  xarray.concat(
  [w2 0p25] p90_20240802: member 2/24  step 1/42
I0723 01:54:42.340798 15054298033024 rollout.py:361] Chunk 1/42
  [w2 0p25] p90_20240802: member 2/24  step 2/42
I0723 01:55:10.344271 15054298033024 rollout.py:361] Chunk 2/42
  [w2 0p25] p90_20240802: member 2/24  step 3/42
I0723 01:55:38.400298 15054298033024 rollout.py:361] Chunk 3/42
  [w2 0p25] p90_20240802: member 2/24  step 4/42
I0723 01:56:06.404809 15054298033024 rollout.py:361] Chunk 4/42
  [w2 0p25] p90_20240802: member 2/24  step 5/42
I0723 01:56:34.417784 15054298033024 rollout.py:361] Chunk 5/42
  [w2 0p25] p90_20240802: member 2/24  step 6/42
I0723 01:57:02.447447 15054298033024 rollout.py:361] Chunk 6/42
  [w2 0p25] p90_20240802: member 2/24  step 7/42
I0723 01:57:30.472479 15054298033024 rollout.py:361] Chunk 7/42
  [w2 0p25] p90_20240802: member 2/24  step 8/42
I0723 01:57:58.494176 15054298033024 rollout.py:361] Chunk 8/42
  [w2 0p25] p90_20240802: member 2/24  step 9/42
I0723 01:58:26.508891 15054298033024 rollout.py:361] Chunk 9/42
  [w2 0p25] p90_20240802: member 2/24  step 10/42
I0723 01:58:54.522292 15054298033024 rollout.py:361] Chunk 10/42
  [w2 0p25] p90_20240802: member 2/24  step 11/42
I0723 01:59:22.536122 15054298033024 rollout.py:361] Chunk 11/42
  [w2 0p25] p90_20240802: member 2/24  step 12/42
I0723 01:59:50.519334 15054298033024 rollout.py:361] Chunk 12/42
  [w2 0p25] p90_20240802: member 2/24  step 13/42
I0723 02:00:18.511040 15054298033024 rollout.py:361] Chunk 13/42
  [w2 0p25] p90_20240802: member 2/24  step 14/42
I0723 02:00:46.523603 15054298033024 rollout.py:361] Chunk 14/42
  [w2 0p25] p90_20240802: member 2/24  step 15/42
I0723 02:01:14.538746 15054298033024 rollout.py:361] Chunk 15/42
  [w2 0p25] p90_20240802: member 2/24  step 16/42
I0723 02:01:42.564311 15054298033024 rollout.py:361] Chunk 16/42
  [w2 0p25] p90_20240802: member 2/24  step 17/42
I0723 02:02:10.592902 15054298033024 rollout.py:361] Chunk 17/42
  [w2 0p25] p90_20240802: member 2/24  step 18/42
I0723 02:02:38.617300 15054298033024 rollout.py:361] Chunk 18/42
  [w2 0p25] p90_20240802: member 2/24  step 19/42
I0723 02:03:06.635869 15054298033024 rollout.py:361] Chunk 19/42
  [w2 0p25] p90_20240802: member 2/24  step 20/42
I0723 02:03:34.666510 15054298033024 rollout.py:361] Chunk 20/42
  [w2 0p25] p90_20240802: member 2/24  step 21/42
I0723 02:04:02.702389 15054298033024 rollout.py:361] Chunk 21/42
  [w2 0p25] p90_20240802: member 2/24  step 22/42
I0723 02:04:30.714260 15054298033024 rollout.py:361] Chunk 22/42
  [w2 0p25] p90_20240802: member 2/24  step 23/42
I0723 02:04:58.724819 15054298033024 rollout.py:361] Chunk 23/42
  [w2 0p25] p90_20240802: member 2/24  step 24/42
I0723 02:05:26.720834 15054298033024 rollout.py:361] Chunk 24/42
  [w2 0p25] p90_20240802: member 2/24  step 25/42
I0723 02:05:54.749873 15054298033024 rollout.py:361] Chunk 25/42
  [w2 0p25] p90_20240802: member 2/24  step 26/42
I0723 02:06:22.761786 15054298033024 rollout.py:361] Chunk 26/42
  [w2 0p25] p90_20240802: member 2/24  step 27/42
I0723 02:06:50.771730 15054298033024 rollout.py:361] Chunk 27/42
  [w2 0p25] p90_20240802: member 2/24  step 28/42
I0723 02:07:18.798084 15054298033024 rollout.py:361] Chunk 28/42
  [w2 0p25] p90_20240802: member 2/24  step 29/42
I0723 02:07:46.799301 15054298033024 rollout.py:361] Chunk 29/42
  [w2 0p25] p90_20240802: member 2/24  step 30/42
I0723 02:08:14.805319 15054298033024 rollout.py:361] Chunk 30/42
  [w2 0p25] p90_20240802: member 2/24  step 31/42
I0723 02:08:42.825206 15054298033024 rollout.py:361] Chunk 31/42
  [w2 0p25] p90_20240802: member 2/24  step 32/42
I0723 02:09:10.856546 15054298033024 rollout.py:361] Chunk 32/42
  [w2 0p25] p90_20240802: member 2/24  step 33/42
I0723 02:09:38.880594 15054298033024 rollout.py:361] Chunk 33/42
  [w2 0p25] p90_20240802: member 2/24  step 34/42
I0723 02:10:06.905225 15054298033024 rollout.py:361] Chunk 34/42
  [w2 0p25] p90_20240802: member 2/24  step 35/42
I0723 02:10:34.919955 15054298033024 rollout.py:361] Chunk 35/42
  [w2 0p25] p90_20240802: member 2/24  step 36/42
I0723 02:11:02.957995 15054298033024 rollout.py:361] Chunk 36/42
  [w2 0p25] p90_20240802: member 2/24  step 37/42
I0723 02:11:30.996741 15054298033024 rollout.py:361] Chunk 37/42
  [w2 0p25] p90_20240802: member 2/24  step 38/42
I0723 02:11:59.025008 15054298033024 rollout.py:361] Chunk 38/42
  [w2 0p25] p90_20240802: member 2/24  step 39/42
I0723 02:12:27.041363 15054298033024 rollout.py:361] Chunk 39/42
  [w2 0p25] p90_20240802: member 2/24  step 40/42
I0723 02:12:55.048786 15054298033024 rollout.py:361] Chunk 40/42
  [w2 0p25] p90_20240802: member 2/24  step 41/42
I0723 02:13:23.089279 15054298033024 rollout.py:361] Chunk 41/42
  [w2 0p25] p90_20240802: member 2/24  step 42/42
  [w2 0p25] p90_20240802: member 2/24 saved
I0723 02:13:59.603815 15054298033024 rollout.py:205] Sample 0/1
/home/ubuntu/Vayuh/data/eric/S2S_ExtremeWeather/third_party/graphcast/graphcast/rollout.py:328: FutureWarning: The return type of `Dataset.dims` will be changed to return a set of dimension names in future, in order to be more consistent with `DataArray.dims`. To access a mapping from dimension names to lengths, please use `Dataset.sizes`.
  num_target_steps = targets_template.dims["time"]
I0723 02:13:59.605478 15054298033024 rollout.py:361] Chunk 0/42
/home/ubuntu/Vayuh/data/eric/S2S_ExtremeWeather/third_party/graphcast/graphcast/rollout.py:435: FutureWarning: The return type of `Dataset.dims` will be changed to return a set of dimension names in future, in order to be more consistent with `DataArray.dims`. To access a mapping from dimension names to lengths, please use `Dataset.sizes`.
  num_inputs = prev_inputs.dims["time"]
/home/ubuntu/Vayuh/data/eric/S2S_ExtremeWeather/third_party/graphcast/graphcast/rollout.py:437: FutureWarning: In a future version of xarray the default value for compat will change from compat='equals' to compat='override'. This change will result in the following ValueError: Cannot specify both data_vars='different' and compat='override'. The recommendation is to set compat explicitly for this case.
  xarray.concat(
  [w2 0p25] p90_20240802: member 10/24  step 1/42
I0723 02:14:27.653956 15054298033024 rollout.py:361] Chunk 1/42
  [w2 0p25] p90_20240802: member 10/24  step 2/42
I0723 02:14:55.660632 15054298033024 rollout.py:361] Chunk 2/42
  [w2 0p25] p90_20240802: member 10/24  step 3/42
I0723 02:15:23.701241 15054298033024 rollout.py:361] Chunk 3/42
  [w2 0p25] p90_20240802: member 10/24  step 4/42
I0723 02:15:51.716468 15054298033024 rollout.py:361] Chunk 4/42
  [w2 0p25] p90_20240802: member 10/24  step 5/42
I0723 02:16:19.762762 15054298033024 rollout.py:361] Chunk 5/42
  [w2 0p25] p90_20240802: member 10/24  step 6/42
I0723 02:16:47.787409 15054298033024 rollout.py:361] Chunk 6/42
  [w2 0p25] p90_20240802: member 10/24  step 7/42
I0723 02:17:15.823682 15054298033024 rollout.py:361] Chunk 7/42
  [w2 0p25] p90_20240802: member 10/24  step 8/42
I0723 02:17:43.846357 15054298033024 rollout.py:361] Chunk 8/42
  [w2 0p25] p90_20240802: member 10/24  step 9/42
I0723 02:18:11.860282 15054298033024 rollout.py:361] Chunk 9/42
  [w2 0p25] p90_20240802: member 10/24  step 10/42
I0723 02:18:39.888890 15054298033024 rollout.py:361] Chunk 10/42
  [w2 0p25] p90_20240802: member 10/24  step 11/42
I0723 02:19:07.904651 15054298033024 rollout.py:361] Chunk 11/42
  [w2 0p25] p90_20240802: member 10/24  step 12/42
I0723 02:19:35.921024 15054298033024 rollout.py:361] Chunk 12/42
  [w2 0p25] p90_20240802: member 10/24  step 13/42
I0723 02:20:03.953407 15054298033024 rollout.py:361] Chunk 13/42
  [w2 0p25] p90_20240802: member 10/24  step 14/42
I0723 02:20:31.947190 15054298033024 rollout.py:361] Chunk 14/42
  [w2 0p25] p90_20240802: member 10/24  step 15/42
I0723 02:20:59.948433 15054298033024 rollout.py:361] Chunk 15/42
  [w2 0p25] p90_20240802: member 10/24  step 16/42
I0723 02:21:27.946155 15054298033024 rollout.py:361] Chunk 16/42
  [w2 0p25] p90_20240802: member 10/24  step 17/42
I0723 02:21:55.935214 15054298033024 rollout.py:361] Chunk 17/42
  [w2 0p25] p90_20240802: member 10/24  step 18/42
I0723 02:22:23.930574 15054298033024 rollout.py:361] Chunk 18/42
  [w2 0p25] p90_20240802: member 10/24  step 19/42
I0723 02:22:51.948739 15054298033024 rollout.py:361] Chunk 19/42
  [w2 0p25] p90_20240802: member 10/24  step 20/42
I0723 02:23:19.973429 15054298033024 rollout.py:361] Chunk 20/42
  [w2 0p25] p90_20240802: member 10/24  step 21/42
I0723 02:23:47.989429 15054298033024 rollout.py:361] Chunk 21/42
  [w2 0p25] p90_20240802: member 10/24  step 22/42
I0723 02:24:16.009158 15054298033024 rollout.py:361] Chunk 22/42
  [w2 0p25] p90_20240802: member 10/24  step 23/42
I0723 02:24:44.017003 15054298033024 rollout.py:361] Chunk 23/42
  [w2 0p25] p90_20240802: member 10/24  step 24/42
I0723 02:25:12.041462 15054298033024 rollout.py:361] Chunk 24/42
  [w2 0p25] p90_20240802: member 10/24  step 25/42
I0723 02:25:40.038469 15054298033024 rollout.py:361] Chunk 25/42
  [w2 0p25] p90_20240802: member 10/24  step 26/42
I0723 02:26:08.042166 15054298033024 rollout.py:361] Chunk 26/42
  [w2 0p25] p90_20240802: member 10/24  step 27/42
I0723 02:26:36.050683 15054298033024 rollout.py:361] Chunk 27/42
  [w2 0p25] p90_20240802: member 10/24  step 28/42
I0723 02:27:04.066385 15054298033024 rollout.py:361] Chunk 28/42
  [w2 0p25] p90_20240802: member 10/24  step 29/42
I0723 02:27:32.084932 15054298033024 rollout.py:361] Chunk 29/42
  [w2 0p25] p90_20240802: member 10/24  step 30/42
I0723 02:28:00.096860 15054298033024 rollout.py:361] Chunk 30/42
  [w2 0p25] p90_20240802: member 10/24  step 31/42
I0723 02:28:28.118346 15054298033024 rollout.py:361] Chunk 31/42
  [w2 0p25] p90_20240802: member 10/24  step 32/42
I0723 02:28:56.115624 15054298033024 rollout.py:361] Chunk 32/42
  [w2 0p25] p90_20240802: member 10/24  step 33/42
I0723 02:29:24.119405 15054298033024 rollout.py:361] Chunk 33/42
  [w2 0p25] p90_20240802: member 10/24  step 34/42
I0723 02:29:52.109007 15054298033024 rollout.py:361] Chunk 34/42
  [w2 0p25] p90_20240802: member 10/24  step 35/42
I0723 02:30:20.147833 15054298033024 rollout.py:361] Chunk 35/42
  [w2 0p25] p90_20240802: member 10/24  step 36/42
I0723 02:30:48.149023 15054298033024 rollout.py:361] Chunk 36/42
  [w2 0p25] p90_20240802: member 10/24  step 37/42
I0723 02:31:16.164030 15054298033024 rollout.py:361] Chunk 37/42
  [w2 0p25] p90_20240802: member 10/24  step 38/42
I0723 02:31:44.186552 15054298033024 rollout.py:361] Chunk 38/42
  [w2 0p25] p90_20240802: member 10/24  step 39/42
I0723 02:32:12.224770 15054298033024 rollout.py:361] Chunk 39/42
  [w2 0p25] p90_20240802: member 10/24  step 40/42
I0723 02:32:40.248273 15054298033024 rollout.py:361] Chunk 40/42
  [w2 0p25] p90_20240802: member 10/24  step 41/42
I0723 02:33:08.255386 15054298033024 rollout.py:361] Chunk 41/42
  [w2 0p25] p90_20240802: member 10/24  step 42/42
  [w2 0p25] p90_20240802: member 10/24 saved
I0723 02:33:44.552884 15054298033024 rollout.py:205] Sample 0/1
/home/ubuntu/Vayuh/data/eric/S2S_ExtremeWeather/third_party/graphcast/graphcast/rollout.py:328: FutureWarning: The return type of `Dataset.dims` will be changed to return a set of dimension names in future, in order to be more consistent with `DataArray.dims`. To access a mapping from dimension names to lengths, please use `Dataset.sizes`.
  num_target_steps = targets_template.dims["time"]
I0723 02:33:44.554520 15054298033024 rollout.py:361] Chunk 0/42
/home/ubuntu/Vayuh/data/eric/S2S_ExtremeWeather/third_party/graphcast/graphcast/rollout.py:435: FutureWarning: The return type of `Dataset.dims` will be changed to return a set of dimension names in future, in order to be more consistent with `DataArray.dims`. To access a mapping from dimension names to lengths, please use `Dataset.sizes`.
  num_inputs = prev_inputs.dims["time"]
/home/ubuntu/Vayuh/data/eric/S2S_ExtremeWeather/third_party/graphcast/graphcast/rollout.py:437: FutureWarning: In a future version of xarray the default value for compat will change from compat='equals' to compat='override'. This change will result in the following ValueError: Cannot specify both data_vars='different' and compat='override'. The recommendation is to set compat explicitly for this case.
  xarray.concat(
  [w2 0p25] p90_20240802: member 18/24  step 1/42
I0723 02:34:12.614390 15054298033024 rollout.py:361] Chunk 1/42
  [w2 0p25] p90_20240802: member 18/24  step 2/42
I0723 02:34:40.622169 15054298033024 rollout.py:361] Chunk 2/42
  [w2 0p25] p90_20240802: member 18/24  step 3/42
I0723 02:35:08.626536 15054298033024 rollout.py:361] Chunk 3/42
  [w2 0p25] p90_20240802: member 18/24  step 4/42
I0723 02:35:36.636734 15054298033024 rollout.py:361] Chunk 4/42
  [w2 0p25] p90_20240802: member 18/24  step 5/42
I0723 02:36:04.647531 15054298033024 rollout.py:361] Chunk 5/42
  [w2 0p25] p90_20240802: member 18/24  step 6/42
I0723 02:36:32.653878 15054298033024 rollout.py:361] Chunk 6/42
  [w2 0p25] p90_20240802: member 18/24  step 7/42
I0723 02:37:00.664548 15054298033024 rollout.py:361] Chunk 7/42
  [w2 0p25] p90_20240802: member 18/24  step 8/42
I0723 02:37:28.702733 15054298033024 rollout.py:361] Chunk 8/42
  [w2 0p25] p90_20240802: member 18/24  step 9/42
I0723 02:37:56.724113 15054298033024 rollout.py:361] Chunk 9/42
  [w2 0p25] p90_20240802: member 18/24  step 10/42
I0723 02:38:24.766247 15054298033024 rollout.py:361] Chunk 10/42
  [w2 0p25] p90_20240802: member 18/24  step 11/42
I0723 02:38:52.793396 15054298033024 rollout.py:361] Chunk 11/42
  [w2 0p25] p90_20240802: member 18/24  step 12/42
I0723 02:39:20.830070 15054298033024 rollout.py:361] Chunk 12/42
  [w2 0p25] p90_20240802: member 18/24  step 13/42
I0723 02:39:48.842974 15054298033024 rollout.py:361] Chunk 13/42
  [w2 0p25] p90_20240802: member 18/24  step 14/42
I0723 02:40:16.858289 15054298033024 rollout.py:361] Chunk 14/42
