Host: dec2436
Start: Tue Jul  7 05:15:32 PM MDT 2026
/glade/work/exu/conda-envs/my-env/lib/python3.10/site-packages/google/api_core/_python_version_support.py:255: FutureWarning: You are using a Python version (3.10.20) which Google will stop supporting in new releases of google.api_core once it reaches its end of life (2026-10-04). Please upgrade to the latest Python version, or at least Python 3.11, to continue receiving updates for google.api_core past that date.
  warnings.warn(message, FutureWarning)
/glade/work/exu/conda-envs/my-env/lib/python3.10/site-packages/google/api_core/_python_version_support.py:255: FutureWarning: You are using a Python version (3.10.20) which Google will stop supporting in new releases of google.cloud._storage_v2 once it reaches its end of life (2026-10-04). Please upgrade to the latest Python version, or at least Python 3.11, to continue receiving updates for google.cloud._storage_v2 past that date.
  warnings.warn(message, FutureWarning)
/glade/work/exu/conda-envs/my-env/lib/python3.10/site-packages/google/api_core/_python_version_support.py:255: FutureWarning: You are using a Python version (3.10.20) which Google will stop supporting in new releases of google.cloud.storage_control_v2 once it reaches its end of life (2026-10-04). Please upgrade to the latest Python version, or at least Python 3.11, to continue receiving updates for google.cloud.storage_control_v2 past that date.
  warnings.warn(message, FutureWarning)
/glade/work/exu/conda-envs/my-env/lib/python3.10/site-packages/cartopy/io/__init__.py:242: DownloadWarning: Downloading: https://naturalearth.s3.amazonaws.com/50m_physical/ne_50m_coastline.zip
  warnings.warn(f'Downloading: {url}', DownloadWarning)
/glade/work/exu/conda-envs/my-env/lib/python3.10/site-packages/cartopy/io/__init__.py:242: DownloadWarning: Downloading: https://naturalearth.s3.amazonaws.com/50m_cultural/ne_50m_admin_0_boundary_lines_land.zip
  warnings.warn(f'Downloading: {url}', DownloadWarning)
[xres maps] wrote 12 per-event compare maps -> /glade/derecho/scratch/exu/S2S_ExtremeWeather/runs/xres/figures/maps
[xres combined] 12 events -> xres_combined_mean.png
[xres combined] 12 events -> xres_combined_best.png
[xres combined] 12 events -> xres_combined_extreme.png
End: Tue Jul  7 05:16:54 PM MDT 2026
-rw-r--r-- 1 exu ncar 384089 Jul  7 17:16 xres_combined_best.png
-rw-r--r-- 1 exu ncar 387768 Jul  7 17:16 xres_combined_extreme.png
-rw-r--r-- 1 exu ncar 369805 Jul  7 17:16 xres_combined_mean.png

runs/xres/figures/:
total 14
drwxr-xr-x 3 exu ncar   4096 Jul  7 17:16 .
drwxr-xr-x 5 exu ncar   4096 Jul  6 20:05 ..
drwxr-xr-x 2 exu ncar   4096 Jul  7 17:16 maps
-rw-r--r-- 1 exu ncar 384089 Jul  7 17:16 xres_combined_best.png
-rw-r--r-- 1 exu ncar 387768 Jul  7 17:16 xres_combined_extreme.png
-rw-r--r-- 1 exu ncar 369805 Jul  7 17:16 xres_combined_mean.png
Host: dec2439
Start: Tue Jul  7 05:18:03 PM MDT 2026
/glade/work/exu/conda-envs/my-env/lib/python3.10/site-packages/google/api_core/_python_version_support.py:255: FutureWarning: You are using a Python version (3.10.20) which Google will stop supporting in new releases of google.api_core once it reaches its end of life (2026-10-04). Please upgrade to the latest Python version, or at least Python 3.11, to continue receiving updates for google.api_core past that date.
  warnings.warn(message, FutureWarning)
/glade/work/exu/conda-envs/my-env/lib/python3.10/site-packages/google/api_core/_python_version_support.py:255: FutureWarning: You are using a Python version (3.10.20) which Google will stop supporting in new releases of google.cloud._storage_v2 once it reaches its end of life (2026-10-04). Please upgrade to the latest Python version, or at least Python 3.11, to continue receiving updates for google.cloud._storage_v2 past that date.
  warnings.warn(message, FutureWarning)
/glade/work/exu/conda-envs/my-env/lib/python3.10/site-packages/google/api_core/_python_version_support.py:255: FutureWarning: You are using a Python version (3.10.20) which Google will stop supporting in new releases of google.cloud.storage_control_v2 once it reaches its end of life (2026-10-04). Please upgrade to the latest Python version, or at least Python 3.11, to continue receiving updates for google.cloud.storage_control_v2 past that date.
  warnings.warn(message, FutureWarning)
[xres maps] wrote 12 per-event compare maps -> /glade/derecho/scratch/exu/S2S_ExtremeWeather/runs/xres/figures/maps
[xres combined] 12 events -> xres_combined_mean.png
[xres combined] 12 events -> xres_combined_best.png
[xres combined] 12 events -> xres_combined_extreme.png
End: Tue Jul  7 05:19:13 PM MDT 2026
-rw-r--r-- 1 exu ncar 384089 Jul  7 17:19 xres_combined_best.png
-rw-r--r-- 1 exu ncar 387768 Jul  7 17:19 xres_combined_extreme.png
-rw-r--r-- 1 exu ncar 369805 Jul  7 17:19 xres_combined_mean.png

runs/xres/figures/:
total 753
drwxr-xr-x 3 exu ncar   4096 Jul  7 17:16 .
drwxr-xr-x 5 exu ncar   4096 Jul  6 20:05 ..
drwxr-xr-x 2 exu ncar   4096 Jul  7 17:16 maps
-rw-r--r-- 1 exu ncar 384089 Jul  7 17:19 xres_combined_best.png
-rw-r--r-- 1 exu ncar 387768 Jul  7 17:19 xres_combined_extreme.png
-rw-r--r-- 1 exu ncar 369805 Jul  7 17:19 xres_combined_mean.png
