=== xres 0p25 (GenCast 0.25deg): week3, lead 21d, 42 steps, 24 members, serial worker 4 ===
p90_20231107 [w4 0p25 week3] pass 1 (event 1/3)
WARNING: Logging before flag parsing goes to stderr.
I0723 00:43:41.528249 21162635299712 xla_bridge.py:849] Unable to initialize backend 'tpu': INTERNAL: Failed to open libtpu.so: libtpu.so: cannot open shared object file: No such file or directory
[model] serial infer on 1 device(s); ensemble=24 (24 sample(s), one at a time). task pressure levels: 13
I0723 00:46:02.830387 21162635299712 rollout.py:205] Sample 0/1
/home/ubuntu/Vayuh/data/eric/S2S_ExtremeWeather/third_party/graphcast/graphcast/rollout.py:328: FutureWarning: The return type of `Dataset.dims` will be changed to return a set of dimension names in future, in order to be more consistent with `DataArray.dims`. To access a mapping from dimension names to lengths, please use `Dataset.sizes`.
  num_target_steps = targets_template.dims["time"]
I0723 00:46:02.832697 21162635299712 rollout.py:361] Chunk 0/42
/home/ubuntu/miniconda3/envs/moe/lib/python3.12/site-packages/scipy/sparse/_index.py:210: SparseEfficiencyWarning: Changing the sparsity structure of a csr_matrix is expensive. lil and dok are more efficient.
  self._set_arrayXarray(i, j, x)
/home/ubuntu/miniconda3/envs/moe/lib/python3.12/site-packages/scipy/sparse/_index.py:210: SparseEfficiencyWarning: Changing the sparsity structure of a csr_matrix is expensive. lil and dok are more efficient.
  self._set_arrayXarray(i, j, x)
I0723 00:51:35.886729 21162635299712 sparse_transformer.py:507] mask_block_size: 10273.
/home/ubuntu/miniconda3/envs/moe/lib/python3.12/site-packages/jax/_src/compiler.py:833: UserWarning: Error writing persistent compilation cache entry for 'jit_apply_fn': JaxRuntimeError: RESOURCE_EXHAUSTED: Failed to serialize message of type xla.gpu.GpuExecutableProto because its size must be smaller than 2GiB: 4171375981; at byte 0; at uncompressed byte 0; at byte 2909
	failed to serialize the rest of the fields in GpuExecutableProto split proto (all fields except asm_text, binary, dnn_compiled_graphs, and constants)
  warnings.warn(
/home/ubuntu/Vayuh/data/eric/S2S_ExtremeWeather/third_party/graphcast/graphcast/rollout.py:435: FutureWarning: The return type of `Dataset.dims` will be changed to return a set of dimension names in future, in order to be more consistent with `DataArray.dims`. To access a mapping from dimension names to lengths, please use `Dataset.sizes`.
  num_inputs = prev_inputs.dims["time"]
/home/ubuntu/Vayuh/data/eric/S2S_ExtremeWeather/third_party/graphcast/graphcast/rollout.py:437: FutureWarning: In a future version of xarray the default value for compat will change from compat='equals' to compat='override'. This change will result in the following ValueError: Cannot specify both data_vars='different' and compat='override'. The recommendation is to set compat explicitly for this case.
  xarray.concat(
  [w4 0p25] p90_20231107: member 2/24  step 1/42
I0723 00:55:14.135154 21162635299712 rollout.py:361] Chunk 1/42
  [w4 0p25] p90_20231107: member 2/24  step 2/42
I0723 00:55:42.153950 21162635299712 rollout.py:361] Chunk 2/42
  [w4 0p25] p90_20231107: member 2/24  step 3/42
I0723 00:56:10.157835 21162635299712 rollout.py:361] Chunk 3/42
  [w4 0p25] p90_20231107: member 2/24  step 4/42
I0723 00:56:38.167451 21162635299712 rollout.py:361] Chunk 4/42
  [w4 0p25] p90_20231107: member 2/24  step 5/42
I0723 00:57:06.175128 21162635299712 rollout.py:361] Chunk 5/42
  [w4 0p25] p90_20231107: member 2/24  step 6/42
I0723 00:57:34.185732 21162635299712 rollout.py:361] Chunk 6/42
  [w4 0p25] p90_20231107: member 2/24  step 7/42
I0723 00:58:02.230588 21162635299712 rollout.py:361] Chunk 7/42
  [w4 0p25] p90_20231107: member 2/24  step 8/42
I0723 00:58:30.267102 21162635299712 rollout.py:361] Chunk 8/42
  [w4 0p25] p90_20231107: member 2/24  step 9/42
I0723 00:58:58.289432 21162635299712 rollout.py:361] Chunk 9/42
  [w4 0p25] p90_20231107: member 2/24  step 10/42
I0723 00:59:26.332064 21162635299712 rollout.py:361] Chunk 10/42
  [w4 0p25] p90_20231107: member 2/24  step 11/42
I0723 00:59:54.358019 21162635299712 rollout.py:361] Chunk 11/42
  [w4 0p25] p90_20231107: member 2/24  step 12/42
I0723 01:00:22.383682 21162635299712 rollout.py:361] Chunk 12/42
  [w4 0p25] p90_20231107: member 2/24  step 13/42
I0723 01:00:50.392276 21162635299712 rollout.py:361] Chunk 13/42
  [w4 0p25] p90_20231107: member 2/24  step 14/42
I0723 01:01:18.432341 21162635299712 rollout.py:361] Chunk 14/42
  [w4 0p25] p90_20231107: member 2/24  step 15/42
I0723 01:01:46.444216 21162635299712 rollout.py:361] Chunk 15/42
  [w4 0p25] p90_20231107: member 2/24  step 16/42
I0723 01:02:14.470415 21162635299712 rollout.py:361] Chunk 16/42
  [w4 0p25] p90_20231107: member 2/24  step 17/42
I0723 01:02:42.491528 21162635299712 rollout.py:361] Chunk 17/42
  [w4 0p25] p90_20231107: member 2/24  step 18/42
I0723 01:03:10.532785 21162635299712 rollout.py:361] Chunk 18/42
  [w4 0p25] p90_20231107: member 2/24  step 19/42
I0723 01:03:38.565222 21162635299712 rollout.py:361] Chunk 19/42
  [w4 0p25] p90_20231107: member 2/24  step 20/42
I0723 01:04:06.588409 21162635299712 rollout.py:361] Chunk 20/42
  [w4 0p25] p90_20231107: member 2/24  step 21/42
I0723 01:04:34.608352 21162635299712 rollout.py:361] Chunk 21/42
  [w4 0p25] p90_20231107: member 2/24  step 22/42
I0723 01:05:02.645299 21162635299712 rollout.py:361] Chunk 22/42
  [w4 0p25] p90_20231107: member 2/24  step 23/42
I0723 01:05:30.669004 21162635299712 rollout.py:361] Chunk 23/42
  [w4 0p25] p90_20231107: member 2/24  step 24/42
I0723 01:05:58.682828 21162635299712 rollout.py:361] Chunk 24/42
  [w4 0p25] p90_20231107: member 2/24  step 25/42
I0723 01:06:26.710061 21162635299712 rollout.py:361] Chunk 25/42
  [w4 0p25] p90_20231107: member 2/24  step 26/42
I0723 01:06:54.742949 21162635299712 rollout.py:361] Chunk 26/42
  [w4 0p25] p90_20231107: member 2/24  step 27/42
I0723 01:07:22.770436 21162635299712 rollout.py:361] Chunk 27/42
  [w4 0p25] p90_20231107: member 2/24  step 28/42
I0723 01:07:50.790792 21162635299712 rollout.py:361] Chunk 28/42
  [w4 0p25] p90_20231107: member 2/24  step 29/42
I0723 01:08:18.792818 21162635299712 rollout.py:361] Chunk 29/42
  [w4 0p25] p90_20231107: member 2/24  step 30/42
I0723 01:08:46.834234 21162635299712 rollout.py:361] Chunk 30/42
  [w4 0p25] p90_20231107: member 2/24  step 31/42
I0723 01:09:14.863214 21162635299712 rollout.py:361] Chunk 31/42
  [w4 0p25] p90_20231107: member 2/24  step 32/42
I0723 01:09:42.869413 21162635299712 rollout.py:361] Chunk 32/42
  [w4 0p25] p90_20231107: member 2/24  step 33/42
I0723 01:10:10.912442 21162635299712 rollout.py:361] Chunk 33/42
  [w4 0p25] p90_20231107: member 2/24  step 34/42
I0723 01:10:38.947092 21162635299712 rollout.py:361] Chunk 34/42
  [w4 0p25] p90_20231107: member 2/24  step 35/42
I0723 01:11:06.969959 21162635299712 rollout.py:361] Chunk 35/42
  [w4 0p25] p90_20231107: member 2/24  step 36/42
I0723 01:11:34.972611 21162635299712 rollout.py:361] Chunk 36/42
  [w4 0p25] p90_20231107: member 2/24  step 37/42
I0723 01:12:02.984209 21162635299712 rollout.py:361] Chunk 37/42
  [w4 0p25] p90_20231107: member 2/24  step 38/42
I0723 01:12:30.994369 21162635299712 rollout.py:361] Chunk 38/42
  [w4 0p25] p90_20231107: member 2/24  step 39/42
I0723 01:12:59.006551 21162635299712 rollout.py:361] Chunk 39/42
  [w4 0p25] p90_20231107: member 2/24  step 40/42
I0723 01:13:27.048943 21162635299712 rollout.py:361] Chunk 40/42
  [w4 0p25] p90_20231107: member 2/24  step 41/42
I0723 01:13:55.062268 21162635299712 rollout.py:361] Chunk 41/42
  [w4 0p25] p90_20231107: member 2/24  step 42/42
  [w4 0p25] p90_20231107: member 2/24 saved
I0723 01:14:31.518088 21162635299712 rollout.py:205] Sample 0/1
/home/ubuntu/Vayuh/data/eric/S2S_ExtremeWeather/third_party/graphcast/graphcast/rollout.py:328: FutureWarning: The return type of `Dataset.dims` will be changed to return a set of dimension names in future, in order to be more consistent with `DataArray.dims`. To access a mapping from dimension names to lengths, please use `Dataset.sizes`.
  num_target_steps = targets_template.dims["time"]
I0723 01:14:31.519688 21162635299712 rollout.py:361] Chunk 0/42
/home/ubuntu/Vayuh/data/eric/S2S_ExtremeWeather/third_party/graphcast/graphcast/rollout.py:435: FutureWarning: The return type of `Dataset.dims` will be changed to return a set of dimension names in future, in order to be more consistent with `DataArray.dims`. To access a mapping from dimension names to lengths, please use `Dataset.sizes`.
  num_inputs = prev_inputs.dims["time"]
/home/ubuntu/Vayuh/data/eric/S2S_ExtremeWeather/third_party/graphcast/graphcast/rollout.py:437: FutureWarning: In a future version of xarray the default value for compat will change from compat='equals' to compat='override'. This change will result in the following ValueError: Cannot specify both data_vars='different' and compat='override'. The recommendation is to set compat explicitly for this case.
  xarray.concat(
  [w4 0p25] p90_20231107: member 13/24  step 1/42
I0723 01:14:59.588628 21162635299712 rollout.py:361] Chunk 1/42
  [w4 0p25] p90_20231107: member 13/24  step 2/42
I0723 01:15:27.636449 21162635299712 rollout.py:361] Chunk 2/42
  [w4 0p25] p90_20231107: member 13/24  step 3/42
I0723 01:15:55.664552 21162635299712 rollout.py:361] Chunk 3/42
  [w4 0p25] p90_20231107: member 13/24  step 4/42
I0723 01:16:23.697037 21162635299712 rollout.py:361] Chunk 4/42
  [w4 0p25] p90_20231107: member 13/24  step 5/42
I0723 01:16:51.739254 21162635299712 rollout.py:361] Chunk 5/42
  [w4 0p25] p90_20231107: member 13/24  step 6/42
I0723 01:17:19.772806 21162635299712 rollout.py:361] Chunk 6/42
  [w4 0p25] p90_20231107: member 13/24  step 7/42
I0723 01:17:47.792041 21162635299712 rollout.py:361] Chunk 7/42
  [w4 0p25] p90_20231107: member 13/24  step 8/42
I0723 01:18:15.795910 21162635299712 rollout.py:361] Chunk 8/42
  [w4 0p25] p90_20231107: member 13/24  step 9/42
I0723 01:18:43.839626 21162635299712 rollout.py:361] Chunk 9/42
  [w4 0p25] p90_20231107: member 13/24  step 10/42
I0723 01:19:11.868781 21162635299712 rollout.py:361] Chunk 10/42
  [w4 0p25] p90_20231107: member 13/24  step 11/42
I0723 01:19:39.874967 21162635299712 rollout.py:361] Chunk 11/42
  [w4 0p25] p90_20231107: member 13/24  step 12/42
I0723 01:20:07.892807 21162635299712 rollout.py:361] Chunk 12/42
  [w4 0p25] p90_20231107: member 13/24  step 13/42
I0723 01:20:35.910445 21162635299712 rollout.py:361] Chunk 13/42
  [w4 0p25] p90_20231107: member 13/24  step 14/42
I0723 01:21:03.949248 21162635299712 rollout.py:361] Chunk 14/42
  [w4 0p25] p90_20231107: member 13/24  step 15/42
I0723 01:21:31.997966 21162635299712 rollout.py:361] Chunk 15/42
  [w4 0p25] p90_20231107: member 13/24  step 16/42
I0723 01:22:00.041423 21162635299712 rollout.py:361] Chunk 16/42
  [w4 0p25] p90_20231107: member 13/24  step 17/42
I0723 01:22:28.076757 21162635299712 rollout.py:361] Chunk 17/42
  [w4 0p25] p90_20231107: member 13/24  step 18/42
I0723 01:22:56.093995 21162635299712 rollout.py:361] Chunk 18/42
  [w4 0p25] p90_20231107: member 13/24  step 19/42
I0723 01:23:24.120539 21162635299712 rollout.py:361] Chunk 19/42
  [w4 0p25] p90_20231107: member 13/24  step 20/42
I0723 01:23:52.152153 21162635299712 rollout.py:361] Chunk 20/42
  [w4 0p25] p90_20231107: member 13/24  step 21/42
I0723 01:24:20.160443 21162635299712 rollout.py:361] Chunk 21/42
  [w4 0p25] p90_20231107: member 13/24  step 22/42
I0723 01:24:48.177358 21162635299712 rollout.py:361] Chunk 22/42
  [w4 0p25] p90_20231107: member 13/24  step 23/42
I0723 01:25:16.193807 21162635299712 rollout.py:361] Chunk 23/42
  [w4 0p25] p90_20231107: member 13/24  step 24/42
I0723 01:25:44.193016 21162635299712 rollout.py:361] Chunk 24/42
  [w4 0p25] p90_20231107: member 13/24  step 25/42
I0723 01:26:12.197144 21162635299712 rollout.py:361] Chunk 25/42
  [w4 0p25] p90_20231107: member 13/24  step 26/42
I0723 01:26:40.212235 21162635299712 rollout.py:361] Chunk 26/42
  [w4 0p25] p90_20231107: member 13/24  step 27/42
I0723 01:27:08.253789 21162635299712 rollout.py:361] Chunk 27/42
  [w4 0p25] p90_20231107: member 13/24  step 28/42
I0723 01:27:36.280901 21162635299712 rollout.py:361] Chunk 28/42
  [w4 0p25] p90_20231107: member 13/24  step 29/42
I0723 01:28:04.296576 21162635299712 rollout.py:361] Chunk 29/42
  [w4 0p25] p90_20231107: member 13/24  step 30/42
I0723 01:28:32.319038 21162635299712 rollout.py:361] Chunk 30/42
  [w4 0p25] p90_20231107: member 13/24  step 31/42
I0723 01:29:00.354927 21162635299712 rollout.py:361] Chunk 31/42
  [w4 0p25] p90_20231107: member 13/24  step 32/42
I0723 01:29:28.368352 21162635299712 rollout.py:361] Chunk 32/42
  [w4 0p25] p90_20231107: member 13/24  step 33/42
I0723 01:29:56.399501 21162635299712 rollout.py:361] Chunk 33/42
  [w4 0p25] p90_20231107: member 13/24  step 34/42
I0723 01:30:24.455851 21162635299712 rollout.py:361] Chunk 34/42
  [w4 0p25] p90_20231107: member 13/24  step 35/42
I0723 01:30:52.494181 21162635299712 rollout.py:361] Chunk 35/42
  [w4 0p25] p90_20231107: member 13/24  step 36/42
I0723 01:31:20.516014 21162635299712 rollout.py:361] Chunk 36/42
  [w4 0p25] p90_20231107: member 13/24  step 37/42
I0723 01:31:48.556499 21162635299712 rollout.py:361] Chunk 37/42
  [w4 0p25] p90_20231107: member 13/24  step 38/42
I0723 01:32:16.572228 21162635299712 rollout.py:361] Chunk 38/42
  [w4 0p25] p90_20231107: member 13/24  step 39/42
I0723 01:32:44.608318 21162635299712 rollout.py:361] Chunk 39/42
  [w4 0p25] p90_20231107: member 13/24  step 40/42
I0723 01:33:12.654586 21162635299712 rollout.py:361] Chunk 40/42
  [w4 0p25] p90_20231107: member 13/24  step 41/42
I0723 01:33:40.681056 21162635299712 rollout.py:361] Chunk 41/42
  [w4 0p25] p90_20231107: member 13/24  step 42/42
  [w4 0p25] p90_20231107: member 13/24 saved
I0723 01:34:16.639701 21162635299712 rollout.py:205] Sample 0/1
/home/ubuntu/Vayuh/data/eric/S2S_ExtremeWeather/third_party/graphcast/graphcast/rollout.py:328: FutureWarning: The return type of `Dataset.dims` will be changed to return a set of dimension names in future, in order to be more consistent with `DataArray.dims`. To access a mapping from dimension names to lengths, please use `Dataset.sizes`.
  num_target_steps = targets_template.dims["time"]
I0723 01:34:16.641293 21162635299712 rollout.py:361] Chunk 0/42
/home/ubuntu/Vayuh/data/eric/S2S_ExtremeWeather/third_party/graphcast/graphcast/rollout.py:435: FutureWarning: The return type of `Dataset.dims` will be changed to return a set of dimension names in future, in order to be more consistent with `DataArray.dims`. To access a mapping from dimension names to lengths, please use `Dataset.sizes`.
  num_inputs = prev_inputs.dims["time"]
/home/ubuntu/Vayuh/data/eric/S2S_ExtremeWeather/third_party/graphcast/graphcast/rollout.py:437: FutureWarning: In a future version of xarray the default value for compat will change from compat='equals' to compat='override'. This change will result in the following ValueError: Cannot specify both data_vars='different' and compat='override'. The recommendation is to set compat explicitly for this case.
  xarray.concat(
  [w4 0p25] p90_20231107: member 20/24  step 1/42
I0723 01:34:44.701063 21162635299712 rollout.py:361] Chunk 1/42
  [w4 0p25] p90_20231107: member 20/24  step 2/42
I0723 01:35:12.745451 21162635299712 rollout.py:361] Chunk 2/42
  [w4 0p25] p90_20231107: member 20/24  step 3/42
I0723 01:35:40.770763 21162635299712 rollout.py:361] Chunk 3/42
  [w4 0p25] p90_20231107: member 20/24  step 4/42
I0723 01:36:08.804124 21162635299712 rollout.py:361] Chunk 4/42
  [w4 0p25] p90_20231107: member 20/24  step 5/42
I0723 01:36:36.847279 21162635299712 rollout.py:361] Chunk 5/42
  [w4 0p25] p90_20231107: member 20/24  step 6/42
I0723 01:37:04.866998 21162635299712 rollout.py:361] Chunk 6/42
  [w4 0p25] p90_20231107: member 20/24  step 7/42
I0723 01:37:32.880465 21162635299712 rollout.py:361] Chunk 7/42
  [w4 0p25] p90_20231107: member 20/24  step 8/42
I0723 01:38:00.902838 21162635299712 rollout.py:361] Chunk 8/42
  [w4 0p25] p90_20231107: member 20/24  step 9/42
I0723 01:38:28.950482 21162635299712 rollout.py:361] Chunk 9/42
  [w4 0p25] p90_20231107: member 20/24  step 10/42
I0723 01:38:56.978406 21162635299712 rollout.py:361] Chunk 10/42
  [w4 0p25] p90_20231107: member 20/24  step 11/42
I0723 01:39:25.004412 21162635299712 rollout.py:361] Chunk 11/42
  [w4 0p25] p90_20231107: member 20/24  step 12/42
I0723 01:39:53.048058 21162635299712 rollout.py:361] Chunk 12/42
  [w4 0p25] p90_20231107: member 20/24  step 13/42
I0723 01:40:21.083003 21162635299712 rollout.py:361] Chunk 13/42
  [w4 0p25] p90_20231107: member 20/24  step 14/42
I0723 01:40:49.083818 21162635299712 rollout.py:361] Chunk 14/42
  [w4 0p25] p90_20231107: member 20/24  step 15/42
I0723 01:41:17.113715 21162635299712 rollout.py:361] Chunk 15/42
  [w4 0p25] p90_20231107: member 20/24  step 16/42
I0723 01:41:45.160206 21162635299712 rollout.py:361] Chunk 16/42
  [w4 0p25] p90_20231107: member 20/24  step 17/42
I0723 01:42:13.187380 21162635299712 rollout.py:361] Chunk 17/42
  [w4 0p25] p90_20231107: member 20/24  step 18/42
I0723 01:42:41.226225 21162635299712 rollout.py:361] Chunk 18/42
  [w4 0p25] p90_20231107: member 20/24  step 19/42
I0723 01:43:09.258764 21162635299712 rollout.py:361] Chunk 19/42
  [w4 0p25] p90_20231107: member 20/24  step 20/42
I0723 01:43:37.305934 21162635299712 rollout.py:361] Chunk 20/42
  [w4 0p25] p90_20231107: member 20/24  step 21/42
I0723 01:44:05.347572 21162635299712 rollout.py:361] Chunk 21/42
  [w4 0p25] p90_20231107: member 20/24  step 22/42
I0723 01:44:33.385393 21162635299712 rollout.py:361] Chunk 22/42
  [w4 0p25] p90_20231107: member 20/24  step 23/42
I0723 01:45:01.384724 21162635299712 rollout.py:361] Chunk 23/42
  [w4 0p25] p90_20231107: member 20/24  step 24/42
I0723 01:45:29.424501 21162635299712 rollout.py:361] Chunk 24/42
  [w4 0p25] p90_20231107: member 20/24  step 25/42
I0723 01:45:57.462042 21162635299712 rollout.py:361] Chunk 25/42
  [w4 0p25] p90_20231107: member 20/24  step 26/42
I0723 01:46:25.508243 21162635299712 rollout.py:361] Chunk 26/42
  [w4 0p25] p90_20231107: member 20/24  step 27/42
I0723 01:46:53.532441 21162635299712 rollout.py:361] Chunk 27/42
  [w4 0p25] p90_20231107: member 20/24  step 28/42
I0723 01:47:21.561573 21162635299712 rollout.py:361] Chunk 28/42
  [w4 0p25] p90_20231107: member 20/24  step 29/42
I0723 01:47:49.588660 21162635299712 rollout.py:361] Chunk 29/42
  [w4 0p25] p90_20231107: member 20/24  step 30/42
I0723 01:48:17.624384 21162635299712 rollout.py:361] Chunk 30/42
  [w4 0p25] p90_20231107: member 20/24  step 31/42
I0723 01:48:45.661442 21162635299712 rollout.py:361] Chunk 31/42
  [w4 0p25] p90_20231107: member 20/24  step 32/42
I0723 01:49:13.702972 21162635299712 rollout.py:361] Chunk 32/42
  [w4 0p25] p90_20231107: member 20/24  step 33/42
I0723 01:49:41.751063 21162635299712 rollout.py:361] Chunk 33/42
  [w4 0p25] p90_20231107: member 20/24  step 34/42
I0723 01:50:09.763322 21162635299712 rollout.py:361] Chunk 34/42
  [w4 0p25] p90_20231107: member 20/24  step 35/42
I0723 01:50:37.806199 21162635299712 rollout.py:361] Chunk 35/42
  [w4 0p25] p90_20231107: member 20/24  step 36/42
I0723 01:51:05.860197 21162635299712 rollout.py:361] Chunk 36/42
  [w4 0p25] p90_20231107: member 20/24  step 37/42
I0723 01:51:33.887301 21162635299712 rollout.py:361] Chunk 37/42
  [w4 0p25] p90_20231107: member 20/24  step 38/42
I0723 01:52:01.913882 21162635299712 rollout.py:361] Chunk 38/42
  [w4 0p25] p90_20231107: member 20/24  step 39/42
I0723 01:52:29.964366 21162635299712 rollout.py:361] Chunk 39/42
  [w4 0p25] p90_20231107: member 20/24  step 40/42
I0723 01:52:58.010295 21162635299712 rollout.py:361] Chunk 40/42
  [w4 0p25] p90_20231107: member 20/24  step 41/42
I0723 01:53:26.057531 21162635299712 rollout.py:361] Chunk 41/42
  [w4 0p25] p90_20231107: member 20/24  step 42/42
  [w4 0p25] p90_20231107: member 20/24 saved
p90_20240802 [w4 0p25 week3] pass 1 (event 2/3)
I0723 01:54:25.277382 21162635299712 rollout.py:205] Sample 0/1
/home/ubuntu/Vayuh/data/eric/S2S_ExtremeWeather/third_party/graphcast/graphcast/rollout.py:328: FutureWarning: The return type of `Dataset.dims` will be changed to return a set of dimension names in future, in order to be more consistent with `DataArray.dims`. To access a mapping from dimension names to lengths, please use `Dataset.sizes`.
  num_target_steps = targets_template.dims["time"]
I0723 01:54:25.279200 21162635299712 rollout.py:361] Chunk 0/42
/home/ubuntu/Vayuh/data/eric/S2S_ExtremeWeather/third_party/graphcast/graphcast/rollout.py:435: FutureWarning: The return type of `Dataset.dims` will be changed to return a set of dimension names in future, in order to be more consistent with `DataArray.dims`. To access a mapping from dimension names to lengths, please use `Dataset.sizes`.
  num_inputs = prev_inputs.dims["time"]
/home/ubuntu/Vayuh/data/eric/S2S_ExtremeWeather/third_party/graphcast/graphcast/rollout.py:437: FutureWarning: In a future version of xarray the default value for compat will change from compat='equals' to compat='override'. This change will result in the following ValueError: Cannot specify both data_vars='different' and compat='override'. The recommendation is to set compat explicitly for this case.
  xarray.concat(
  [w4 0p25] p90_20240802: member 4/24  step 1/42
I0723 01:54:53.349253 21162635299712 rollout.py:361] Chunk 1/42
  [w4 0p25] p90_20240802: member 4/24  step 2/42
I0723 01:55:21.364912 21162635299712 rollout.py:361] Chunk 2/42
  [w4 0p25] p90_20240802: member 4/24  step 3/42
I0723 01:55:49.386778 21162635299712 rollout.py:361] Chunk 3/42
  [w4 0p25] p90_20240802: member 4/24  step 4/42
I0723 01:56:17.402291 21162635299712 rollout.py:361] Chunk 4/42
  [w4 0p25] p90_20240802: member 4/24  step 5/42
I0723 01:56:45.425148 21162635299712 rollout.py:361] Chunk 5/42
  [w4 0p25] p90_20240802: member 4/24  step 6/42
I0723 01:57:13.466560 21162635299712 rollout.py:361] Chunk 6/42
  [w4 0p25] p90_20240802: member 4/24  step 7/42
I0723 01:57:41.488259 21162635299712 rollout.py:361] Chunk 7/42
  [w4 0p25] p90_20240802: member 4/24  step 8/42
I0723 01:58:09.512841 21162635299712 rollout.py:361] Chunk 8/42
  [w4 0p25] p90_20240802: member 4/24  step 9/42
I0723 01:58:37.566169 21162635299712 rollout.py:361] Chunk 9/42
  [w4 0p25] p90_20240802: member 4/24  step 10/42
I0723 01:59:05.583646 21162635299712 rollout.py:361] Chunk 10/42
  [w4 0p25] p90_20240802: member 4/24  step 11/42
I0723 01:59:33.624393 21162635299712 rollout.py:361] Chunk 11/42
  [w4 0p25] p90_20240802: member 4/24  step 12/42
I0723 02:00:01.667042 21162635299712 rollout.py:361] Chunk 12/42
  [w4 0p25] p90_20240802: member 4/24  step 13/42
I0723 02:00:29.690450 21162635299712 rollout.py:361] Chunk 13/42
  [w4 0p25] p90_20240802: member 4/24  step 14/42
I0723 02:00:57.719618 21162635299712 rollout.py:361] Chunk 14/42
  [w4 0p25] p90_20240802: member 4/24  step 15/42
I0723 02:01:25.769650 21162635299712 rollout.py:361] Chunk 15/42
  [w4 0p25] p90_20240802: member 4/24  step 16/42
I0723 02:01:53.789059 21162635299712 rollout.py:361] Chunk 16/42
  [w4 0p25] p90_20240802: member 4/24  step 17/42
I0723 02:02:21.834002 21162635299712 rollout.py:361] Chunk 17/42
  [w4 0p25] p90_20240802: member 4/24  step 18/42
I0723 02:02:49.869560 21162635299712 rollout.py:361] Chunk 18/42
  [w4 0p25] p90_20240802: member 4/24  step 19/42
I0723 02:03:17.887662 21162635299712 rollout.py:361] Chunk 19/42
  [w4 0p25] p90_20240802: member 4/24  step 20/42
I0723 02:03:45.892040 21162635299712 rollout.py:361] Chunk 20/42
  [w4 0p25] p90_20240802: member 4/24  step 21/42
I0723 02:04:13.927049 21162635299712 rollout.py:361] Chunk 21/42
  [w4 0p25] p90_20240802: member 4/24  step 22/42
I0723 02:04:41.970380 21162635299712 rollout.py:361] Chunk 22/42
  [w4 0p25] p90_20240802: member 4/24  step 23/42
I0723 02:05:09.987257 21162635299712 rollout.py:361] Chunk 23/42
  [w4 0p25] p90_20240802: member 4/24  step 24/42
I0723 02:05:38.008331 21162635299712 rollout.py:361] Chunk 24/42
  [w4 0p25] p90_20240802: member 4/24  step 25/42
I0723 02:06:06.029583 21162635299712 rollout.py:361] Chunk 25/42
  [w4 0p25] p90_20240802: member 4/24  step 26/42
I0723 02:06:34.066667 21162635299712 rollout.py:361] Chunk 26/42
  [w4 0p25] p90_20240802: member 4/24  step 27/42
I0723 02:07:02.083821 21162635299712 rollout.py:361] Chunk 27/42
  [w4 0p25] p90_20240802: member 4/24  step 28/42
I0723 02:07:30.097949 21162635299712 rollout.py:361] Chunk 28/42
  [w4 0p25] p90_20240802: member 4/24  step 29/42
I0723 02:07:58.107293 21162635299712 rollout.py:361] Chunk 29/42
  [w4 0p25] p90_20240802: member 4/24  step 30/42
I0723 02:08:26.115046 21162635299712 rollout.py:361] Chunk 30/42
  [w4 0p25] p90_20240802: member 4/24  step 31/42
I0723 02:08:54.161162 21162635299712 rollout.py:361] Chunk 31/42
  [w4 0p25] p90_20240802: member 4/24  step 32/42
I0723 02:09:22.175429 21162635299712 rollout.py:361] Chunk 32/42
  [w4 0p25] p90_20240802: member 4/24  step 33/42
I0723 02:09:50.172062 21162635299712 rollout.py:361] Chunk 33/42
  [w4 0p25] p90_20240802: member 4/24  step 34/42
I0723 02:10:18.194587 21162635299712 rollout.py:361] Chunk 34/42
  [w4 0p25] p90_20240802: member 4/24  step 35/42
I0723 02:10:46.235767 21162635299712 rollout.py:361] Chunk 35/42
  [w4 0p25] p90_20240802: member 4/24  step 36/42
I0723 02:11:14.271765 21162635299712 rollout.py:361] Chunk 36/42
  [w4 0p25] p90_20240802: member 4/24  step 37/42
I0723 02:11:42.275055 21162635299712 rollout.py:361] Chunk 37/42
  [w4 0p25] p90_20240802: member 4/24  step 38/42
I0723 02:12:10.296720 21162635299712 rollout.py:361] Chunk 38/42
  [w4 0p25] p90_20240802: member 4/24  step 39/42
I0723 02:12:38.312153 21162635299712 rollout.py:361] Chunk 39/42
  [w4 0p25] p90_20240802: member 4/24  step 40/42
I0723 02:13:06.319356 21162635299712 rollout.py:361] Chunk 40/42
  [w4 0p25] p90_20240802: member 4/24  step 41/42
I0723 02:13:34.358665 21162635299712 rollout.py:361] Chunk 41/42
  [w4 0p25] p90_20240802: member 4/24  step 42/42
  [w4 0p25] p90_20240802: member 4/24 saved
I0723 02:14:10.536537 21162635299712 rollout.py:205] Sample 0/1
/home/ubuntu/Vayuh/data/eric/S2S_ExtremeWeather/third_party/graphcast/graphcast/rollout.py:328: FutureWarning: The return type of `Dataset.dims` will be changed to return a set of dimension names in future, in order to be more consistent with `DataArray.dims`. To access a mapping from dimension names to lengths, please use `Dataset.sizes`.
  num_target_steps = targets_template.dims["time"]
I0723 02:14:10.538187 21162635299712 rollout.py:361] Chunk 0/42
/home/ubuntu/Vayuh/data/eric/S2S_ExtremeWeather/third_party/graphcast/graphcast/rollout.py:435: FutureWarning: The return type of `Dataset.dims` will be changed to return a set of dimension names in future, in order to be more consistent with `DataArray.dims`. To access a mapping from dimension names to lengths, please use `Dataset.sizes`.
  num_inputs = prev_inputs.dims["time"]
/home/ubuntu/Vayuh/data/eric/S2S_ExtremeWeather/third_party/graphcast/graphcast/rollout.py:437: FutureWarning: In a future version of xarray the default value for compat will change from compat='equals' to compat='override'. This change will result in the following ValueError: Cannot specify both data_vars='different' and compat='override'. The recommendation is to set compat explicitly for this case.
  xarray.concat(
  [w4 0p25] p90_20240802: member 11/24  step 1/42
I0723 02:14:38.597141 21162635299712 rollout.py:361] Chunk 1/42
  [w4 0p25] p90_20240802: member 11/24  step 2/42
I0723 02:15:06.615257 21162635299712 rollout.py:361] Chunk 2/42
  [w4 0p25] p90_20240802: member 11/24  step 3/42
I0723 02:15:34.674242 21162635299712 rollout.py:361] Chunk 3/42
  [w4 0p25] p90_20240802: member 11/24  step 4/42
I0723 02:16:02.694381 21162635299712 rollout.py:361] Chunk 4/42
  [w4 0p25] p90_20240802: member 11/24  step 5/42
I0723 02:16:30.697508 21162635299712 rollout.py:361] Chunk 5/42
  [w4 0p25] p90_20240802: member 11/24  step 6/42
I0723 02:16:58.712596 21162635299712 rollout.py:361] Chunk 6/42
  [w4 0p25] p90_20240802: member 11/24  step 7/42
I0723 02:17:26.762531 21162635299712 rollout.py:361] Chunk 7/42
  [w4 0p25] p90_20240802: member 11/24  step 8/42
I0723 02:17:54.782301 21162635299712 rollout.py:361] Chunk 8/42
  [w4 0p25] p90_20240802: member 11/24  step 9/42
I0723 02:18:22.796041 21162635299712 rollout.py:361] Chunk 9/42
  [w4 0p25] p90_20240802: member 11/24  step 10/42
I0723 02:18:50.808081 21162635299712 rollout.py:361] Chunk 10/42
  [w4 0p25] p90_20240802: member 11/24  step 11/42
I0723 02:19:18.821335 21162635299712 rollout.py:361] Chunk 11/42
  [w4 0p25] p90_20240802: member 11/24  step 12/42
I0723 02:19:46.827668 21162635299712 rollout.py:361] Chunk 12/42
  [w4 0p25] p90_20240802: member 11/24  step 13/42
I0723 02:20:14.876277 21162635299712 rollout.py:361] Chunk 13/42
  [w4 0p25] p90_20240802: member 11/24  step 14/42
I0723 02:20:42.921916 21162635299712 rollout.py:361] Chunk 14/42
  [w4 0p25] p90_20240802: member 11/24  step 15/42
I0723 02:21:10.964593 21162635299712 rollout.py:361] Chunk 15/42
  [w4 0p25] p90_20240802: member 11/24  step 16/42
I0723 02:21:39.001872 21162635299712 rollout.py:361] Chunk 16/42
  [w4 0p25] p90_20240802: member 11/24  step 17/42
I0723 02:22:07.018938 21162635299712 rollout.py:361] Chunk 17/42
  [w4 0p25] p90_20240802: member 11/24  step 18/42
I0723 02:22:35.065270 21162635299712 rollout.py:361] Chunk 18/42
  [w4 0p25] p90_20240802: member 11/24  step 19/42
I0723 02:23:03.099290 21162635299712 rollout.py:361] Chunk 19/42
  [w4 0p25] p90_20240802: member 11/24  step 20/42
I0723 02:23:31.143079 21162635299712 rollout.py:361] Chunk 20/42
  [w4 0p25] p90_20240802: member 11/24  step 21/42
I0723 02:23:59.177395 21162635299712 rollout.py:361] Chunk 21/42
  [w4 0p25] p90_20240802: member 11/24  step 22/42
I0723 02:24:27.201850 21162635299712 rollout.py:361] Chunk 22/42
  [w4 0p25] p90_20240802: member 11/24  step 23/42
I0723 02:24:55.221430 21162635299712 rollout.py:361] Chunk 23/42
  [w4 0p25] p90_20240802: member 11/24  step 24/42
I0723 02:25:23.253018 21162635299712 rollout.py:361] Chunk 24/42
  [w4 0p25] p90_20240802: member 11/24  step 25/42
I0723 02:25:51.278481 21162635299712 rollout.py:361] Chunk 25/42
  [w4 0p25] p90_20240802: member 11/24  step 26/42
I0723 02:26:19.298942 21162635299712 rollout.py:361] Chunk 26/42
  [w4 0p25] p90_20240802: member 11/24  step 27/42
I0723 02:26:47.304384 21162635299712 rollout.py:361] Chunk 27/42
  [w4 0p25] p90_20240802: member 11/24  step 28/42
I0723 02:27:15.320973 21162635299712 rollout.py:361] Chunk 28/42
  [w4 0p25] p90_20240802: member 11/24  step 29/42
I0723 02:27:43.365049 21162635299712 rollout.py:361] Chunk 29/42
  [w4 0p25] p90_20240802: member 11/24  step 30/42
I0723 02:28:11.393389 21162635299712 rollout.py:361] Chunk 30/42
  [w4 0p25] p90_20240802: member 11/24  step 31/42
I0723 02:28:39.421813 21162635299712 rollout.py:361] Chunk 31/42
  [w4 0p25] p90_20240802: member 11/24  step 32/42
I0723 02:29:07.468776 21162635299712 rollout.py:361] Chunk 32/42
  [w4 0p25] p90_20240802: member 11/24  step 33/42
I0723 02:29:35.484468 21162635299712 rollout.py:361] Chunk 33/42
  [w4 0p25] p90_20240802: member 11/24  step 34/42
I0723 02:30:03.528467 21162635299712 rollout.py:361] Chunk 34/42
  [w4 0p25] p90_20240802: member 11/24  step 35/42
I0723 02:30:31.579643 21162635299712 rollout.py:361] Chunk 35/42
  [w4 0p25] p90_20240802: member 11/24  step 36/42
I0723 02:30:59.624952 21162635299712 rollout.py:361] Chunk 36/42
  [w4 0p25] p90_20240802: member 11/24  step 37/42
I0723 02:31:27.666188 21162635299712 rollout.py:361] Chunk 37/42
  [w4 0p25] p90_20240802: member 11/24  step 38/42
I0723 02:31:55.709146 21162635299712 rollout.py:361] Chunk 38/42
  [w4 0p25] p90_20240802: member 11/24  step 39/42
I0723 02:32:23.739917 21162635299712 rollout.py:361] Chunk 39/42
  [w4 0p25] p90_20240802: member 11/24  step 40/42
I0723 02:32:51.781658 21162635299712 rollout.py:361] Chunk 40/42
  [w4 0p25] p90_20240802: member 11/24  step 41/42
I0723 02:33:19.825898 21162635299712 rollout.py:361] Chunk 41/42
  [w4 0p25] p90_20240802: member 11/24  step 42/42
  [w4 0p25] p90_20240802: member 11/24 saved
I0723 02:33:55.982888 21162635299712 rollout.py:205] Sample 0/1
/home/ubuntu/Vayuh/data/eric/S2S_ExtremeWeather/third_party/graphcast/graphcast/rollout.py:328: FutureWarning: The return type of `Dataset.dims` will be changed to return a set of dimension names in future, in order to be more consistent with `DataArray.dims`. To access a mapping from dimension names to lengths, please use `Dataset.sizes`.
  num_target_steps = targets_template.dims["time"]
I0723 02:33:55.984735 21162635299712 rollout.py:361] Chunk 0/42
/home/ubuntu/Vayuh/data/eric/S2S_ExtremeWeather/third_party/graphcast/graphcast/rollout.py:435: FutureWarning: The return type of `Dataset.dims` will be changed to return a set of dimension names in future, in order to be more consistent with `DataArray.dims`. To access a mapping from dimension names to lengths, please use `Dataset.sizes`.
  num_inputs = prev_inputs.dims["time"]
/home/ubuntu/Vayuh/data/eric/S2S_ExtremeWeather/third_party/graphcast/graphcast/rollout.py:437: FutureWarning: In a future version of xarray the default value for compat will change from compat='equals' to compat='override'. This change will result in the following ValueError: Cannot specify both data_vars='different' and compat='override'. The recommendation is to set compat explicitly for this case.
  xarray.concat(
  [w4 0p25] p90_20240802: member 19/24  step 1/42
I0723 02:34:24.043766 21162635299712 rollout.py:361] Chunk 1/42
  [w4 0p25] p90_20240802: member 19/24  step 2/42
I0723 02:34:52.080782 21162635299712 rollout.py:361] Chunk 2/42
  [w4 0p25] p90_20240802: member 19/24  step 3/42
I0723 02:35:20.105599 21162635299712 rollout.py:361] Chunk 3/42
  [w4 0p25] p90_20240802: member 19/24  step 4/42
I0723 02:35:48.126370 21162635299712 rollout.py:361] Chunk 4/42
  [w4 0p25] p90_20240802: member 19/24  step 5/42
I0723 02:36:16.171054 21162635299712 rollout.py:361] Chunk 5/42
  [w4 0p25] p90_20240802: member 19/24  step 6/42
I0723 02:36:44.205166 21162635299712 rollout.py:361] Chunk 6/42
  [w4 0p25] p90_20240802: member 19/24  step 7/42
I0723 02:37:12.222855 21162635299712 rollout.py:361] Chunk 7/42
  [w4 0p25] p90_20240802: member 19/24  step 8/42
I0723 02:37:40.270789 21162635299712 rollout.py:361] Chunk 8/42
  [w4 0p25] p90_20240802: member 19/24  step 9/42
I0723 02:38:08.299023 21162635299712 rollout.py:361] Chunk 9/42
  [w4 0p25] p90_20240802: member 19/24  step 10/42
I0723 02:38:36.324466 21162635299712 rollout.py:361] Chunk 10/42
  [w4 0p25] p90_20240802: member 19/24  step 11/42
I0723 02:39:04.370841 21162635299712 rollout.py:361] Chunk 11/42
  [w4 0p25] p90_20240802: member 19/24  step 12/42
I0723 02:39:32.404129 21162635299712 rollout.py:361] Chunk 12/42
  [w4 0p25] p90_20240802: member 19/24  step 13/42
I0723 02:40:00.431721 21162635299712 rollout.py:361] Chunk 13/42
