=== xres 0p25 (GenCast 0.25deg): week3, lead 21d, 42 steps, 24 members, serial worker 4 ===
p90_20231107 [w4 0p25 week3] pass 1 (event 1/3)
p90_20240802 [w4 0p25 week3] pass 1 (event 2/3)
WARNING: Logging before flag parsing goes to stderr.
I0723 17:32:51.758704 7639837494144 xla_bridge.py:849] Unable to initialize backend 'tpu': INTERNAL: Failed to open libtpu.so: libtpu.so: cannot open shared object file: No such file or directory
[model] serial infer on 1 device(s); ensemble=24 (24 sample(s), one at a time). task pressure levels: 13
I0723 17:34:41.884148 7639837494144 rollout.py:205] Sample 0/1
/home/ubuntu/Vayuh/data/eric/S2S_ExtremeWeather/third_party/graphcast/graphcast/rollout.py:328: FutureWarning: The return type of `Dataset.dims` will be changed to return a set of dimension names in future, in order to be more consistent with `DataArray.dims`. To access a mapping from dimension names to lengths, please use `Dataset.sizes`.
  num_target_steps = targets_template.dims["time"]
I0723 17:34:41.887077 7639837494144 rollout.py:361] Chunk 0/42
/home/ubuntu/miniconda3/envs/moe/lib/python3.12/site-packages/scipy/sparse/_index.py:210: SparseEfficiencyWarning: Changing the sparsity structure of a csr_matrix is expensive. lil and dok are more efficient.
  self._set_arrayXarray(i, j, x)
/home/ubuntu/miniconda3/envs/moe/lib/python3.12/site-packages/scipy/sparse/_index.py:210: SparseEfficiencyWarning: Changing the sparsity structure of a csr_matrix is expensive. lil and dok are more efficient.
  self._set_arrayXarray(i, j, x)
I0723 17:47:21.709068 7639837494144 sparse_transformer.py:507] mask_block_size: 10273.
/home/ubuntu/miniconda3/envs/moe/lib/python3.12/site-packages/jax/_src/compiler.py:833: UserWarning: Error writing persistent compilation cache entry for 'jit_apply_fn': JaxRuntimeError: RESOURCE_EXHAUSTED: Failed to serialize message of type xla.gpu.GpuExecutableProto because its size must be smaller than 2GiB: 4171375981; at byte 0; at uncompressed byte 0; at byte 2909
	failed to serialize the rest of the fields in GpuExecutableProto split proto (all fields except asm_text, binary, dnn_compiled_graphs, and constants)
  warnings.warn(
/home/ubuntu/Vayuh/data/eric/S2S_ExtremeWeather/third_party/graphcast/graphcast/rollout.py:435: FutureWarning: The return type of `Dataset.dims` will be changed to return a set of dimension names in future, in order to be more consistent with `DataArray.dims`. To access a mapping from dimension names to lengths, please use `Dataset.sizes`.
  num_inputs = prev_inputs.dims["time"]
/home/ubuntu/Vayuh/data/eric/S2S_ExtremeWeather/third_party/graphcast/graphcast/rollout.py:437: FutureWarning: In a future version of xarray the default value for compat will change from compat='equals' to compat='override'. This change will result in the following ValueError: Cannot specify both data_vars='different' and compat='override'. The recommendation is to set compat explicitly for this case.
  xarray.concat(
  [w4 0p25] p90_20240802: member 18/24  step 1/42
I0723 17:51:13.722403 7639837494144 rollout.py:361] Chunk 1/42
  [w4 0p25] p90_20240802: member 18/24  step 2/42
I0723 17:51:41.776454 7639837494144 rollout.py:361] Chunk 2/42
  [w4 0p25] p90_20240802: member 18/24  step 3/42
I0723 17:52:09.825788 7639837494144 rollout.py:361] Chunk 3/42
  [w4 0p25] p90_20240802: member 18/24  step 4/42
I0723 17:52:37.881051 7639837494144 rollout.py:361] Chunk 4/42
  [w4 0p25] p90_20240802: member 18/24  step 5/42
I0723 17:53:05.925310 7639837494144 rollout.py:361] Chunk 5/42
  [w4 0p25] p90_20240802: member 18/24  step 6/42
I0723 17:53:33.975209 7639837494144 rollout.py:361] Chunk 6/42
  [w4 0p25] p90_20240802: member 18/24  step 7/42
I0723 17:54:02.025881 7639837494144 rollout.py:361] Chunk 7/42
  [w4 0p25] p90_20240802: member 18/24  step 8/42
I0723 17:54:30.087885 7639837494144 rollout.py:361] Chunk 8/42
  [w4 0p25] p90_20240802: member 18/24  step 9/42
I0723 17:54:58.147247 7639837494144 rollout.py:361] Chunk 9/42
  [w4 0p25] p90_20240802: member 18/24  step 10/42
I0723 17:55:26.187592 7639837494144 rollout.py:361] Chunk 10/42
  [w4 0p25] p90_20240802: member 18/24  step 11/42
I0723 17:55:54.231036 7639837494144 rollout.py:361] Chunk 11/42
  [w4 0p25] p90_20240802: member 18/24  step 12/42
I0723 17:56:22.289286 7639837494144 rollout.py:361] Chunk 12/42
  [w4 0p25] p90_20240802: member 18/24  step 13/42
I0723 17:56:50.356841 7639837494144 rollout.py:361] Chunk 13/42
  [w4 0p25] p90_20240802: member 18/24  step 14/42
I0723 17:57:18.398485 7639837494144 rollout.py:361] Chunk 14/42
  [w4 0p25] p90_20240802: member 18/24  step 15/42
I0723 17:57:46.454013 7639837494144 rollout.py:361] Chunk 15/42
  [w4 0p25] p90_20240802: member 18/24  step 16/42
I0723 17:58:14.500848 7639837494144 rollout.py:361] Chunk 16/42
  [w4 0p25] p90_20240802: member 18/24  step 17/42
I0723 17:58:42.573279 7639837494144 rollout.py:361] Chunk 17/42
  [w4 0p25] p90_20240802: member 18/24  step 18/42
I0723 17:59:10.638821 7639837494144 rollout.py:361] Chunk 18/42
  [w4 0p25] p90_20240802: member 18/24  step 19/42
I0723 17:59:38.704965 7639837494144 rollout.py:361] Chunk 19/42
  [w4 0p25] p90_20240802: member 18/24  step 20/42
I0723 18:00:06.781261 7639837494144 rollout.py:361] Chunk 20/42
  [w4 0p25] p90_20240802: member 18/24  step 21/42
I0723 18:00:34.833562 7639837494144 rollout.py:361] Chunk 21/42
  [w4 0p25] p90_20240802: member 18/24  step 22/42
I0723 18:01:02.889667 7639837494144 rollout.py:361] Chunk 22/42
  [w4 0p25] p90_20240802: member 18/24  step 23/42
I0723 18:01:30.952910 7639837494144 rollout.py:361] Chunk 23/42
  [w4 0p25] p90_20240802: member 18/24  step 24/42
I0723 18:01:59.022625 7639837494144 rollout.py:361] Chunk 24/42
  [w4 0p25] p90_20240802: member 18/24  step 25/42
I0723 18:02:27.089219 7639837494144 rollout.py:361] Chunk 25/42
  [w4 0p25] p90_20240802: member 18/24  step 26/42
I0723 18:02:55.175552 7639837494144 rollout.py:361] Chunk 26/42
  [w4 0p25] p90_20240802: member 18/24  step 27/42
I0723 18:03:23.235978 7639837494144 rollout.py:361] Chunk 27/42
  [w4 0p25] p90_20240802: member 18/24  step 28/42
I0723 18:03:51.305649 7639837494144 rollout.py:361] Chunk 28/42
  [w4 0p25] p90_20240802: member 18/24  step 29/42
I0723 18:04:19.383895 7639837494144 rollout.py:361] Chunk 29/42
  [w4 0p25] p90_20240802: member 18/24  step 30/42
I0723 18:04:47.454734 7639837494144 rollout.py:361] Chunk 30/42
  [w4 0p25] p90_20240802: member 18/24  step 31/42
I0723 18:05:15.521526 7639837494144 rollout.py:361] Chunk 31/42
  [w4 0p25] p90_20240802: member 18/24  step 32/42
I0723 18:05:43.588092 7639837494144 rollout.py:361] Chunk 32/42
  [w4 0p25] p90_20240802: member 18/24  step 33/42
I0723 18:06:11.679163 7639837494144 rollout.py:361] Chunk 33/42
  [w4 0p25] p90_20240802: member 18/24  step 34/42
I0723 18:06:39.737251 7639837494144 rollout.py:361] Chunk 34/42
  [w4 0p25] p90_20240802: member 18/24  step 35/42
I0723 18:07:07.794324 7639837494144 rollout.py:361] Chunk 35/42
  [w4 0p25] p90_20240802: member 18/24  step 36/42
I0723 18:07:35.870837 7639837494144 rollout.py:361] Chunk 36/42
  [w4 0p25] p90_20240802: member 18/24  step 37/42
I0723 18:08:03.951972 7639837494144 rollout.py:361] Chunk 37/42
  [w4 0p25] p90_20240802: member 18/24  step 38/42
I0723 18:08:31.992700 7639837494144 rollout.py:361] Chunk 38/42
  [w4 0p25] p90_20240802: member 18/24  step 39/42
I0723 18:09:00.082955 7639837494144 rollout.py:361] Chunk 39/42
  [w4 0p25] p90_20240802: member 18/24  step 40/42
I0723 18:09:28.138093 7639837494144 rollout.py:361] Chunk 40/42
  [w4 0p25] p90_20240802: member 18/24  step 41/42
I0723 18:09:56.198853 7639837494144 rollout.py:361] Chunk 41/42
  [w4 0p25] p90_20240802: member 18/24  step 42/42
  [w4 0p25] p90_20240802: member 18/24 saved
p90_20251224 [w4 0p25 week3] pass 1 (event 3/3)
I0723 18:10:58.030843 7639837494144 rollout.py:205] Sample 0/1
/home/ubuntu/Vayuh/data/eric/S2S_ExtremeWeather/third_party/graphcast/graphcast/rollout.py:328: FutureWarning: The return type of `Dataset.dims` will be changed to return a set of dimension names in future, in order to be more consistent with `DataArray.dims`. To access a mapping from dimension names to lengths, please use `Dataset.sizes`.
  num_target_steps = targets_template.dims["time"]
I0723 18:10:58.032757 7639837494144 rollout.py:361] Chunk 0/42
/home/ubuntu/Vayuh/data/eric/S2S_ExtremeWeather/third_party/graphcast/graphcast/rollout.py:435: FutureWarning: The return type of `Dataset.dims` will be changed to return a set of dimension names in future, in order to be more consistent with `DataArray.dims`. To access a mapping from dimension names to lengths, please use `Dataset.sizes`.
  num_inputs = prev_inputs.dims["time"]
/home/ubuntu/Vayuh/data/eric/S2S_ExtremeWeather/third_party/graphcast/graphcast/rollout.py:437: FutureWarning: In a future version of xarray the default value for compat will change from compat='equals' to compat='override'. This change will result in the following ValueError: Cannot specify both data_vars='different' and compat='override'. The recommendation is to set compat explicitly for this case.
  xarray.concat(
  [w4 0p25] p90_20251224: member 2/24  step 1/42
I0723 18:11:26.136025 7639837494144 rollout.py:361] Chunk 1/42
  [w4 0p25] p90_20251224: member 2/24  step 2/42
I0723 18:11:54.188656 7639837494144 rollout.py:361] Chunk 2/42
  [w4 0p25] p90_20251224: member 2/24  step 3/42
I0723 18:12:22.266088 7639837494144 rollout.py:361] Chunk 3/42
  [w4 0p25] p90_20251224: member 2/24  step 4/42
I0723 18:12:50.314476 7639837494144 rollout.py:361] Chunk 4/42
  [w4 0p25] p90_20251224: member 2/24  step 5/42
I0723 18:13:18.391128 7639837494144 rollout.py:361] Chunk 5/42
  [w4 0p25] p90_20251224: member 2/24  step 6/42
I0723 18:13:46.463226 7639837494144 rollout.py:361] Chunk 6/42
  [w4 0p25] p90_20251224: member 2/24  step 7/42
I0723 18:14:14.513705 7639837494144 rollout.py:361] Chunk 7/42
  [w4 0p25] p90_20251224: member 2/24  step 8/42
I0723 18:14:42.581016 7639837494144 rollout.py:361] Chunk 8/42
  [w4 0p25] p90_20251224: member 2/24  step 9/42
I0723 18:15:10.636017 7639837494144 rollout.py:361] Chunk 9/42
  [w4 0p25] p90_20251224: member 2/24  step 10/42
I0723 18:15:38.693189 7639837494144 rollout.py:361] Chunk 10/42
  [w4 0p25] p90_20251224: member 2/24  step 11/42
I0723 18:16:06.742689 7639837494144 rollout.py:361] Chunk 11/42
  [w4 0p25] p90_20251224: member 2/24  step 12/42
I0723 18:16:34.794799 7639837494144 rollout.py:361] Chunk 12/42
  [w4 0p25] p90_20251224: member 2/24  step 13/42
I0723 18:17:02.878280 7639837494144 rollout.py:361] Chunk 13/42
  [w4 0p25] p90_20251224: member 2/24  step 14/42
I0723 18:17:30.928386 7639837494144 rollout.py:361] Chunk 14/42
  [w4 0p25] p90_20251224: member 2/24  step 15/42
I0723 18:17:58.984934 7639837494144 rollout.py:361] Chunk 15/42
  [w4 0p25] p90_20251224: member 2/24  step 16/42
I0723 18:18:27.026101 7639837494144 rollout.py:361] Chunk 16/42
  [w4 0p25] p90_20251224: member 2/24  step 17/42
I0723 18:18:55.079187 7639837494144 rollout.py:361] Chunk 17/42
  [w4 0p25] p90_20251224: member 2/24  step 18/42
I0723 18:19:23.131104 7639837494144 rollout.py:361] Chunk 18/42
  [w4 0p25] p90_20251224: member 2/24  step 19/42
I0723 18:19:51.180538 7639837494144 rollout.py:361] Chunk 19/42
  [w4 0p25] p90_20251224: member 2/24  step 20/42
I0723 18:20:19.255883 7639837494144 rollout.py:361] Chunk 20/42
  [w4 0p25] p90_20251224: member 2/24  step 21/42
I0723 18:20:47.303723 7639837494144 rollout.py:361] Chunk 21/42
  [w4 0p25] p90_20251224: member 2/24  step 22/42
I0723 18:21:15.375669 7639837494144 rollout.py:361] Chunk 22/42
  [w4 0p25] p90_20251224: member 2/24  step 23/42
I0723 18:21:43.447232 7639837494144 rollout.py:361] Chunk 23/42
  [w4 0p25] p90_20251224: member 2/24  step 24/42
I0723 18:22:11.518449 7639837494144 rollout.py:361] Chunk 24/42
  [w4 0p25] p90_20251224: member 2/24  step 25/42
I0723 18:22:39.587410 7639837494144 rollout.py:361] Chunk 25/42
  [w4 0p25] p90_20251224: member 2/24  step 26/42
I0723 18:23:07.658129 7639837494144 rollout.py:361] Chunk 26/42
  [w4 0p25] p90_20251224: member 2/24  step 27/42
I0723 18:23:35.716246 7639837494144 rollout.py:361] Chunk 27/42
  [w4 0p25] p90_20251224: member 2/24  step 28/42
I0723 18:24:03.785946 7639837494144 rollout.py:361] Chunk 28/42
  [w4 0p25] p90_20251224: member 2/24  step 29/42
I0723 18:24:31.868615 7639837494144 rollout.py:361] Chunk 29/42
  [w4 0p25] p90_20251224: member 2/24  step 30/42
I0723 18:24:59.916260 7639837494144 rollout.py:361] Chunk 30/42
  [w4 0p25] p90_20251224: member 2/24  step 31/42
I0723 18:25:27.997506 7639837494144 rollout.py:361] Chunk 31/42
  [w4 0p25] p90_20251224: member 2/24  step 32/42
I0723 18:25:56.083615 7639837494144 rollout.py:361] Chunk 32/42
  [w4 0p25] p90_20251224: member 2/24  step 33/42
I0723 18:26:24.168334 7639837494144 rollout.py:361] Chunk 33/42
  [w4 0p25] p90_20251224: member 2/24  step 34/42
I0723 18:26:52.215731 7639837494144 rollout.py:361] Chunk 34/42
  [w4 0p25] p90_20251224: member 2/24  step 35/42
I0723 18:27:20.294601 7639837494144 rollout.py:361] Chunk 35/42
  [w4 0p25] p90_20251224: member 2/24  step 36/42
I0723 18:27:48.371035 7639837494144 rollout.py:361] Chunk 36/42
  [w4 0p25] p90_20251224: member 2/24  step 37/42
I0723 18:28:16.419617 7639837494144 rollout.py:361] Chunk 37/42
  [w4 0p25] p90_20251224: member 2/24  step 38/42
I0723 18:28:44.488614 7639837494144 rollout.py:361] Chunk 38/42
  [w4 0p25] p90_20251224: member 2/24  step 39/42
I0723 18:29:12.561065 7639837494144 rollout.py:361] Chunk 39/42
  [w4 0p25] p90_20251224: member 2/24  step 40/42
I0723 18:29:40.607818 7639837494144 rollout.py:361] Chunk 40/42
  [w4 0p25] p90_20251224: member 2/24  step 41/42
I0723 18:30:08.687110 7639837494144 rollout.py:361] Chunk 41/42
  [w4 0p25] p90_20251224: member 2/24  step 42/42
  [w4 0p25] p90_20251224: member 2/24 saved
I0723 18:30:45.020545 7639837494144 rollout.py:205] Sample 0/1
/home/ubuntu/Vayuh/data/eric/S2S_ExtremeWeather/third_party/graphcast/graphcast/rollout.py:328: FutureWarning: The return type of `Dataset.dims` will be changed to return a set of dimension names in future, in order to be more consistent with `DataArray.dims`. To access a mapping from dimension names to lengths, please use `Dataset.sizes`.
  num_target_steps = targets_template.dims["time"]
I0723 18:30:45.022241 7639837494144 rollout.py:361] Chunk 0/42
/home/ubuntu/Vayuh/data/eric/S2S_ExtremeWeather/third_party/graphcast/graphcast/rollout.py:435: FutureWarning: The return type of `Dataset.dims` will be changed to return a set of dimension names in future, in order to be more consistent with `DataArray.dims`. To access a mapping from dimension names to lengths, please use `Dataset.sizes`.
  num_inputs = prev_inputs.dims["time"]
/home/ubuntu/Vayuh/data/eric/S2S_ExtremeWeather/third_party/graphcast/graphcast/rollout.py:437: FutureWarning: In a future version of xarray the default value for compat will change from compat='equals' to compat='override'. This change will result in the following ValueError: Cannot specify both data_vars='different' and compat='override'. The recommendation is to set compat explicitly for this case.
  xarray.concat(
  [w4 0p25] p90_20251224: member 10/24  step 1/42
I0723 18:31:13.123731 7639837494144 rollout.py:361] Chunk 1/42
  [w4 0p25] p90_20251224: member 10/24  step 2/42
I0723 18:31:41.196559 7639837494144 rollout.py:361] Chunk 2/42
  [w4 0p25] p90_20251224: member 10/24  step 3/42
I0723 18:32:09.284296 7639837494144 rollout.py:361] Chunk 3/42
  [w4 0p25] p90_20251224: member 10/24  step 4/42
I0723 18:32:37.372684 7639837494144 rollout.py:361] Chunk 4/42
  [w4 0p25] p90_20251224: member 10/24  step 5/42
I0723 18:33:05.418399 7639837494144 rollout.py:361] Chunk 5/42
  [w4 0p25] p90_20251224: member 10/24  step 6/42
I0723 18:33:33.499558 7639837494144 rollout.py:361] Chunk 6/42
  [w4 0p25] p90_20251224: member 10/24  step 7/42
I0723 18:34:01.576028 7639837494144 rollout.py:361] Chunk 7/42
  [w4 0p25] p90_20251224: member 10/24  step 8/42
I0723 18:34:29.619182 7639837494144 rollout.py:361] Chunk 8/42
  [w4 0p25] p90_20251224: member 10/24  step 9/42
I0723 18:34:57.690210 7639837494144 rollout.py:361] Chunk 9/42
  [w4 0p25] p90_20251224: member 10/24  step 10/42
I0723 18:35:25.743881 7639837494144 rollout.py:361] Chunk 10/42
  [w4 0p25] p90_20251224: member 10/24  step 11/42
I0723 18:35:53.797460 7639837494144 rollout.py:361] Chunk 11/42
  [w4 0p25] p90_20251224: member 10/24  step 12/42
I0723 18:36:21.872482 7639837494144 rollout.py:361] Chunk 12/42
  [w4 0p25] p90_20251224: member 10/24  step 13/42
I0723 18:36:49.915216 7639837494144 rollout.py:361] Chunk 13/42
  [w4 0p25] p90_20251224: member 10/24  step 14/42
I0723 18:37:17.985366 7639837494144 rollout.py:361] Chunk 14/42
  [w4 0p25] p90_20251224: member 10/24  step 15/42
I0723 18:37:46.062621 7639837494144 rollout.py:361] Chunk 15/42
  [w4 0p25] p90_20251224: member 10/24  step 16/42
I0723 18:38:14.110306 7639837494144 rollout.py:361] Chunk 16/42
  [w4 0p25] p90_20251224: member 10/24  step 17/42
I0723 18:38:42.196187 7639837494144 rollout.py:361] Chunk 17/42
  [w4 0p25] p90_20251224: member 10/24  step 18/42
I0723 18:39:10.246633 7639837494144 rollout.py:361] Chunk 18/42
  [w4 0p25] p90_20251224: member 10/24  step 19/42
I0723 18:39:38.305907 7639837494144 rollout.py:361] Chunk 19/42
  [w4 0p25] p90_20251224: member 10/24  step 20/42
I0723 18:40:06.384254 7639837494144 rollout.py:361] Chunk 20/42
  [w4 0p25] p90_20251224: member 10/24  step 21/42
I0723 18:40:34.439687 7639837494144 rollout.py:361] Chunk 21/42
  [w4 0p25] p90_20251224: member 10/24  step 22/42
I0723 18:41:02.498785 7639837494144 rollout.py:361] Chunk 22/42
  [w4 0p25] p90_20251224: member 10/24  step 23/42
I0723 18:41:30.565266 7639837494144 rollout.py:361] Chunk 23/42
  [w4 0p25] p90_20251224: member 10/24  step 24/42
I0723 18:41:58.609320 7639837494144 rollout.py:361] Chunk 24/42
  [w4 0p25] p90_20251224: member 10/24  step 25/42
I0723 18:42:26.680158 7639837494144 rollout.py:361] Chunk 25/42
  [w4 0p25] p90_20251224: member 10/24  step 26/42
I0723 18:42:54.719842 7639837494144 rollout.py:361] Chunk 26/42
  [w4 0p25] p90_20251224: member 10/24  step 27/42
I0723 18:43:22.788974 7639837494144 rollout.py:361] Chunk 27/42
  [w4 0p25] p90_20251224: member 10/24  step 28/42
I0723 18:43:50.853385 7639837494144 rollout.py:361] Chunk 28/42
  [w4 0p25] p90_20251224: member 10/24  step 29/42
I0723 18:44:18.899616 7639837494144 rollout.py:361] Chunk 29/42
  [w4 0p25] p90_20251224: member 10/24  step 30/42
I0723 18:44:46.945216 7639837494144 rollout.py:361] Chunk 30/42
  [w4 0p25] p90_20251224: member 10/24  step 31/42
I0723 18:45:15.013469 7639837494144 rollout.py:361] Chunk 31/42
  [w4 0p25] p90_20251224: member 10/24  step 32/42
I0723 18:45:43.080959 7639837494144 rollout.py:361] Chunk 32/42
  [w4 0p25] p90_20251224: member 10/24  step 33/42
I0723 18:46:11.159519 7639837494144 rollout.py:361] Chunk 33/42
  [w4 0p25] p90_20251224: member 10/24  step 34/42
I0723 18:46:39.222988 7639837494144 rollout.py:361] Chunk 34/42
  [w4 0p25] p90_20251224: member 10/24  step 35/42
I0723 18:47:07.297368 7639837494144 rollout.py:361] Chunk 35/42
  [w4 0p25] p90_20251224: member 10/24  step 36/42
I0723 18:47:35.382866 7639837494144 rollout.py:361] Chunk 36/42
  [w4 0p25] p90_20251224: member 10/24  step 37/42
I0723 18:48:03.444522 7639837494144 rollout.py:361] Chunk 37/42
  [w4 0p25] p90_20251224: member 10/24  step 38/42
I0723 18:48:31.496167 7639837494144 rollout.py:361] Chunk 38/42
  [w4 0p25] p90_20251224: member 10/24  step 39/42
I0723 18:48:59.587961 7639837494144 rollout.py:361] Chunk 39/42
  [w4 0p25] p90_20251224: member 10/24  step 40/42
I0723 18:49:27.642330 7639837494144 rollout.py:361] Chunk 40/42
  [w4 0p25] p90_20251224: member 10/24  step 41/42
I0723 18:49:55.712366 7639837494144 rollout.py:361] Chunk 41/42
  [w4 0p25] p90_20251224: member 10/24  step 42/42
  [w4 0p25] p90_20251224: member 10/24 saved
I0723 18:50:32.160809 7639837494144 rollout.py:205] Sample 0/1
/home/ubuntu/Vayuh/data/eric/S2S_ExtremeWeather/third_party/graphcast/graphcast/rollout.py:328: FutureWarning: The return type of `Dataset.dims` will be changed to return a set of dimension names in future, in order to be more consistent with `DataArray.dims`. To access a mapping from dimension names to lengths, please use `Dataset.sizes`.
  num_target_steps = targets_template.dims["time"]
I0723 18:50:32.162455 7639837494144 rollout.py:361] Chunk 0/42
/home/ubuntu/Vayuh/data/eric/S2S_ExtremeWeather/third_party/graphcast/graphcast/rollout.py:435: FutureWarning: The return type of `Dataset.dims` will be changed to return a set of dimension names in future, in order to be more consistent with `DataArray.dims`. To access a mapping from dimension names to lengths, please use `Dataset.sizes`.
  num_inputs = prev_inputs.dims["time"]
/home/ubuntu/Vayuh/data/eric/S2S_ExtremeWeather/third_party/graphcast/graphcast/rollout.py:437: FutureWarning: In a future version of xarray the default value for compat will change from compat='equals' to compat='override'. This change will result in the following ValueError: Cannot specify both data_vars='different' and compat='override'. The recommendation is to set compat explicitly for this case.
  xarray.concat(
  [w4 0p25] p90_20251224: member 19/24  step 1/42
I0723 18:51:00.265874 7639837494144 rollout.py:361] Chunk 1/42
  [w4 0p25] p90_20251224: member 19/24  step 2/42
I0723 18:51:28.312800 7639837494144 rollout.py:361] Chunk 2/42
  [w4 0p25] p90_20251224: member 19/24  step 3/42
I0723 18:51:56.400474 7639837494144 rollout.py:361] Chunk 3/42
  [w4 0p25] p90_20251224: member 19/24  step 4/42
I0723 18:52:24.483537 7639837494144 rollout.py:361] Chunk 4/42
  [w4 0p25] p90_20251224: member 19/24  step 5/42
I0723 18:52:52.544464 7639837494144 rollout.py:361] Chunk 5/42
  [w4 0p25] p90_20251224: member 19/24  step 6/42
I0723 18:53:20.603966 7639837494144 rollout.py:361] Chunk 6/42
  [w4 0p25] p90_20251224: member 19/24  step 7/42
I0723 18:53:48.671611 7639837494144 rollout.py:361] Chunk 7/42
  [w4 0p25] p90_20251224: member 19/24  step 8/42
I0723 18:54:16.723840 7639837494144 rollout.py:361] Chunk 8/42
  [w4 0p25] p90_20251224: member 19/24  step 9/42
I0723 18:54:44.795355 7639837494144 rollout.py:361] Chunk 9/42
  [w4 0p25] p90_20251224: member 19/24  step 10/42
I0723 18:55:12.851118 7639837494144 rollout.py:361] Chunk 10/42
  [w4 0p25] p90_20251224: member 19/24  step 11/42
I0723 18:55:40.902588 7639837494144 rollout.py:361] Chunk 11/42
  [w4 0p25] p90_20251224: member 19/24  step 12/42
I0723 18:56:08.976006 7639837494144 rollout.py:361] Chunk 12/42
  [w4 0p25] p90_20251224: member 19/24  step 13/42
I0723 18:56:37.024745 7639837494144 rollout.py:361] Chunk 13/42
  [w4 0p25] p90_20251224: member 19/24  step 14/42
I0723 18:57:05.099669 7639837494144 rollout.py:361] Chunk 14/42
  [w4 0p25] p90_20251224: member 19/24  step 15/42
I0723 18:57:33.175731 7639837494144 rollout.py:361] Chunk 15/42
  [w4 0p25] p90_20251224: member 19/24  step 16/42
I0723 18:58:01.240845 7639837494144 rollout.py:361] Chunk 16/42
  [w4 0p25] p90_20251224: member 19/24  step 17/42
I0723 18:58:29.303658 7639837494144 rollout.py:361] Chunk 17/42
  [w4 0p25] p90_20251224: member 19/24  step 18/42
I0723 18:58:57.377327 7639837494144 rollout.py:361] Chunk 18/42
  [w4 0p25] p90_20251224: member 19/24  step 19/42
I0723 18:59:25.437449 7639837494144 rollout.py:361] Chunk 19/42
  [w4 0p25] p90_20251224: member 19/24  step 20/42
I0723 18:59:53.500221 7639837494144 rollout.py:361] Chunk 20/42
  [w4 0p25] p90_20251224: member 19/24  step 21/42
I0723 19:00:21.544830 7639837494144 rollout.py:361] Chunk 21/42
  [w4 0p25] p90_20251224: member 19/24  step 22/42
I0723 19:00:49.603770 7639837494144 rollout.py:361] Chunk 22/42
  [w4 0p25] p90_20251224: member 19/24  step 23/42
I0723 19:01:17.677584 7639837494144 rollout.py:361] Chunk 23/42
  [w4 0p25] p90_20251224: member 19/24  step 24/42
I0723 19:01:45.749580 7639837494144 rollout.py:361] Chunk 24/42
  [w4 0p25] p90_20251224: member 19/24  step 25/42
I0723 19:02:13.806014 7639837494144 rollout.py:361] Chunk 25/42
  [w4 0p25] p90_20251224: member 19/24  step 26/42
I0723 19:02:41.887350 7639837494144 rollout.py:361] Chunk 26/42
  [w4 0p25] p90_20251224: member 19/24  step 27/42
I0723 19:03:09.954138 7639837494144 rollout.py:361] Chunk 27/42
  [w4 0p25] p90_20251224: member 19/24  step 28/42
I0723 19:03:38.017544 7639837494144 rollout.py:361] Chunk 28/42
  [w4 0p25] p90_20251224: member 19/24  step 29/42
I0723 19:04:06.093787 7639837494144 rollout.py:361] Chunk 29/42
  [w4 0p25] p90_20251224: member 19/24  step 30/42
I0723 19:04:34.158087 7639837494144 rollout.py:361] Chunk 30/42
  [w4 0p25] p90_20251224: member 19/24  step 31/42
I0723 19:05:02.209197 7639837494144 rollout.py:361] Chunk 31/42
  [w4 0p25] p90_20251224: member 19/24  step 32/42
I0723 19:05:30.310067 7639837494144 rollout.py:361] Chunk 32/42
  [w4 0p25] p90_20251224: member 19/24  step 33/42
I0723 19:05:58.407039 7639837494144 rollout.py:361] Chunk 33/42
  [w4 0p25] p90_20251224: member 19/24  step 34/42
I0723 19:06:26.503893 7639837494144 rollout.py:361] Chunk 34/42
  [w4 0p25] p90_20251224: member 19/24  step 35/42
I0723 19:06:54.588366 7639837494144 rollout.py:361] Chunk 35/42
  [w4 0p25] p90_20251224: member 19/24  step 36/42
I0723 19:07:22.651444 7639837494144 rollout.py:361] Chunk 36/42
  [w4 0p25] p90_20251224: member 19/24  step 37/42
I0723 19:07:50.706607 7639837494144 rollout.py:361] Chunk 37/42
  [w4 0p25] p90_20251224: member 19/24  step 38/42
I0723 19:08:18.789153 7639837494144 rollout.py:361] Chunk 38/42
  [w4 0p25] p90_20251224: member 19/24  step 39/42
I0723 19:08:46.872803 7639837494144 rollout.py:361] Chunk 39/42
  [w4 0p25] p90_20251224: member 19/24  step 40/42
I0723 19:09:14.927946 7639837494144 rollout.py:361] Chunk 40/42
  [w4 0p25] p90_20251224: member 19/24  step 41/42
I0723 19:09:42.993417 7639837494144 rollout.py:361] Chunk 41/42
  [w4 0p25] p90_20251224: member 19/24  step 42/42
  [w4 0p25] p90_20251224: member 19/24 saved
p90_20231107 [w4 0p25 week3] pass 2 (event 1/3)
p90_20240802 [w4 0p25 week3] pass 2 (event 2/3)
p90_20251224 [w4 0p25 week3] pass 2 (event 3/3)
[w4] no claimable work left (5 unit(s) owned by other live workers) -> exiting
