Host: deg0044
Start: Mon Jul  6 09:34:19 PM MDT 2026
GPU 0: NVIDIA A100-SXM4-40GB (UUID: GPU-bf6837ee-cd16-bf6b-ce88-85703bd25281)
GPU 1: NVIDIA A100-SXM4-40GB (UUID: GPU-c146d0fe-bdb0-655b-0435-4d984f9d154a)
GPU 2: NVIDIA A100-SXM4-40GB (UUID: GPU-570679c8-353f-4732-86fa-b647c39c967a)
GPU 3: NVIDIA A100-SXM4-40GB (UUID: GPU-483975cd-ff4f-529c-4ff0-5475569bf252)
JAX devices: [CudaDevice(id=0), CudaDevice(id=1), CudaDevice(id=2), CudaDevice(id=3)]
/glade/work/exu/conda-envs/my-env/lib/python3.10/site-packages/google/api_core/_python_version_support.py:255: FutureWarning: You are using a Python version (3.10.20) which Google will stop supporting in new releases of google.api_core once it reaches its end of life (2026-10-04). Please upgrade to the latest Python version, or at least Python 3.11, to continue receiving updates for google.api_core past that date.
  warnings.warn(message, FutureWarning)
/glade/work/exu/conda-envs/my-env/lib/python3.10/site-packages/google/api_core/_python_version_support.py:255: FutureWarning: You are using a Python version (3.10.20) which Google will stop supporting in new releases of google.cloud._storage_v2 once it reaches its end of life (2026-10-04). Please upgrade to the latest Python version, or at least Python 3.11, to continue receiving updates for google.cloud._storage_v2 past that date.
  warnings.warn(message, FutureWarning)
/glade/work/exu/conda-envs/my-env/lib/python3.10/site-packages/google/api_core/_python_version_support.py:255: FutureWarning: You are using a Python version (3.10.20) which Google will stop supporting in new releases of google.cloud.storage_control_v2 once it reaches its end of life (2026-10-04). Please upgrade to the latest Python version, or at least Python 3.11, to continue receiving updates for google.cloud.storage_control_v2 past that date.
  warnings.warn(message, FutureWarning)
[model] checkpoint (0p25): GenCast 0p25deg <2019.npz
[model] checkpoint (1p0): GenCast 1p0deg <2019.npz
[model] stats: diffs_stddev_by_level.nc
[model] stats: mean_by_level.nc
[model] stats: stddev_by_level.nc
[model] stats: min_by_level.nc
[model] statics (orography + land-sea mask)
[model] statics cached: statics.nc
[clim] cached: clim_1990_2019_t2m_conus.nc
[model] done
[prep] subprocess event=PNW_HeatDome_2021
/glade/work/exu/conda-envs/my-env/lib/python3.10/site-packages/google/api_core/_python_version_support.py:255: FutureWarning: You are using a Python version (3.10.20) which Google will stop supporting in new releases of google.api_core once it reaches its end of life (2026-10-04). Please upgrade to the latest Python version, or at least Python 3.11, to continue receiving updates for google.api_core past that date.
  warnings.warn(message, FutureWarning)
/glade/work/exu/conda-envs/my-env/lib/python3.10/site-packages/google/api_core/_python_version_support.py:255: FutureWarning: You are using a Python version (3.10.20) which Google will stop supporting in new releases of google.cloud._storage_v2 once it reaches its end of life (2026-10-04). Please upgrade to the latest Python version, or at least Python 3.11, to continue receiving updates for google.cloud._storage_v2 past that date.
  warnings.warn(message, FutureWarning)
/glade/work/exu/conda-envs/my-env/lib/python3.10/site-packages/google/api_core/_python_version_support.py:255: FutureWarning: You are using a Python version (3.10.20) which Google will stop supporting in new releases of google.cloud.storage_control_v2 once it reaches its end of life (2026-10-04). Please upgrade to the latest Python version, or at least Python 3.11, to continue receiving updates for google.cloud.storage_control_v2 past that date.
  warnings.warn(message, FutureWarning)
[era5-truth] cached: PNW_HeatDome_2021_verif_t2m_anom.nc
[hrrr-truth] shard archive not found at /glade/u/home/exu/Vayuh/data/moein/hrrr_work/shards_v1; skipping HRRR
[inputs 1p0 week2] cached: PNW_HeatDome_2021_inputs.nc
[prep] subprocess event=Southwest_HeatWave_2020
/glade/work/exu/conda-envs/my-env/lib/python3.10/site-packages/google/api_core/_python_version_support.py:255: FutureWarning: You are using a Python version (3.10.20) which Google will stop supporting in new releases of google.api_core once it reaches its end of life (2026-10-04). Please upgrade to the latest Python version, or at least Python 3.11, to continue receiving updates for google.api_core past that date.
  warnings.warn(message, FutureWarning)
/glade/work/exu/conda-envs/my-env/lib/python3.10/site-packages/google/api_core/_python_version_support.py:255: FutureWarning: You are using a Python version (3.10.20) which Google will stop supporting in new releases of google.cloud._storage_v2 once it reaches its end of life (2026-10-04). Please upgrade to the latest Python version, or at least Python 3.11, to continue receiving updates for google.cloud._storage_v2 past that date.
  warnings.warn(message, FutureWarning)
/glade/work/exu/conda-envs/my-env/lib/python3.10/site-packages/google/api_core/_python_version_support.py:255: FutureWarning: You are using a Python version (3.10.20) which Google will stop supporting in new releases of google.cloud.storage_control_v2 once it reaches its end of life (2026-10-04). Please upgrade to the latest Python version, or at least Python 3.11, to continue receiving updates for google.cloud.storage_control_v2 past that date.
  warnings.warn(message, FutureWarning)
[era5-truth] cached: Southwest_HeatWave_2020_verif_t2m_anom.nc
[hrrr-truth] shard archive not found at /glade/u/home/exu/Vayuh/data/moein/hrrr_work/shards_v1; skipping HRRR
[inputs 1p0 week2] cached: Southwest_HeatWave_2020_inputs.nc
[prep] subprocess event=California_HeatWave_2022
/glade/work/exu/conda-envs/my-env/lib/python3.10/site-packages/google/api_core/_python_version_support.py:255: FutureWarning: You are using a Python version (3.10.20) which Google will stop supporting in new releases of google.api_core once it reaches its end of life (2026-10-04). Please upgrade to the latest Python version, or at least Python 3.11, to continue receiving updates for google.api_core past that date.
  warnings.warn(message, FutureWarning)
/glade/work/exu/conda-envs/my-env/lib/python3.10/site-packages/google/api_core/_python_version_support.py:255: FutureWarning: You are using a Python version (3.10.20) which Google will stop supporting in new releases of google.cloud._storage_v2 once it reaches its end of life (2026-10-04). Please upgrade to the latest Python version, or at least Python 3.11, to continue receiving updates for google.cloud._storage_v2 past that date.
  warnings.warn(message, FutureWarning)
/glade/work/exu/conda-envs/my-env/lib/python3.10/site-packages/google/api_core/_python_version_support.py:255: FutureWarning: You are using a Python version (3.10.20) which Google will stop supporting in new releases of google.cloud.storage_control_v2 once it reaches its end of life (2026-10-04). Please upgrade to the latest Python version, or at least Python 3.11, to continue receiving updates for google.cloud.storage_control_v2 past that date.
  warnings.warn(message, FutureWarning)
[era5-truth] cached: California_HeatWave_2022_verif_t2m_anom.nc
[hrrr-truth] shard archive not found at /glade/u/home/exu/Vayuh/data/moein/hrrr_work/shards_v1; skipping HRRR
[inputs 1p0 week2] cached: California_HeatWave_2022_inputs.nc
[prep] subprocess event=WinterStorm_Uri_2021
/glade/work/exu/conda-envs/my-env/lib/python3.10/site-packages/google/api_core/_python_version_support.py:255: FutureWarning: You are using a Python version (3.10.20) which Google will stop supporting in new releases of google.api_core once it reaches its end of life (2026-10-04). Please upgrade to the latest Python version, or at least Python 3.11, to continue receiving updates for google.api_core past that date.
  warnings.warn(message, FutureWarning)
/glade/work/exu/conda-envs/my-env/lib/python3.10/site-packages/google/api_core/_python_version_support.py:255: FutureWarning: You are using a Python version (3.10.20) which Google will stop supporting in new releases of google.cloud._storage_v2 once it reaches its end of life (2026-10-04). Please upgrade to the latest Python version, or at least Python 3.11, to continue receiving updates for google.cloud._storage_v2 past that date.
  warnings.warn(message, FutureWarning)
/glade/work/exu/conda-envs/my-env/lib/python3.10/site-packages/google/api_core/_python_version_support.py:255: FutureWarning: You are using a Python version (3.10.20) which Google will stop supporting in new releases of google.cloud.storage_control_v2 once it reaches its end of life (2026-10-04). Please upgrade to the latest Python version, or at least Python 3.11, to continue receiving updates for google.cloud.storage_control_v2 past that date.
  warnings.warn(message, FutureWarning)
[era5-truth] cached: WinterStorm_Uri_2021_verif_t2m_anom.nc
[hrrr-truth] shard archive not found at /glade/u/home/exu/Vayuh/data/moein/hrrr_work/shards_v1; skipping HRRR
[inputs 1p0 week2] cached: WinterStorm_Uri_2021_inputs.nc
[prep] subprocess event=PolarVortex_2019
/glade/work/exu/conda-envs/my-env/lib/python3.10/site-packages/google/api_core/_python_version_support.py:255: FutureWarning: You are using a Python version (3.10.20) which Google will stop supporting in new releases of google.api_core once it reaches its end of life (2026-10-04). Please upgrade to the latest Python version, or at least Python 3.11, to continue receiving updates for google.api_core past that date.
  warnings.warn(message, FutureWarning)
/glade/work/exu/conda-envs/my-env/lib/python3.10/site-packages/google/api_core/_python_version_support.py:255: FutureWarning: You are using a Python version (3.10.20) which Google will stop supporting in new releases of google.cloud._storage_v2 once it reaches its end of life (2026-10-04). Please upgrade to the latest Python version, or at least Python 3.11, to continue receiving updates for google.cloud._storage_v2 past that date.
  warnings.warn(message, FutureWarning)
/glade/work/exu/conda-envs/my-env/lib/python3.10/site-packages/google/api_core/_python_version_support.py:255: FutureWarning: You are using a Python version (3.10.20) which Google will stop supporting in new releases of google.cloud.storage_control_v2 once it reaches its end of life (2026-10-04). Please upgrade to the latest Python version, or at least Python 3.11, to continue receiving updates for google.cloud.storage_control_v2 past that date.
  warnings.warn(message, FutureWarning)
[era5-truth] cached: PolarVortex_2019_verif_t2m_anom.nc
[hrrr-truth] shard archive not found at /glade/u/home/exu/Vayuh/data/moein/hrrr_work/shards_v1; skipping HRRR
[inputs 1p0 week2] cached: PolarVortex_2019_inputs.nc
[prep] subprocess event=WinterStorm_Elliott_2022
/glade/work/exu/conda-envs/my-env/lib/python3.10/site-packages/google/api_core/_python_version_support.py:255: FutureWarning: You are using a Python version (3.10.20) which Google will stop supporting in new releases of google.api_core once it reaches its end of life (2026-10-04). Please upgrade to the latest Python version, or at least Python 3.11, to continue receiving updates for google.api_core past that date.
  warnings.warn(message, FutureWarning)
/glade/work/exu/conda-envs/my-env/lib/python3.10/site-packages/google/api_core/_python_version_support.py:255: FutureWarning: You are using a Python version (3.10.20) which Google will stop supporting in new releases of google.cloud._storage_v2 once it reaches its end of life (2026-10-04). Please upgrade to the latest Python version, or at least Python 3.11, to continue receiving updates for google.cloud._storage_v2 past that date.
  warnings.warn(message, FutureWarning)
/glade/work/exu/conda-envs/my-env/lib/python3.10/site-packages/google/api_core/_python_version_support.py:255: FutureWarning: You are using a Python version (3.10.20) which Google will stop supporting in new releases of google.cloud.storage_control_v2 once it reaches its end of life (2026-10-04). Please upgrade to the latest Python version, or at least Python 3.11, to continue receiving updates for google.cloud.storage_control_v2 past that date.
  warnings.warn(message, FutureWarning)
[era5-truth] cached: WinterStorm_Elliott_2022_verif_t2m_anom.nc
[hrrr-truth] shard archive not found at /glade/u/home/exu/Vayuh/data/moein/hrrr_work/shards_v1; skipping HRRR
[inputs 1p0 week2] cached: WinterStorm_Elliott_2022_inputs.nc
[prep] subprocess event=HurricaneIda_2021
/glade/work/exu/conda-envs/my-env/lib/python3.10/site-packages/google/api_core/_python_version_support.py:255: FutureWarning: You are using a Python version (3.10.20) which Google will stop supporting in new releases of google.api_core once it reaches its end of life (2026-10-04). Please upgrade to the latest Python version, or at least Python 3.11, to continue receiving updates for google.api_core past that date.
  warnings.warn(message, FutureWarning)
/glade/work/exu/conda-envs/my-env/lib/python3.10/site-packages/google/api_core/_python_version_support.py:255: FutureWarning: You are using a Python version (3.10.20) which Google will stop supporting in new releases of google.cloud._storage_v2 once it reaches its end of life (2026-10-04). Please upgrade to the latest Python version, or at least Python 3.11, to continue receiving updates for google.cloud._storage_v2 past that date.
  warnings.warn(message, FutureWarning)
/glade/work/exu/conda-envs/my-env/lib/python3.10/site-packages/google/api_core/_python_version_support.py:255: FutureWarning: You are using a Python version (3.10.20) which Google will stop supporting in new releases of google.cloud.storage_control_v2 once it reaches its end of life (2026-10-04). Please upgrade to the latest Python version, or at least Python 3.11, to continue receiving updates for google.cloud.storage_control_v2 past that date.
  warnings.warn(message, FutureWarning)
[era5-truth] cached: HurricaneIda_2021_verif_u850_speed.nc
[era5-truth] cached: HurricaneIda_2021_verif_u850_speed_max.nc
[hrrr-truth] shard archive not found at /glade/u/home/exu/Vayuh/data/moein/hrrr_work/shards_v1; skipping HRRR
[inputs 1p0 week2] cached: HurricaneIda_2021_inputs.nc
[prep] subprocess event=HurricaneIan_2022
/glade/work/exu/conda-envs/my-env/lib/python3.10/site-packages/google/api_core/_python_version_support.py:255: FutureWarning: You are using a Python version (3.10.20) which Google will stop supporting in new releases of google.api_core once it reaches its end of life (2026-10-04). Please upgrade to the latest Python version, or at least Python 3.11, to continue receiving updates for google.api_core past that date.
  warnings.warn(message, FutureWarning)
/glade/work/exu/conda-envs/my-env/lib/python3.10/site-packages/google/api_core/_python_version_support.py:255: FutureWarning: You are using a Python version (3.10.20) which Google will stop supporting in new releases of google.cloud._storage_v2 once it reaches its end of life (2026-10-04). Please upgrade to the latest Python version, or at least Python 3.11, to continue receiving updates for google.cloud._storage_v2 past that date.
  warnings.warn(message, FutureWarning)
/glade/work/exu/conda-envs/my-env/lib/python3.10/site-packages/google/api_core/_python_version_support.py:255: FutureWarning: You are using a Python version (3.10.20) which Google will stop supporting in new releases of google.cloud.storage_control_v2 once it reaches its end of life (2026-10-04). Please upgrade to the latest Python version, or at least Python 3.11, to continue receiving updates for google.cloud.storage_control_v2 past that date.
  warnings.warn(message, FutureWarning)
[era5-truth] cached: HurricaneIan_2022_verif_u850_speed.nc
[era5-truth] cached: HurricaneIan_2022_verif_u850_speed_max.nc
[hrrr-truth] shard archive not found at /glade/u/home/exu/Vayuh/data/moein/hrrr_work/shards_v1; skipping HRRR
[inputs 1p0 week2] cached: HurricaneIan_2022_inputs.nc
[prep] subprocess event=HurricaneIdalia_2023
/glade/work/exu/conda-envs/my-env/lib/python3.10/site-packages/google/api_core/_python_version_support.py:255: FutureWarning: You are using a Python version (3.10.20) which Google will stop supporting in new releases of google.api_core once it reaches its end of life (2026-10-04). Please upgrade to the latest Python version, or at least Python 3.11, to continue receiving updates for google.api_core past that date.
  warnings.warn(message, FutureWarning)
/glade/work/exu/conda-envs/my-env/lib/python3.10/site-packages/google/api_core/_python_version_support.py:255: FutureWarning: You are using a Python version (3.10.20) which Google will stop supporting in new releases of google.cloud._storage_v2 once it reaches its end of life (2026-10-04). Please upgrade to the latest Python version, or at least Python 3.11, to continue receiving updates for google.cloud._storage_v2 past that date.
  warnings.warn(message, FutureWarning)
/glade/work/exu/conda-envs/my-env/lib/python3.10/site-packages/google/api_core/_python_version_support.py:255: FutureWarning: You are using a Python version (3.10.20) which Google will stop supporting in new releases of google.cloud.storage_control_v2 once it reaches its end of life (2026-10-04). Please upgrade to the latest Python version, or at least Python 3.11, to continue receiving updates for google.cloud.storage_control_v2 past that date.
  warnings.warn(message, FutureWarning)
[era5-truth] cached: HurricaneIdalia_2023_verif_u850_speed.nc
[era5-truth] cached: HurricaneIdalia_2023_verif_u850_speed_max.nc
[hrrr-truth] shard archive not found at /glade/u/home/exu/Vayuh/data/moein/hrrr_work/shards_v1; skipping HRRR
[inputs 1p0 week2] cached: HurricaneIdalia_2023_inputs.nc
[prep] subprocess event=California_AR_Floods_2023
/glade/work/exu/conda-envs/my-env/lib/python3.10/site-packages/google/api_core/_python_version_support.py:255: FutureWarning: You are using a Python version (3.10.20) which Google will stop supporting in new releases of google.api_core once it reaches its end of life (2026-10-04). Please upgrade to the latest Python version, or at least Python 3.11, to continue receiving updates for google.api_core past that date.
  warnings.warn(message, FutureWarning)
/glade/work/exu/conda-envs/my-env/lib/python3.10/site-packages/google/api_core/_python_version_support.py:255: FutureWarning: You are using a Python version (3.10.20) which Google will stop supporting in new releases of google.cloud._storage_v2 once it reaches its end of life (2026-10-04). Please upgrade to the latest Python version, or at least Python 3.11, to continue receiving updates for google.cloud._storage_v2 past that date.
  warnings.warn(message, FutureWarning)
/glade/work/exu/conda-envs/my-env/lib/python3.10/site-packages/google/api_core/_python_version_support.py:255: FutureWarning: You are using a Python version (3.10.20) which Google will stop supporting in new releases of google.cloud.storage_control_v2 once it reaches its end of life (2026-10-04). Please upgrade to the latest Python version, or at least Python 3.11, to continue receiving updates for google.cloud.storage_control_v2 past that date.
  warnings.warn(message, FutureWarning)
[era5-truth] cached: California_AR_Floods_2023_verif_tp_total.nc
[era5-truth] cached: California_AR_Floods_2023_verif_tp_max12h.nc
[hrrr-truth] shard archive not found at /glade/u/home/exu/Vayuh/data/moein/hrrr_work/shards_v1; skipping HRRR
[inputs 1p0 week2] cached: California_AR_Floods_2023_inputs.nc
[prep] subprocess event=Kentucky_Floods_2022
/glade/work/exu/conda-envs/my-env/lib/python3.10/site-packages/google/api_core/_python_version_support.py:255: FutureWarning: You are using a Python version (3.10.20) which Google will stop supporting in new releases of google.api_core once it reaches its end of life (2026-10-04). Please upgrade to the latest Python version, or at least Python 3.11, to continue receiving updates for google.api_core past that date.
  warnings.warn(message, FutureWarning)
/glade/work/exu/conda-envs/my-env/lib/python3.10/site-packages/google/api_core/_python_version_support.py:255: FutureWarning: You are using a Python version (3.10.20) which Google will stop supporting in new releases of google.cloud._storage_v2 once it reaches its end of life (2026-10-04). Please upgrade to the latest Python version, or at least Python 3.11, to continue receiving updates for google.cloud._storage_v2 past that date.
  warnings.warn(message, FutureWarning)
/glade/work/exu/conda-envs/my-env/lib/python3.10/site-packages/google/api_core/_python_version_support.py:255: FutureWarning: You are using a Python version (3.10.20) which Google will stop supporting in new releases of google.cloud.storage_control_v2 once it reaches its end of life (2026-10-04). Please upgrade to the latest Python version, or at least Python 3.11, to continue receiving updates for google.cloud.storage_control_v2 past that date.
  warnings.warn(message, FutureWarning)
[era5-truth] cached: Kentucky_Floods_2022_verif_tp_total.nc
[era5-truth] cached: Kentucky_Floods_2022_verif_tp_max12h.nc
[hrrr-truth] shard archive not found at /glade/u/home/exu/Vayuh/data/moein/hrrr_work/shards_v1; skipping HRRR
[inputs 1p0 week2] cached: Kentucky_Floods_2022_inputs.nc
[prep] subprocess event=Vermont_Floods_2023
/glade/work/exu/conda-envs/my-env/lib/python3.10/site-packages/google/api_core/_python_version_support.py:255: FutureWarning: You are using a Python version (3.10.20) which Google will stop supporting in new releases of google.api_core once it reaches its end of life (2026-10-04). Please upgrade to the latest Python version, or at least Python 3.11, to continue receiving updates for google.api_core past that date.
  warnings.warn(message, FutureWarning)
/glade/work/exu/conda-envs/my-env/lib/python3.10/site-packages/google/api_core/_python_version_support.py:255: FutureWarning: You are using a Python version (3.10.20) which Google will stop supporting in new releases of google.cloud._storage_v2 once it reaches its end of life (2026-10-04). Please upgrade to the latest Python version, or at least Python 3.11, to continue receiving updates for google.cloud._storage_v2 past that date.
  warnings.warn(message, FutureWarning)
/glade/work/exu/conda-envs/my-env/lib/python3.10/site-packages/google/api_core/_python_version_support.py:255: FutureWarning: You are using a Python version (3.10.20) which Google will stop supporting in new releases of google.cloud.storage_control_v2 once it reaches its end of life (2026-10-04). Please upgrade to the latest Python version, or at least Python 3.11, to continue receiving updates for google.cloud.storage_control_v2 past that date.
  warnings.warn(message, FutureWarning)
[era5-truth] cached: Vermont_Floods_2023_verif_tp_total.nc
[era5-truth] cached: Vermont_Floods_2023_verif_tp_max12h.nc
[hrrr-truth] shard archive not found at /glade/u/home/exu/Vayuh/data/moein/hrrr_work/shards_v1; skipping HRRR
[inputs 1p0 week2] cached: Vermont_Floods_2023_inputs.nc
/glade/work/exu/conda-envs/my-env/lib/python3.10/site-packages/google/api_core/_python_version_support.py:255: FutureWarning: You are using a Python version (3.10.20) which Google will stop supporting in new releases of google.api_core once it reaches its end of life (2026-10-04). Please upgrade to the latest Python version, or at least Python 3.11, to continue receiving updates for google.api_core past that date.
  warnings.warn(message, FutureWarning)
/glade/work/exu/conda-envs/my-env/lib/python3.10/site-packages/google/api_core/_python_version_support.py:255: FutureWarning: You are using a Python version (3.10.20) which Google will stop supporting in new releases of google.cloud._storage_v2 once it reaches its end of life (2026-10-04). Please upgrade to the latest Python version, or at least Python 3.11, to continue receiving updates for google.cloud._storage_v2 past that date.
  warnings.warn(message, FutureWarning)
/glade/work/exu/conda-envs/my-env/lib/python3.10/site-packages/google/api_core/_python_version_support.py:255: FutureWarning: You are using a Python version (3.10.20) which Google will stop supporting in new releases of google.cloud.storage_control_v2 once it reaches its end of life (2026-10-04). Please upgrade to the latest Python version, or at least Python 3.11, to continue receiving updates for google.cloud.storage_control_v2 past that date.
  warnings.warn(message, FutureWarning)
[model] GenCast loaded on 4 device(s); ensemble=24 (6 wave(s) of 4). task pressure levels: 13
=== xres 1p0 (GenCast 1.0deg): week2, lead 14d, 28 steps, 24 members ===
PNW_HeatDome_2021 [1p0 week2] init=peak-14d ...
Traceback (most recent call last):
  File "/glade/derecho/scratch/exu/S2S_ExtremeWeather/run_xres.py", line 100, in <module>
    main()
  File "/glade/derecho/scratch/exu/S2S_ExtremeWeather/run_xres.py", line 93, in main
    do_infer(args.res, args.weeks, args.members)
  File "/glade/derecho/scratch/exu/S2S_ExtremeWeather/run_xres.py", line 66, in do_infer
    xinference.run_all(res, weeks, n_members=members)
  File "/glade/derecho/scratch/exu/S2S_ExtremeWeather/xres/xinference.py", line 153, in run_all
    run_event(bundle, res, weeks, name, peak)
  File "/glade/derecho/scratch/exu/S2S_ExtremeWeather/xres/xinference.py", line 98, in run_event
    for chunk in gen:
  File "/glade/derecho/scratch/exu/S2S_ExtremeWeather/third_party/graphcast/graphcast/rollout.py", line 151, in chunked_prediction_generator_multiple_runs
    sample_group_rngs = _device_put_sharded(
  File "/glade/derecho/scratch/exu/S2S_ExtremeWeather/third_party/graphcast/graphcast/rollout.py", line 45, in _device_put_sharded
    sharding = jax.NamedSharding(mesh, jax.P(axis_name))
  File "/glade/work/exu/conda-envs/my-env/lib/python3.10/site-packages/jax/_src/deprecations.py", line 57, in getattr
    raise AttributeError(f"module {module!r} has no attribute {name!r}")
AttributeError: module 'jax' has no attribute 'P'
Host: deg0038
Start: Mon Jul  6 10:40:57 PM MDT 2026
GPU 0: NVIDIA A100-SXM4-40GB (UUID: GPU-a0cd7bec-7854-48bd-9a9b-81d52c609b7e)
GPU 1: NVIDIA A100-SXM4-40GB (UUID: GPU-7fe1c95b-862b-53ca-922d-611a03867a8d)
GPU 2: NVIDIA A100-SXM4-40GB (UUID: GPU-9f217b45-6b79-f9f0-b9f5-e809432f0972)
GPU 3: NVIDIA A100-SXM4-40GB (UUID: GPU-74a77a73-3c2b-15bc-cc22-f92ca678256e)
JAX devices: [CudaDevice(id=0), CudaDevice(id=1), CudaDevice(id=2), CudaDevice(id=3)]
/glade/work/exu/conda-envs/my-env/lib/python3.10/site-packages/google/api_core/_python_version_support.py:255: FutureWarning: You are using a Python version (3.10.20) which Google will stop supporting in new releases of google.api_core once it reaches its end of life (2026-10-04). Please upgrade to the latest Python version, or at least Python 3.11, to continue receiving updates for google.api_core past that date.
  warnings.warn(message, FutureWarning)
/glade/work/exu/conda-envs/my-env/lib/python3.10/site-packages/google/api_core/_python_version_support.py:255: FutureWarning: You are using a Python version (3.10.20) which Google will stop supporting in new releases of google.cloud._storage_v2 once it reaches its end of life (2026-10-04). Please upgrade to the latest Python version, or at least Python 3.11, to continue receiving updates for google.cloud._storage_v2 past that date.
  warnings.warn(message, FutureWarning)
/glade/work/exu/conda-envs/my-env/lib/python3.10/site-packages/google/api_core/_python_version_support.py:255: FutureWarning: You are using a Python version (3.10.20) which Google will stop supporting in new releases of google.cloud.storage_control_v2 once it reaches its end of life (2026-10-04). Please upgrade to the latest Python version, or at least Python 3.11, to continue receiving updates for google.cloud.storage_control_v2 past that date.
  warnings.warn(message, FutureWarning)
[model] checkpoint (0p25): GenCast 0p25deg <2019.npz
[model] checkpoint (1p0): GenCast 1p0deg <2019.npz
[model] stats: diffs_stddev_by_level.nc
[model] stats: mean_by_level.nc
[model] stats: stddev_by_level.nc
[model] stats: min_by_level.nc
[model] statics (orography + land-sea mask)
[model] statics cached: statics.nc
[clim] cached: clim_1990_2019_t2m_conus.nc
[model] done
[prep] subprocess event=PNW_HeatDome_2021
/glade/work/exu/conda-envs/my-env/lib/python3.10/site-packages/google/api_core/_python_version_support.py:255: FutureWarning: You are using a Python version (3.10.20) which Google will stop supporting in new releases of google.api_core once it reaches its end of life (2026-10-04). Please upgrade to the latest Python version, or at least Python 3.11, to continue receiving updates for google.api_core past that date.
  warnings.warn(message, FutureWarning)
/glade/work/exu/conda-envs/my-env/lib/python3.10/site-packages/google/api_core/_python_version_support.py:255: FutureWarning: You are using a Python version (3.10.20) which Google will stop supporting in new releases of google.cloud._storage_v2 once it reaches its end of life (2026-10-04). Please upgrade to the latest Python version, or at least Python 3.11, to continue receiving updates for google.cloud._storage_v2 past that date.
  warnings.warn(message, FutureWarning)
/glade/work/exu/conda-envs/my-env/lib/python3.10/site-packages/google/api_core/_python_version_support.py:255: FutureWarning: You are using a Python version (3.10.20) which Google will stop supporting in new releases of google.cloud.storage_control_v2 once it reaches its end of life (2026-10-04). Please upgrade to the latest Python version, or at least Python 3.11, to continue receiving updates for google.cloud.storage_control_v2 past that date.
  warnings.warn(message, FutureWarning)
[era5-truth] cached: PNW_HeatDome_2021_verif_t2m_anom.nc
[hrrr-truth] shard archive not found at /glade/u/home/exu/Vayuh/data/moein/hrrr_work/shards_v1; skipping HRRR
[inputs 1p0 week2] cached: PNW_HeatDome_2021_inputs.nc
[prep] subprocess event=Southwest_HeatWave_2020
/glade/work/exu/conda-envs/my-env/lib/python3.10/site-packages/google/api_core/_python_version_support.py:255: FutureWarning: You are using a Python version (3.10.20) which Google will stop supporting in new releases of google.api_core once it reaches its end of life (2026-10-04). Please upgrade to the latest Python version, or at least Python 3.11, to continue receiving updates for google.api_core past that date.
  warnings.warn(message, FutureWarning)
/glade/work/exu/conda-envs/my-env/lib/python3.10/site-packages/google/api_core/_python_version_support.py:255: FutureWarning: You are using a Python version (3.10.20) which Google will stop supporting in new releases of google.cloud._storage_v2 once it reaches its end of life (2026-10-04). Please upgrade to the latest Python version, or at least Python 3.11, to continue receiving updates for google.cloud._storage_v2 past that date.
  warnings.warn(message, FutureWarning)
/glade/work/exu/conda-envs/my-env/lib/python3.10/site-packages/google/api_core/_python_version_support.py:255: FutureWarning: You are using a Python version (3.10.20) which Google will stop supporting in new releases of google.cloud.storage_control_v2 once it reaches its end of life (2026-10-04). Please upgrade to the latest Python version, or at least Python 3.11, to continue receiving updates for google.cloud.storage_control_v2 past that date.
  warnings.warn(message, FutureWarning)
[era5-truth] cached: Southwest_HeatWave_2020_verif_t2m_anom.nc
[hrrr-truth] shard archive not found at /glade/u/home/exu/Vayuh/data/moein/hrrr_work/shards_v1; skipping HRRR
[inputs 1p0 week2] cached: Southwest_HeatWave_2020_inputs.nc
[prep] subprocess event=California_HeatWave_2022
/glade/work/exu/conda-envs/my-env/lib/python3.10/site-packages/google/api_core/_python_version_support.py:255: FutureWarning: You are using a Python version (3.10.20) which Google will stop supporting in new releases of google.api_core once it reaches its end of life (2026-10-04). Please upgrade to the latest Python version, or at least Python 3.11, to continue receiving updates for google.api_core past that date.
  warnings.warn(message, FutureWarning)
/glade/work/exu/conda-envs/my-env/lib/python3.10/site-packages/google/api_core/_python_version_support.py:255: FutureWarning: You are using a Python version (3.10.20) which Google will stop supporting in new releases of google.cloud._storage_v2 once it reaches its end of life (2026-10-04). Please upgrade to the latest Python version, or at least Python 3.11, to continue receiving updates for google.cloud._storage_v2 past that date.
  warnings.warn(message, FutureWarning)
/glade/work/exu/conda-envs/my-env/lib/python3.10/site-packages/google/api_core/_python_version_support.py:255: FutureWarning: You are using a Python version (3.10.20) which Google will stop supporting in new releases of google.cloud.storage_control_v2 once it reaches its end of life (2026-10-04). Please upgrade to the latest Python version, or at least Python 3.11, to continue receiving updates for google.cloud.storage_control_v2 past that date.
  warnings.warn(message, FutureWarning)
[era5-truth] cached: California_HeatWave_2022_verif_t2m_anom.nc
[hrrr-truth] shard archive not found at /glade/u/home/exu/Vayuh/data/moein/hrrr_work/shards_v1; skipping HRRR
[inputs 1p0 week2] cached: California_HeatWave_2022_inputs.nc
[prep] subprocess event=WinterStorm_Uri_2021
/glade/work/exu/conda-envs/my-env/lib/python3.10/site-packages/google/api_core/_python_version_support.py:255: FutureWarning: You are using a Python version (3.10.20) which Google will stop supporting in new releases of google.api_core once it reaches its end of life (2026-10-04). Please upgrade to the latest Python version, or at least Python 3.11, to continue receiving updates for google.api_core past that date.
  warnings.warn(message, FutureWarning)
/glade/work/exu/conda-envs/my-env/lib/python3.10/site-packages/google/api_core/_python_version_support.py:255: FutureWarning: You are using a Python version (3.10.20) which Google will stop supporting in new releases of google.cloud._storage_v2 once it reaches its end of life (2026-10-04). Please upgrade to the latest Python version, or at least Python 3.11, to continue receiving updates for google.cloud._storage_v2 past that date.
  warnings.warn(message, FutureWarning)
/glade/work/exu/conda-envs/my-env/lib/python3.10/site-packages/google/api_core/_python_version_support.py:255: FutureWarning: You are using a Python version (3.10.20) which Google will stop supporting in new releases of google.cloud.storage_control_v2 once it reaches its end of life (2026-10-04). Please upgrade to the latest Python version, or at least Python 3.11, to continue receiving updates for google.cloud.storage_control_v2 past that date.
  warnings.warn(message, FutureWarning)
[era5-truth] cached: WinterStorm_Uri_2021_verif_t2m_anom.nc
[hrrr-truth] shard archive not found at /glade/u/home/exu/Vayuh/data/moein/hrrr_work/shards_v1; skipping HRRR
[inputs 1p0 week2] cached: WinterStorm_Uri_2021_inputs.nc
[prep] subprocess event=PolarVortex_2019
/glade/work/exu/conda-envs/my-env/lib/python3.10/site-packages/google/api_core/_python_version_support.py:255: FutureWarning: You are using a Python version (3.10.20) which Google will stop supporting in new releases of google.api_core once it reaches its end of life (2026-10-04). Please upgrade to the latest Python version, or at least Python 3.11, to continue receiving updates for google.api_core past that date.
  warnings.warn(message, FutureWarning)
/glade/work/exu/conda-envs/my-env/lib/python3.10/site-packages/google/api_core/_python_version_support.py:255: FutureWarning: You are using a Python version (3.10.20) which Google will stop supporting in new releases of google.cloud._storage_v2 once it reaches its end of life (2026-10-04). Please upgrade to the latest Python version, or at least Python 3.11, to continue receiving updates for google.cloud._storage_v2 past that date.
  warnings.warn(message, FutureWarning)
/glade/work/exu/conda-envs/my-env/lib/python3.10/site-packages/google/api_core/_python_version_support.py:255: FutureWarning: You are using a Python version (3.10.20) which Google will stop supporting in new releases of google.cloud.storage_control_v2 once it reaches its end of life (2026-10-04). Please upgrade to the latest Python version, or at least Python 3.11, to continue receiving updates for google.cloud.storage_control_v2 past that date.
  warnings.warn(message, FutureWarning)
[era5-truth] cached: PolarVortex_2019_verif_t2m_anom.nc
[hrrr-truth] shard archive not found at /glade/u/home/exu/Vayuh/data/moein/hrrr_work/shards_v1; skipping HRRR
[inputs 1p0 week2] cached: PolarVortex_2019_inputs.nc
[prep] subprocess event=WinterStorm_Elliott_2022
/glade/work/exu/conda-envs/my-env/lib/python3.10/site-packages/google/api_core/_python_version_support.py:255: FutureWarning: You are using a Python version (3.10.20) which Google will stop supporting in new releases of google.api_core once it reaches its end of life (2026-10-04). Please upgrade to the latest Python version, or at least Python 3.11, to continue receiving updates for google.api_core past that date.
  warnings.warn(message, FutureWarning)
/glade/work/exu/conda-envs/my-env/lib/python3.10/site-packages/google/api_core/_python_version_support.py:255: FutureWarning: You are using a Python version (3.10.20) which Google will stop supporting in new releases of google.cloud._storage_v2 once it reaches its end of life (2026-10-04). Please upgrade to the latest Python version, or at least Python 3.11, to continue receiving updates for google.cloud._storage_v2 past that date.
  warnings.warn(message, FutureWarning)
/glade/work/exu/conda-envs/my-env/lib/python3.10/site-packages/google/api_core/_python_version_support.py:255: FutureWarning: You are using a Python version (3.10.20) which Google will stop supporting in new releases of google.cloud.storage_control_v2 once it reaches its end of life (2026-10-04). Please upgrade to the latest Python version, or at least Python 3.11, to continue receiving updates for google.cloud.storage_control_v2 past that date.
  warnings.warn(message, FutureWarning)
[era5-truth] cached: WinterStorm_Elliott_2022_verif_t2m_anom.nc
[hrrr-truth] shard archive not found at /glade/u/home/exu/Vayuh/data/moein/hrrr_work/shards_v1; skipping HRRR
[inputs 1p0 week2] cached: WinterStorm_Elliott_2022_inputs.nc
[prep] subprocess event=HurricaneIda_2021
/glade/work/exu/conda-envs/my-env/lib/python3.10/site-packages/google/api_core/_python_version_support.py:255: FutureWarning: You are using a Python version (3.10.20) which Google will stop supporting in new releases of google.api_core once it reaches its end of life (2026-10-04). Please upgrade to the latest Python version, or at least Python 3.11, to continue receiving updates for google.api_core past that date.
  warnings.warn(message, FutureWarning)
/glade/work/exu/conda-envs/my-env/lib/python3.10/site-packages/google/api_core/_python_version_support.py:255: FutureWarning: You are using a Python version (3.10.20) which Google will stop supporting in new releases of google.cloud._storage_v2 once it reaches its end of life (2026-10-04). Please upgrade to the latest Python version, or at least Python 3.11, to continue receiving updates for google.cloud._storage_v2 past that date.
  warnings.warn(message, FutureWarning)
/glade/work/exu/conda-envs/my-env/lib/python3.10/site-packages/google/api_core/_python_version_support.py:255: FutureWarning: You are using a Python version (3.10.20) which Google will stop supporting in new releases of google.cloud.storage_control_v2 once it reaches its end of life (2026-10-04). Please upgrade to the latest Python version, or at least Python 3.11, to continue receiving updates for google.cloud.storage_control_v2 past that date.
  warnings.warn(message, FutureWarning)
[era5-truth] cached: HurricaneIda_2021_verif_u850_speed.nc
[era5-truth] cached: HurricaneIda_2021_verif_u850_speed_max.nc
[hrrr-truth] shard archive not found at /glade/u/home/exu/Vayuh/data/moein/hrrr_work/shards_v1; skipping HRRR
[inputs 1p0 week2] cached: HurricaneIda_2021_inputs.nc
[prep] subprocess event=HurricaneIan_2022
/glade/work/exu/conda-envs/my-env/lib/python3.10/site-packages/google/api_core/_python_version_support.py:255: FutureWarning: You are using a Python version (3.10.20) which Google will stop supporting in new releases of google.api_core once it reaches its end of life (2026-10-04). Please upgrade to the latest Python version, or at least Python 3.11, to continue receiving updates for google.api_core past that date.
  warnings.warn(message, FutureWarning)
/glade/work/exu/conda-envs/my-env/lib/python3.10/site-packages/google/api_core/_python_version_support.py:255: FutureWarning: You are using a Python version (3.10.20) which Google will stop supporting in new releases of google.cloud._storage_v2 once it reaches its end of life (2026-10-04). Please upgrade to the latest Python version, or at least Python 3.11, to continue receiving updates for google.cloud._storage_v2 past that date.
  warnings.warn(message, FutureWarning)
/glade/work/exu/conda-envs/my-env/lib/python3.10/site-packages/google/api_core/_python_version_support.py:255: FutureWarning: You are using a Python version (3.10.20) which Google will stop supporting in new releases of google.cloud.storage_control_v2 once it reaches its end of life (2026-10-04). Please upgrade to the latest Python version, or at least Python 3.11, to continue receiving updates for google.cloud.storage_control_v2 past that date.
  warnings.warn(message, FutureWarning)
[era5-truth] cached: HurricaneIan_2022_verif_u850_speed.nc
[era5-truth] cached: HurricaneIan_2022_verif_u850_speed_max.nc
[hrrr-truth] shard archive not found at /glade/u/home/exu/Vayuh/data/moein/hrrr_work/shards_v1; skipping HRRR
[inputs 1p0 week2] cached: HurricaneIan_2022_inputs.nc
[prep] subprocess event=HurricaneIdalia_2023
/glade/work/exu/conda-envs/my-env/lib/python3.10/site-packages/google/api_core/_python_version_support.py:255: FutureWarning: You are using a Python version (3.10.20) which Google will stop supporting in new releases of google.api_core once it reaches its end of life (2026-10-04). Please upgrade to the latest Python version, or at least Python 3.11, to continue receiving updates for google.api_core past that date.
  warnings.warn(message, FutureWarning)
/glade/work/exu/conda-envs/my-env/lib/python3.10/site-packages/google/api_core/_python_version_support.py:255: FutureWarning: You are using a Python version (3.10.20) which Google will stop supporting in new releases of google.cloud._storage_v2 once it reaches its end of life (2026-10-04). Please upgrade to the latest Python version, or at least Python 3.11, to continue receiving updates for google.cloud._storage_v2 past that date.
  warnings.warn(message, FutureWarning)
/glade/work/exu/conda-envs/my-env/lib/python3.10/site-packages/google/api_core/_python_version_support.py:255: FutureWarning: You are using a Python version (3.10.20) which Google will stop supporting in new releases of google.cloud.storage_control_v2 once it reaches its end of life (2026-10-04). Please upgrade to the latest Python version, or at least Python 3.11, to continue receiving updates for google.cloud.storage_control_v2 past that date.
  warnings.warn(message, FutureWarning)
[era5-truth] cached: HurricaneIdalia_2023_verif_u850_speed.nc
[era5-truth] cached: HurricaneIdalia_2023_verif_u850_speed_max.nc
[hrrr-truth] shard archive not found at /glade/u/home/exu/Vayuh/data/moein/hrrr_work/shards_v1; skipping HRRR
[inputs 1p0 week2] cached: HurricaneIdalia_2023_inputs.nc
[prep] subprocess event=California_AR_Floods_2023
/glade/work/exu/conda-envs/my-env/lib/python3.10/site-packages/google/api_core/_python_version_support.py:255: FutureWarning: You are using a Python version (3.10.20) which Google will stop supporting in new releases of google.api_core once it reaches its end of life (2026-10-04). Please upgrade to the latest Python version, or at least Python 3.11, to continue receiving updates for google.api_core past that date.
  warnings.warn(message, FutureWarning)
/glade/work/exu/conda-envs/my-env/lib/python3.10/site-packages/google/api_core/_python_version_support.py:255: FutureWarning: You are using a Python version (3.10.20) which Google will stop supporting in new releases of google.cloud._storage_v2 once it reaches its end of life (2026-10-04). Please upgrade to the latest Python version, or at least Python 3.11, to continue receiving updates for google.cloud._storage_v2 past that date.
  warnings.warn(message, FutureWarning)
/glade/work/exu/conda-envs/my-env/lib/python3.10/site-packages/google/api_core/_python_version_support.py:255: FutureWarning: You are using a Python version (3.10.20) which Google will stop supporting in new releases of google.cloud.storage_control_v2 once it reaches its end of life (2026-10-04). Please upgrade to the latest Python version, or at least Python 3.11, to continue receiving updates for google.cloud.storage_control_v2 past that date.
  warnings.warn(message, FutureWarning)
[era5-truth] cached: California_AR_Floods_2023_verif_tp_total.nc
[era5-truth] cached: California_AR_Floods_2023_verif_tp_max12h.nc
[hrrr-truth] shard archive not found at /glade/u/home/exu/Vayuh/data/moein/hrrr_work/shards_v1; skipping HRRR
[inputs 1p0 week2] cached: California_AR_Floods_2023_inputs.nc
[prep] subprocess event=Kentucky_Floods_2022
/glade/work/exu/conda-envs/my-env/lib/python3.10/site-packages/google/api_core/_python_version_support.py:255: FutureWarning: You are using a Python version (3.10.20) which Google will stop supporting in new releases of google.api_core once it reaches its end of life (2026-10-04). Please upgrade to the latest Python version, or at least Python 3.11, to continue receiving updates for google.api_core past that date.
  warnings.warn(message, FutureWarning)
/glade/work/exu/conda-envs/my-env/lib/python3.10/site-packages/google/api_core/_python_version_support.py:255: FutureWarning: You are using a Python version (3.10.20) which Google will stop supporting in new releases of google.cloud._storage_v2 once it reaches its end of life (2026-10-04). Please upgrade to the latest Python version, or at least Python 3.11, to continue receiving updates for google.cloud._storage_v2 past that date.
  warnings.warn(message, FutureWarning)
/glade/work/exu/conda-envs/my-env/lib/python3.10/site-packages/google/api_core/_python_version_support.py:255: FutureWarning: You are using a Python version (3.10.20) which Google will stop supporting in new releases of google.cloud.storage_control_v2 once it reaches its end of life (2026-10-04). Please upgrade to the latest Python version, or at least Python 3.11, to continue receiving updates for google.cloud.storage_control_v2 past that date.
  warnings.warn(message, FutureWarning)
[era5-truth] cached: Kentucky_Floods_2022_verif_tp_total.nc
[era5-truth] cached: Kentucky_Floods_2022_verif_tp_max12h.nc
[hrrr-truth] shard archive not found at /glade/u/home/exu/Vayuh/data/moein/hrrr_work/shards_v1; skipping HRRR
[inputs 1p0 week2] cached: Kentucky_Floods_2022_inputs.nc
[prep] subprocess event=Vermont_Floods_2023
/glade/work/exu/conda-envs/my-env/lib/python3.10/site-packages/google/api_core/_python_version_support.py:255: FutureWarning: You are using a Python version (3.10.20) which Google will stop supporting in new releases of google.api_core once it reaches its end of life (2026-10-04). Please upgrade to the latest Python version, or at least Python 3.11, to continue receiving updates for google.api_core past that date.
  warnings.warn(message, FutureWarning)
/glade/work/exu/conda-envs/my-env/lib/python3.10/site-packages/google/api_core/_python_version_support.py:255: FutureWarning: You are using a Python version (3.10.20) which Google will stop supporting in new releases of google.cloud._storage_v2 once it reaches its end of life (2026-10-04). Please upgrade to the latest Python version, or at least Python 3.11, to continue receiving updates for google.cloud._storage_v2 past that date.
  warnings.warn(message, FutureWarning)
/glade/work/exu/conda-envs/my-env/lib/python3.10/site-packages/google/api_core/_python_version_support.py:255: FutureWarning: You are using a Python version (3.10.20) which Google will stop supporting in new releases of google.cloud.storage_control_v2 once it reaches its end of life (2026-10-04). Please upgrade to the latest Python version, or at least Python 3.11, to continue receiving updates for google.cloud.storage_control_v2 past that date.
  warnings.warn(message, FutureWarning)
[era5-truth] cached: Vermont_Floods_2023_verif_tp_total.nc
[era5-truth] cached: Vermont_Floods_2023_verif_tp_max12h.nc
[hrrr-truth] shard archive not found at /glade/u/home/exu/Vayuh/data/moein/hrrr_work/shards_v1; skipping HRRR
[inputs 1p0 week2] cached: Vermont_Floods_2023_inputs.nc
/glade/work/exu/conda-envs/my-env/lib/python3.10/site-packages/google/api_core/_python_version_support.py:255: FutureWarning: You are using a Python version (3.10.20) which Google will stop supporting in new releases of google.api_core once it reaches its end of life (2026-10-04). Please upgrade to the latest Python version, or at least Python 3.11, to continue receiving updates for google.api_core past that date.
  warnings.warn(message, FutureWarning)
/glade/work/exu/conda-envs/my-env/lib/python3.10/site-packages/google/api_core/_python_version_support.py:255: FutureWarning: You are using a Python version (3.10.20) which Google will stop supporting in new releases of google.cloud._storage_v2 once it reaches its end of life (2026-10-04). Please upgrade to the latest Python version, or at least Python 3.11, to continue receiving updates for google.cloud._storage_v2 past that date.
  warnings.warn(message, FutureWarning)
/glade/work/exu/conda-envs/my-env/lib/python3.10/site-packages/google/api_core/_python_version_support.py:255: FutureWarning: You are using a Python version (3.10.20) which Google will stop supporting in new releases of google.cloud.storage_control_v2 once it reaches its end of life (2026-10-04). Please upgrade to the latest Python version, or at least Python 3.11, to continue receiving updates for google.cloud.storage_control_v2 past that date.
  warnings.warn(message, FutureWarning)
[model] GenCast loaded on 4 device(s); ensemble=24 (6 wave(s) of 4). task pressure levels: 13
=== xres 1p0 (GenCast 1.0deg): week2, lead 14d, 28 steps, 24 members ===
PNW_HeatDome_2021 [1p0 week2] init=peak-14d ...
/glade/derecho/scratch/exu/S2S_ExtremeWeather/third_party/graphcast/graphcast/rollout.py:328: FutureWarning: The return type of `Dataset.dims` will be changed to return a set of dimension names in future, in order to be more consistent with `DataArray.dims`. To access a mapping from dimension names to lengths, please use `Dataset.sizes`.
  num_target_steps = targets_template.dims["time"]
/glade/work/exu/conda-envs/my-env/lib/python3.10/site-packages/scipy/sparse/_index.py:210: SparseEfficiencyWarning: Changing the sparsity structure of a csr_matrix is expensive. lil and dok are more efficient.
  self._set_arrayXarray(i, j, x)
/glade/work/exu/conda-envs/my-env/lib/python3.10/site-packages/scipy/sparse/_index.py:210: SparseEfficiencyWarning: Changing the sparsity structure of a csr_matrix is expensive. lil and dok are more efficient.
  self._set_arrayXarray(i, j, x)
/glade/work/exu/conda-envs/my-env/lib/python3.10/site-packages/jax/_src/interpreters/mlir.py:1135: UserWarning: A large amount of constants were captured during lowering (2.57GB total). If this is intentional, disable this warning by setting JAX_CAPTURED_CONSTANTS_WARN_BYTES=-1. To obtain a report of where these constants were encountered, set JAX_CAPTURED_CONSTANTS_REPORT_FRAMES=-1.
  warnings.warn(message)
/glade/derecho/scratch/exu/S2S_ExtremeWeather/third_party/graphcast/graphcast/rollout.py:435: FutureWarning: The return type of `Dataset.dims` will be changed to return a set of dimension names in future, in order to be more consistent with `DataArray.dims`. To access a mapping from dimension names to lengths, please use `Dataset.sizes`.
  num_inputs = prev_inputs.dims["time"]
/glade/derecho/scratch/exu/S2S_ExtremeWeather/third_party/graphcast/graphcast/rollout.py:328: FutureWarning: The return type of `Dataset.dims` will be changed to return a set of dimension names in future, in order to be more consistent with `DataArray.dims`. To access a mapping from dimension names to lengths, please use `Dataset.sizes`.
  num_target_steps = targets_template.dims["time"]
  saved cube PNW_HeatDome_2021_cube.nc  members=24 steps=168 vars=12 size=271MB
Traceback (most recent call last):
  File "/glade/derecho/scratch/exu/S2S_ExtremeWeather/run_xres.py", line 100, in <module>
    main()
  File "/glade/derecho/scratch/exu/S2S_ExtremeWeather/run_xres.py", line 93, in main
    do_infer(args.res, args.weeks, args.members)
  File "/glade/derecho/scratch/exu/S2S_ExtremeWeather/run_xres.py", line 66, in do_infer
    xinference.run_all(res, weeks, n_members=members)
  File "/glade/derecho/scratch/exu/S2S_ExtremeWeather/xres/xinference.py", line 153, in run_all
    run_event(bundle, res, weeks, name, peak)
  File "/glade/derecho/scratch/exu/S2S_ExtremeWeather/xres/xinference.py", line 126, in run_event
    _derive_metrics(res, weeks, name, peak, cube=cube)
  File "/glade/derecho/scratch/exu/S2S_ExtremeWeather/xres/xinference.py", line 138, in _derive_metrics
    field = XM.forecast_field(cube, peak, metric)        # (member, lat, lon)
  File "/glade/derecho/scratch/exu/S2S_ExtremeWeather/xres/xmetrics.py", line 107, in forecast_field
    t2m = cube["2m_temperature"].sel(time=w).mean("time")
  File "/glade/work/exu/conda-envs/my-env/lib/python3.10/site-packages/xarray/core/dataarray.py", line 1664, in sel
    ds = self._to_temp_dataset().sel(
  File "/glade/work/exu/conda-envs/my-env/lib/python3.10/site-packages/xarray/core/dataset.py", line 2912, in sel
    query_results = map_index_queries(
  File "/glade/work/exu/conda-envs/my-env/lib/python3.10/site-packages/xarray/core/indexing.py", line 197, in map_index_queries
    results.append(index.sel(labels, **options))
  File "/glade/work/exu/conda-envs/my-env/lib/python3.10/site-packages/xarray/core/indexes.py", line 869, in sel
    indexer = get_indexer_nd(self.index, label_array, method, tolerance)
  File "/glade/work/exu/conda-envs/my-env/lib/python3.10/site-packages/xarray/core/indexes.py", line 630, in get_indexer_nd
    flat_indexer = index.get_indexer(flat_labels, method=method, tolerance=tolerance)
  File "/glade/work/exu/conda-envs/my-env/lib/python3.10/site-packages/pandas/core/indexes/base.py", line 3892, in get_indexer
    raise InvalidIndexError(self._requires_unique_msg)
pandas.errors.InvalidIndexError: Reindexing only valid with uniquely valued Index objects
Host: deg0038
Start: Mon Jul  6 11:10:44 PM MDT 2026
GPU 0: NVIDIA A100-SXM4-40GB (UUID: GPU-a0cd7bec-7854-48bd-9a9b-81d52c609b7e)
GPU 1: NVIDIA A100-SXM4-40GB (UUID: GPU-7fe1c95b-862b-53ca-922d-611a03867a8d)
GPU 2: NVIDIA A100-SXM4-40GB (UUID: GPU-9f217b45-6b79-f9f0-b9f5-e809432f0972)
GPU 3: NVIDIA A100-SXM4-40GB (UUID: GPU-74a77a73-3c2b-15bc-cc22-f92ca678256e)
JAX devices: [CudaDevice(id=0), CudaDevice(id=1), CudaDevice(id=2), CudaDevice(id=3)]
/glade/work/exu/conda-envs/my-env/lib/python3.10/site-packages/google/api_core/_python_version_support.py:255: FutureWarning: You are using a Python version (3.10.20) which Google will stop supporting in new releases of google.api_core once it reaches its end of life (2026-10-04). Please upgrade to the latest Python version, or at least Python 3.11, to continue receiving updates for google.api_core past that date.
  warnings.warn(message, FutureWarning)
/glade/work/exu/conda-envs/my-env/lib/python3.10/site-packages/google/api_core/_python_version_support.py:255: FutureWarning: You are using a Python version (3.10.20) which Google will stop supporting in new releases of google.cloud._storage_v2 once it reaches its end of life (2026-10-04). Please upgrade to the latest Python version, or at least Python 3.11, to continue receiving updates for google.cloud._storage_v2 past that date.
  warnings.warn(message, FutureWarning)
/glade/work/exu/conda-envs/my-env/lib/python3.10/site-packages/google/api_core/_python_version_support.py:255: FutureWarning: You are using a Python version (3.10.20) which Google will stop supporting in new releases of google.cloud.storage_control_v2 once it reaches its end of life (2026-10-04). Please upgrade to the latest Python version, or at least Python 3.11, to continue receiving updates for google.cloud.storage_control_v2 past that date.
  warnings.warn(message, FutureWarning)
[model] checkpoint (0p25): GenCast 0p25deg <2019.npz
[model] checkpoint (1p0): GenCast 1p0deg <2019.npz
[model] stats: diffs_stddev_by_level.nc
[model] stats: mean_by_level.nc
[model] stats: stddev_by_level.nc
[model] stats: min_by_level.nc
[model] statics (orography + land-sea mask)
[model] statics cached: statics.nc
[clim] cached: clim_1990_2019_t2m_conus.nc
[model] done
[prep] subprocess event=PNW_HeatDome_2021
/glade/work/exu/conda-envs/my-env/lib/python3.10/site-packages/google/api_core/_python_version_support.py:255: FutureWarning: You are using a Python version (3.10.20) which Google will stop supporting in new releases of google.api_core once it reaches its end of life (2026-10-04). Please upgrade to the latest Python version, or at least Python 3.11, to continue receiving updates for google.api_core past that date.
  warnings.warn(message, FutureWarning)
/glade/work/exu/conda-envs/my-env/lib/python3.10/site-packages/google/api_core/_python_version_support.py:255: FutureWarning: You are using a Python version (3.10.20) which Google will stop supporting in new releases of google.cloud._storage_v2 once it reaches its end of life (2026-10-04). Please upgrade to the latest Python version, or at least Python 3.11, to continue receiving updates for google.cloud._storage_v2 past that date.
  warnings.warn(message, FutureWarning)
/glade/work/exu/conda-envs/my-env/lib/python3.10/site-packages/google/api_core/_python_version_support.py:255: FutureWarning: You are using a Python version (3.10.20) which Google will stop supporting in new releases of google.cloud.storage_control_v2 once it reaches its end of life (2026-10-04). Please upgrade to the latest Python version, or at least Python 3.11, to continue receiving updates for google.cloud.storage_control_v2 past that date.
  warnings.warn(message, FutureWarning)
[era5-truth] cached: PNW_HeatDome_2021_verif_t2m_anom.nc
[hrrr-truth] shard archive not found at /glade/u/home/exu/Vayuh/data/moein/hrrr_work/shards_v1; skipping HRRR
[inputs 1p0 week2] cached: PNW_HeatDome_2021_inputs.nc
[prep] subprocess event=Southwest_HeatWave_2020
/glade/work/exu/conda-envs/my-env/lib/python3.10/site-packages/google/api_core/_python_version_support.py:255: FutureWarning: You are using a Python version (3.10.20) which Google will stop supporting in new releases of google.api_core once it reaches its end of life (2026-10-04). Please upgrade to the latest Python version, or at least Python 3.11, to continue receiving updates for google.api_core past that date.
  warnings.warn(message, FutureWarning)
/glade/work/exu/conda-envs/my-env/lib/python3.10/site-packages/google/api_core/_python_version_support.py:255: FutureWarning: You are using a Python version (3.10.20) which Google will stop supporting in new releases of google.cloud._storage_v2 once it reaches its end of life (2026-10-04). Please upgrade to the latest Python version, or at least Python 3.11, to continue receiving updates for google.cloud._storage_v2 past that date.
  warnings.warn(message, FutureWarning)
/glade/work/exu/conda-envs/my-env/lib/python3.10/site-packages/google/api_core/_python_version_support.py:255: FutureWarning: You are using a Python version (3.10.20) which Google will stop supporting in new releases of google.cloud.storage_control_v2 once it reaches its end of life (2026-10-04). Please upgrade to the latest Python version, or at least Python 3.11, to continue receiving updates for google.cloud.storage_control_v2 past that date.
  warnings.warn(message, FutureWarning)
[era5-truth] cached: Southwest_HeatWave_2020_verif_t2m_anom.nc
[hrrr-truth] shard archive not found at /glade/u/home/exu/Vayuh/data/moein/hrrr_work/shards_v1; skipping HRRR
[inputs 1p0 week2] cached: Southwest_HeatWave_2020_inputs.nc
[prep] subprocess event=California_HeatWave_2022
/glade/work/exu/conda-envs/my-env/lib/python3.10/site-packages/google/api_core/_python_version_support.py:255: FutureWarning: You are using a Python version (3.10.20) which Google will stop supporting in new releases of google.api_core once it reaches its end of life (2026-10-04). Please upgrade to the latest Python version, or at least Python 3.11, to continue receiving updates for google.api_core past that date.
  warnings.warn(message, FutureWarning)
/glade/work/exu/conda-envs/my-env/lib/python3.10/site-packages/google/api_core/_python_version_support.py:255: FutureWarning: You are using a Python version (3.10.20) which Google will stop supporting in new releases of google.cloud._storage_v2 once it reaches its end of life (2026-10-04). Please upgrade to the latest Python version, or at least Python 3.11, to continue receiving updates for google.cloud._storage_v2 past that date.
  warnings.warn(message, FutureWarning)
/glade/work/exu/conda-envs/my-env/lib/python3.10/site-packages/google/api_core/_python_version_support.py:255: FutureWarning: You are using a Python version (3.10.20) which Google will stop supporting in new releases of google.cloud.storage_control_v2 once it reaches its end of life (2026-10-04). Please upgrade to the latest Python version, or at least Python 3.11, to continue receiving updates for google.cloud.storage_control_v2 past that date.
  warnings.warn(message, FutureWarning)
[era5-truth] cached: California_HeatWave_2022_verif_t2m_anom.nc
[hrrr-truth] shard archive not found at /glade/u/home/exu/Vayuh/data/moein/hrrr_work/shards_v1; skipping HRRR
[inputs 1p0 week2] cached: California_HeatWave_2022_inputs.nc
[prep] subprocess event=WinterStorm_Uri_2021
/glade/work/exu/conda-envs/my-env/lib/python3.10/site-packages/google/api_core/_python_version_support.py:255: FutureWarning: You are using a Python version (3.10.20) which Google will stop supporting in new releases of google.api_core once it reaches its end of life (2026-10-04). Please upgrade to the latest Python version, or at least Python 3.11, to continue receiving updates for google.api_core past that date.
  warnings.warn(message, FutureWarning)
/glade/work/exu/conda-envs/my-env/lib/python3.10/site-packages/google/api_core/_python_version_support.py:255: FutureWarning: You are using a Python version (3.10.20) which Google will stop supporting in new releases of google.cloud._storage_v2 once it reaches its end of life (2026-10-04). Please upgrade to the latest Python version, or at least Python 3.11, to continue receiving updates for google.cloud._storage_v2 past that date.
  warnings.warn(message, FutureWarning)
/glade/work/exu/conda-envs/my-env/lib/python3.10/site-packages/google/api_core/_python_version_support.py:255: FutureWarning: You are using a Python version (3.10.20) which Google will stop supporting in new releases of google.cloud.storage_control_v2 once it reaches its end of life (2026-10-04). Please upgrade to the latest Python version, or at least Python 3.11, to continue receiving updates for google.cloud.storage_control_v2 past that date.
  warnings.warn(message, FutureWarning)
[era5-truth] cached: WinterStorm_Uri_2021_verif_t2m_anom.nc
[hrrr-truth] shard archive not found at /glade/u/home/exu/Vayuh/data/moein/hrrr_work/shards_v1; skipping HRRR
[inputs 1p0 week2] cached: WinterStorm_Uri_2021_inputs.nc
[prep] subprocess event=PolarVortex_2019
/glade/work/exu/conda-envs/my-env/lib/python3.10/site-packages/google/api_core/_python_version_support.py:255: FutureWarning: You are using a Python version (3.10.20) which Google will stop supporting in new releases of google.api_core once it reaches its end of life (2026-10-04). Please upgrade to the latest Python version, or at least Python 3.11, to continue receiving updates for google.api_core past that date.
  warnings.warn(message, FutureWarning)
/glade/work/exu/conda-envs/my-env/lib/python3.10/site-packages/google/api_core/_python_version_support.py:255: FutureWarning: You are using a Python version (3.10.20) which Google will stop supporting in new releases of google.cloud._storage_v2 once it reaches its end of life (2026-10-04). Please upgrade to the latest Python version, or at least Python 3.11, to continue receiving updates for google.cloud._storage_v2 past that date.
  warnings.warn(message, FutureWarning)
/glade/work/exu/conda-envs/my-env/lib/python3.10/site-packages/google/api_core/_python_version_support.py:255: FutureWarning: You are using a Python version (3.10.20) which Google will stop supporting in new releases of google.cloud.storage_control_v2 once it reaches its end of life (2026-10-04). Please upgrade to the latest Python version, or at least Python 3.11, to continue receiving updates for google.cloud.storage_control_v2 past that date.
  warnings.warn(message, FutureWarning)
[era5-truth] cached: PolarVortex_2019_verif_t2m_anom.nc
[hrrr-truth] shard archive not found at /glade/u/home/exu/Vayuh/data/moein/hrrr_work/shards_v1; skipping HRRR
[inputs 1p0 week2] cached: PolarVortex_2019_inputs.nc
[prep] subprocess event=WinterStorm_Elliott_2022
/glade/work/exu/conda-envs/my-env/lib/python3.10/site-packages/google/api_core/_python_version_support.py:255: FutureWarning: You are using a Python version (3.10.20) which Google will stop supporting in new releases of google.api_core once it reaches its end of life (2026-10-04). Please upgrade to the latest Python version, or at least Python 3.11, to continue receiving updates for google.api_core past that date.
  warnings.warn(message, FutureWarning)
/glade/work/exu/conda-envs/my-env/lib/python3.10/site-packages/google/api_core/_python_version_support.py:255: FutureWarning: You are using a Python version (3.10.20) which Google will stop supporting in new releases of google.cloud._storage_v2 once it reaches its end of life (2026-10-04). Please upgrade to the latest Python version, or at least Python 3.11, to continue receiving updates for google.cloud._storage_v2 past that date.
  warnings.warn(message, FutureWarning)
/glade/work/exu/conda-envs/my-env/lib/python3.10/site-packages/google/api_core/_python_version_support.py:255: FutureWarning: You are using a Python version (3.10.20) which Google will stop supporting in new releases of google.cloud.storage_control_v2 once it reaches its end of life (2026-10-04). Please upgrade to the latest Python version, or at least Python 3.11, to continue receiving updates for google.cloud.storage_control_v2 past that date.
  warnings.warn(message, FutureWarning)
[era5-truth] cached: WinterStorm_Elliott_2022_verif_t2m_anom.nc
[hrrr-truth] shard archive not found at /glade/u/home/exu/Vayuh/data/moein/hrrr_work/shards_v1; skipping HRRR
[inputs 1p0 week2] cached: WinterStorm_Elliott_2022_inputs.nc
[prep] subprocess event=HurricaneIda_2021
/glade/work/exu/conda-envs/my-env/lib/python3.10/site-packages/google/api_core/_python_version_support.py:255: FutureWarning: You are using a Python version (3.10.20) which Google will stop supporting in new releases of google.api_core once it reaches its end of life (2026-10-04). Please upgrade to the latest Python version, or at least Python 3.11, to continue receiving updates for google.api_core past that date.
  warnings.warn(message, FutureWarning)
/glade/work/exu/conda-envs/my-env/lib/python3.10/site-packages/google/api_core/_python_version_support.py:255: FutureWarning: You are using a Python version (3.10.20) which Google will stop supporting in new releases of google.cloud._storage_v2 once it reaches its end of life (2026-10-04). Please upgrade to the latest Python version, or at least Python 3.11, to continue receiving updates for google.cloud._storage_v2 past that date.
  warnings.warn(message, FutureWarning)
/glade/work/exu/conda-envs/my-env/lib/python3.10/site-packages/google/api_core/_python_version_support.py:255: FutureWarning: You are using a Python version (3.10.20) which Google will stop supporting in new releases of google.cloud.storage_control_v2 once it reaches its end of life (2026-10-04). Please upgrade to the latest Python version, or at least Python 3.11, to continue receiving updates for google.cloud.storage_control_v2 past that date.
  warnings.warn(message, FutureWarning)
[era5-truth] cached: HurricaneIda_2021_verif_u850_speed.nc
[era5-truth] cached: HurricaneIda_2021_verif_u850_speed_max.nc
[hrrr-truth] shard archive not found at /glade/u/home/exu/Vayuh/data/moein/hrrr_work/shards_v1; skipping HRRR
[inputs 1p0 week2] cached: HurricaneIda_2021_inputs.nc
[prep] subprocess event=HurricaneIan_2022
/glade/work/exu/conda-envs/my-env/lib/python3.10/site-packages/google/api_core/_python_version_support.py:255: FutureWarning: You are using a Python version (3.10.20) which Google will stop supporting in new releases of google.api_core once it reaches its end of life (2026-10-04). Please upgrade to the latest Python version, or at least Python 3.11, to continue receiving updates for google.api_core past that date.
  warnings.warn(message, FutureWarning)
/glade/work/exu/conda-envs/my-env/lib/python3.10/site-packages/google/api_core/_python_version_support.py:255: FutureWarning: You are using a Python version (3.10.20) which Google will stop supporting in new releases of google.cloud._storage_v2 once it reaches its end of life (2026-10-04). Please upgrade to the latest Python version, or at least Python 3.11, to continue receiving updates for google.cloud._storage_v2 past that date.
  warnings.warn(message, FutureWarning)
/glade/work/exu/conda-envs/my-env/lib/python3.10/site-packages/google/api_core/_python_version_support.py:255: FutureWarning: You are using a Python version (3.10.20) which Google will stop supporting in new releases of google.cloud.storage_control_v2 once it reaches its end of life (2026-10-04). Please upgrade to the latest Python version, or at least Python 3.11, to continue receiving updates for google.cloud.storage_control_v2 past that date.
  warnings.warn(message, FutureWarning)
[era5-truth] cached: HurricaneIan_2022_verif_u850_speed.nc
[era5-truth] cached: HurricaneIan_2022_verif_u850_speed_max.nc
[hrrr-truth] shard archive not found at /glade/u/home/exu/Vayuh/data/moein/hrrr_work/shards_v1; skipping HRRR
[inputs 1p0 week2] cached: HurricaneIan_2022_inputs.nc
[prep] subprocess event=HurricaneIdalia_2023
/glade/work/exu/conda-envs/my-env/lib/python3.10/site-packages/google/api_core/_python_version_support.py:255: FutureWarning: You are using a Python version (3.10.20) which Google will stop supporting in new releases of google.api_core once it reaches its end of life (2026-10-04). Please upgrade to the latest Python version, or at least Python 3.11, to continue receiving updates for google.api_core past that date.
  warnings.warn(message, FutureWarning)
/glade/work/exu/conda-envs/my-env/lib/python3.10/site-packages/google/api_core/_python_version_support.py:255: FutureWarning: You are using a Python version (3.10.20) which Google will stop supporting in new releases of google.cloud._storage_v2 once it reaches its end of life (2026-10-04). Please upgrade to the latest Python version, or at least Python 3.11, to continue receiving updates for google.cloud._storage_v2 past that date.
  warnings.warn(message, FutureWarning)
/glade/work/exu/conda-envs/my-env/lib/python3.10/site-packages/google/api_core/_python_version_support.py:255: FutureWarning: You are using a Python version (3.10.20) which Google will stop supporting in new releases of google.cloud.storage_control_v2 once it reaches its end of life (2026-10-04). Please upgrade to the latest Python version, or at least Python 3.11, to continue receiving updates for google.cloud.storage_control_v2 past that date.
  warnings.warn(message, FutureWarning)
[era5-truth] cached: HurricaneIdalia_2023_verif_u850_speed.nc
[era5-truth] cached: HurricaneIdalia_2023_verif_u850_speed_max.nc
[hrrr-truth] shard archive not found at /glade/u/home/exu/Vayuh/data/moein/hrrr_work/shards_v1; skipping HRRR
[inputs 1p0 week2] cached: HurricaneIdalia_2023_inputs.nc
[prep] subprocess event=California_AR_Floods_2023
/glade/work/exu/conda-envs/my-env/lib/python3.10/site-packages/google/api_core/_python_version_support.py:255: FutureWarning: You are using a Python version (3.10.20) which Google will stop supporting in new releases of google.api_core once it reaches its end of life (2026-10-04). Please upgrade to the latest Python version, or at least Python 3.11, to continue receiving updates for google.api_core past that date.
  warnings.warn(message, FutureWarning)
/glade/work/exu/conda-envs/my-env/lib/python3.10/site-packages/google/api_core/_python_version_support.py:255: FutureWarning: You are using a Python version (3.10.20) which Google will stop supporting in new releases of google.cloud._storage_v2 once it reaches its end of life (2026-10-04). Please upgrade to the latest Python version, or at least Python 3.11, to continue receiving updates for google.cloud._storage_v2 past that date.
  warnings.warn(message, FutureWarning)
/glade/work/exu/conda-envs/my-env/lib/python3.10/site-packages/google/api_core/_python_version_support.py:255: FutureWarning: You are using a Python version (3.10.20) which Google will stop supporting in new releases of google.cloud.storage_control_v2 once it reaches its end of life (2026-10-04). Please upgrade to the latest Python version, or at least Python 3.11, to continue receiving updates for google.cloud.storage_control_v2 past that date.
  warnings.warn(message, FutureWarning)
[era5-truth] cached: California_AR_Floods_2023_verif_tp_total.nc
[era5-truth] cached: California_AR_Floods_2023_verif_tp_max12h.nc
[hrrr-truth] shard archive not found at /glade/u/home/exu/Vayuh/data/moein/hrrr_work/shards_v1; skipping HRRR
[inputs 1p0 week2] cached: California_AR_Floods_2023_inputs.nc
[prep] subprocess event=Kentucky_Floods_2022
/glade/work/exu/conda-envs/my-env/lib/python3.10/site-packages/google/api_core/_python_version_support.py:255: FutureWarning: You are using a Python version (3.10.20) which Google will stop supporting in new releases of google.api_core once it reaches its end of life (2026-10-04). Please upgrade to the latest Python version, or at least Python 3.11, to continue receiving updates for google.api_core past that date.
  warnings.warn(message, FutureWarning)
/glade/work/exu/conda-envs/my-env/lib/python3.10/site-packages/google/api_core/_python_version_support.py:255: FutureWarning: You are using a Python version (3.10.20) which Google will stop supporting in new releases of google.cloud._storage_v2 once it reaches its end of life (2026-10-04). Please upgrade to the latest Python version, or at least Python 3.11, to continue receiving updates for google.cloud._storage_v2 past that date.
  warnings.warn(message, FutureWarning)
/glade/work/exu/conda-envs/my-env/lib/python3.10/site-packages/google/api_core/_python_version_support.py:255: FutureWarning: You are using a Python version (3.10.20) which Google will stop supporting in new releases of google.cloud.storage_control_v2 once it reaches its end of life (2026-10-04). Please upgrade to the latest Python version, or at least Python 3.11, to continue receiving updates for google.cloud.storage_control_v2 past that date.
  warnings.warn(message, FutureWarning)
[era5-truth] cached: Kentucky_Floods_2022_verif_tp_total.nc
[era5-truth] cached: Kentucky_Floods_2022_verif_tp_max12h.nc
[hrrr-truth] shard archive not found at /glade/u/home/exu/Vayuh/data/moein/hrrr_work/shards_v1; skipping HRRR
[inputs 1p0 week2] cached: Kentucky_Floods_2022_inputs.nc
[prep] subprocess event=Vermont_Floods_2023
/glade/work/exu/conda-envs/my-env/lib/python3.10/site-packages/google/api_core/_python_version_support.py:255: FutureWarning: You are using a Python version (3.10.20) which Google will stop supporting in new releases of google.api_core once it reaches its end of life (2026-10-04). Please upgrade to the latest Python version, or at least Python 3.11, to continue receiving updates for google.api_core past that date.
  warnings.warn(message, FutureWarning)
/glade/work/exu/conda-envs/my-env/lib/python3.10/site-packages/google/api_core/_python_version_support.py:255: FutureWarning: You are using a Python version (3.10.20) which Google will stop supporting in new releases of google.cloud._storage_v2 once it reaches its end of life (2026-10-04). Please upgrade to the latest Python version, or at least Python 3.11, to continue receiving updates for google.cloud._storage_v2 past that date.
  warnings.warn(message, FutureWarning)
/glade/work/exu/conda-envs/my-env/lib/python3.10/site-packages/google/api_core/_python_version_support.py:255: FutureWarning: You are using a Python version (3.10.20) which Google will stop supporting in new releases of google.cloud.storage_control_v2 once it reaches its end of life (2026-10-04). Please upgrade to the latest Python version, or at least Python 3.11, to continue receiving updates for google.cloud.storage_control_v2 past that date.
  warnings.warn(message, FutureWarning)
[era5-truth] cached: Vermont_Floods_2023_verif_tp_total.nc
[era5-truth] cached: Vermont_Floods_2023_verif_tp_max12h.nc
[hrrr-truth] shard archive not found at /glade/u/home/exu/Vayuh/data/moein/hrrr_work/shards_v1; skipping HRRR
[inputs 1p0 week2] cached: Vermont_Floods_2023_inputs.nc
/glade/work/exu/conda-envs/my-env/lib/python3.10/site-packages/google/api_core/_python_version_support.py:255: FutureWarning: You are using a Python version (3.10.20) which Google will stop supporting in new releases of google.api_core once it reaches its end of life (2026-10-04). Please upgrade to the latest Python version, or at least Python 3.11, to continue receiving updates for google.api_core past that date.
  warnings.warn(message, FutureWarning)
/glade/work/exu/conda-envs/my-env/lib/python3.10/site-packages/google/api_core/_python_version_support.py:255: FutureWarning: You are using a Python version (3.10.20) which Google will stop supporting in new releases of google.cloud._storage_v2 once it reaches its end of life (2026-10-04). Please upgrade to the latest Python version, or at least Python 3.11, to continue receiving updates for google.cloud._storage_v2 past that date.
  warnings.warn(message, FutureWarning)
/glade/work/exu/conda-envs/my-env/lib/python3.10/site-packages/google/api_core/_python_version_support.py:255: FutureWarning: You are using a Python version (3.10.20) which Google will stop supporting in new releases of google.cloud.storage_control_v2 once it reaches its end of life (2026-10-04). Please upgrade to the latest Python version, or at least Python 3.11, to continue receiving updates for google.cloud.storage_control_v2 past that date.
  warnings.warn(message, FutureWarning)
[model] GenCast loaded on 4 device(s); ensemble=24 (6 wave(s) of 4). task pressure levels: 13
=== xres 1p0 (GenCast 1.0deg): week2, lead 14d, 28 steps, 24 members ===
PNW_HeatDome_2021 [1p0 week2] init=peak-14d ...
/glade/derecho/scratch/exu/S2S_ExtremeWeather/third_party/graphcast/graphcast/rollout.py:328: FutureWarning: The return type of `Dataset.dims` will be changed to return a set of dimension names in future, in order to be more consistent with `DataArray.dims`. To access a mapping from dimension names to lengths, please use `Dataset.sizes`.
  num_target_steps = targets_template.dims["time"]
/glade/work/exu/conda-envs/my-env/lib/python3.10/site-packages/scipy/sparse/_index.py:210: SparseEfficiencyWarning: Changing the sparsity structure of a csr_matrix is expensive. lil and dok are more efficient.
  self._set_arrayXarray(i, j, x)
/glade/work/exu/conda-envs/my-env/lib/python3.10/site-packages/scipy/sparse/_index.py:210: SparseEfficiencyWarning: Changing the sparsity structure of a csr_matrix is expensive. lil and dok are more efficient.
  self._set_arrayXarray(i, j, x)
/glade/work/exu/conda-envs/my-env/lib/python3.10/site-packages/jax/_src/interpreters/mlir.py:1135: UserWarning: A large amount of constants were captured during lowering (2.57GB total). If this is intentional, disable this warning by setting JAX_CAPTURED_CONSTANTS_WARN_BYTES=-1. To obtain a report of where these constants were encountered, set JAX_CAPTURED_CONSTANTS_REPORT_FRAMES=-1.
  warnings.warn(message)
/glade/derecho/scratch/exu/S2S_ExtremeWeather/third_party/graphcast/graphcast/rollout.py:435: FutureWarning: The return type of `Dataset.dims` will be changed to return a set of dimension names in future, in order to be more consistent with `DataArray.dims`. To access a mapping from dimension names to lengths, please use `Dataset.sizes`.
  num_inputs = prev_inputs.dims["time"]
/glade/derecho/scratch/exu/S2S_ExtremeWeather/third_party/graphcast/graphcast/rollout.py:328: FutureWarning: The return type of `Dataset.dims` will be changed to return a set of dimension names in future, in order to be more consistent with `DataArray.dims`. To access a mapping from dimension names to lengths, please use `Dataset.sizes`.
  num_target_steps = targets_template.dims["time"]
  saved cube PNW_HeatDome_2021_cube.nc  members=24 steps=28 vars=12 size=267MB
    verif [t2m_anom]: members=24 mean=+0.977 -> PNW_HeatDome_2021_t2m_anom_members.nc
Southwest_HeatWave_2020 [1p0 week2] init=peak-14d ...
/glade/derecho/scratch/exu/S2S_ExtremeWeather/third_party/graphcast/graphcast/rollout.py:328: FutureWarning: The return type of `Dataset.dims` will be changed to return a set of dimension names in future, in order to be more consistent with `DataArray.dims`. To access a mapping from dimension names to lengths, please use `Dataset.sizes`.
  num_target_steps = targets_template.dims["time"]
/glade/derecho/scratch/exu/S2S_ExtremeWeather/third_party/graphcast/graphcast/rollout.py:435: FutureWarning: The return type of `Dataset.dims` will be changed to return a set of dimension names in future, in order to be more consistent with `DataArray.dims`. To access a mapping from dimension names to lengths, please use `Dataset.sizes`.
  num_inputs = prev_inputs.dims["time"]
  saved cube Southwest_HeatWave_2020_cube.nc  members=24 steps=28 vars=12 size=267MB
    verif [t2m_anom]: members=24 mean=+1.14 -> Southwest_HeatWave_2020_t2m_anom_members.nc
California_HeatWave_2022 [1p0 week2] init=peak-14d ...
/glade/derecho/scratch/exu/S2S_ExtremeWeather/third_party/graphcast/graphcast/rollout.py:328: FutureWarning: The return type of `Dataset.dims` will be changed to return a set of dimension names in future, in order to be more consistent with `DataArray.dims`. To access a mapping from dimension names to lengths, please use `Dataset.sizes`.
  num_target_steps = targets_template.dims["time"]
/glade/derecho/scratch/exu/S2S_ExtremeWeather/third_party/graphcast/graphcast/rollout.py:435: FutureWarning: The return type of `Dataset.dims` will be changed to return a set of dimension names in future, in order to be more consistent with `DataArray.dims`. To access a mapping from dimension names to lengths, please use `Dataset.sizes`.
  num_inputs = prev_inputs.dims["time"]
  saved cube California_HeatWave_2022_cube.nc  members=24 steps=28 vars=12 size=267MB
    verif [t2m_anom]: members=24 mean=+1.43 -> California_HeatWave_2022_t2m_anom_members.nc
WinterStorm_Uri_2021 [1p0 week2] init=peak-14d ...
/glade/derecho/scratch/exu/S2S_ExtremeWeather/third_party/graphcast/graphcast/rollout.py:328: FutureWarning: The return type of `Dataset.dims` will be changed to return a set of dimension names in future, in order to be more consistent with `DataArray.dims`. To access a mapping from dimension names to lengths, please use `Dataset.sizes`.
  num_target_steps = targets_template.dims["time"]
/glade/derecho/scratch/exu/S2S_ExtremeWeather/third_party/graphcast/graphcast/rollout.py:435: FutureWarning: The return type of `Dataset.dims` will be changed to return a set of dimension names in future, in order to be more consistent with `DataArray.dims`. To access a mapping from dimension names to lengths, please use `Dataset.sizes`.
  num_inputs = prev_inputs.dims["time"]
  saved cube WinterStorm_Uri_2021_cube.nc  members=24 steps=28 vars=12 size=267MB
    verif [t2m_anom]: members=24 mean=-2.62 -> WinterStorm_Uri_2021_t2m_anom_members.nc
PolarVortex_2019 [1p0 week2] init=peak-14d ...
/glade/derecho/scratch/exu/S2S_ExtremeWeather/third_party/graphcast/graphcast/rollout.py:328: FutureWarning: The return type of `Dataset.dims` will be changed to return a set of dimension names in future, in order to be more consistent with `DataArray.dims`. To access a mapping from dimension names to lengths, please use `Dataset.sizes`.
  num_target_steps = targets_template.dims["time"]
/glade/derecho/scratch/exu/S2S_ExtremeWeather/third_party/graphcast/graphcast/rollout.py:435: FutureWarning: The return type of `Dataset.dims` will be changed to return a set of dimension names in future, in order to be more consistent with `DataArray.dims`. To access a mapping from dimension names to lengths, please use `Dataset.sizes`.
  num_inputs = prev_inputs.dims["time"]
  saved cube PolarVortex_2019_cube.nc  members=24 steps=28 vars=12 size=267MB
    verif [t2m_anom]: members=24 mean=-1.51 -> PolarVortex_2019_t2m_anom_members.nc
WinterStorm_Elliott_2022 [1p0 week2] init=peak-14d ...
/glade/derecho/scratch/exu/S2S_ExtremeWeather/third_party/graphcast/graphcast/rollout.py:328: FutureWarning: The return type of `Dataset.dims` will be changed to return a set of dimension names in future, in order to be more consistent with `DataArray.dims`. To access a mapping from dimension names to lengths, please use `Dataset.sizes`.
  num_target_steps = targets_template.dims["time"]
/glade/derecho/scratch/exu/S2S_ExtremeWeather/third_party/graphcast/graphcast/rollout.py:435: FutureWarning: The return type of `Dataset.dims` will be changed to return a set of dimension names in future, in order to be more consistent with `DataArray.dims`. To access a mapping from dimension names to lengths, please use `Dataset.sizes`.
  num_inputs = prev_inputs.dims["time"]
  saved cube WinterStorm_Elliott_2022_cube.nc  members=24 steps=28 vars=12 size=266MB
    verif [t2m_anom]: members=24 mean=-1.7 -> WinterStorm_Elliott_2022_t2m_anom_members.nc
HurricaneIda_2021 [1p0 week2] init=peak-14d ...
/glade/derecho/scratch/exu/S2S_ExtremeWeather/third_party/graphcast/graphcast/rollout.py:328: FutureWarning: The return type of `Dataset.dims` will be changed to return a set of dimension names in future, in order to be more consistent with `DataArray.dims`. To access a mapping from dimension names to lengths, please use `Dataset.sizes`.
  num_target_steps = targets_template.dims["time"]
/glade/derecho/scratch/exu/S2S_ExtremeWeather/third_party/graphcast/graphcast/rollout.py:435: FutureWarning: The return type of `Dataset.dims` will be changed to return a set of dimension names in future, in order to be more consistent with `DataArray.dims`. To access a mapping from dimension names to lengths, please use `Dataset.sizes`.
  num_inputs = prev_inputs.dims["time"]
  saved cube HurricaneIda_2021_cube.nc  members=24 steps=28 vars=12 size=267MB
    verif [u850_speed]: members=24 mean=+5.98 -> HurricaneIda_2021_u850_speed_members.nc
    verif [u850_speed_max]: members=24 mean=+11.3 -> HurricaneIda_2021_u850_speed_max_members.nc
HurricaneIan_2022 [1p0 week2] init=peak-14d ...
/glade/derecho/scratch/exu/S2S_ExtremeWeather/third_party/graphcast/graphcast/rollout.py:328: FutureWarning: The return type of `Dataset.dims` will be changed to return a set of dimension names in future, in order to be more consistent with `DataArray.dims`. To access a mapping from dimension names to lengths, please use `Dataset.sizes`.
  num_target_steps = targets_template.dims["time"]
/glade/derecho/scratch/exu/S2S_ExtremeWeather/third_party/graphcast/graphcast/rollout.py:435: FutureWarning: The return type of `Dataset.dims` will be changed to return a set of dimension names in future, in order to be more consistent with `DataArray.dims`. To access a mapping from dimension names to lengths, please use `Dataset.sizes`.
  num_inputs = prev_inputs.dims["time"]
  saved cube HurricaneIan_2022_cube.nc  members=24 steps=28 vars=12 size=266MB
    verif [u850_speed]: members=24 mean=+6.5 -> HurricaneIan_2022_u850_speed_members.nc
    verif [u850_speed_max]: members=24 mean=+12.4 -> HurricaneIan_2022_u850_speed_max_members.nc
HurricaneIdalia_2023 [1p0 week2] init=peak-14d ...
/glade/derecho/scratch/exu/S2S_ExtremeWeather/third_party/graphcast/graphcast/rollout.py:328: FutureWarning: The return type of `Dataset.dims` will be changed to return a set of dimension names in future, in order to be more consistent with `DataArray.dims`. To access a mapping from dimension names to lengths, please use `Dataset.sizes`.
  num_target_steps = targets_template.dims["time"]
/glade/derecho/scratch/exu/S2S_ExtremeWeather/third_party/graphcast/graphcast/rollout.py:435: FutureWarning: The return type of `Dataset.dims` will be changed to return a set of dimension names in future, in order to be more consistent with `DataArray.dims`. To access a mapping from dimension names to lengths, please use `Dataset.sizes`.
  num_inputs = prev_inputs.dims["time"]
  saved cube HurricaneIdalia_2023_cube.nc  members=24 steps=28 vars=12 size=266MB
    verif [u850_speed]: members=24 mean=+6.15 -> HurricaneIdalia_2023_u850_speed_members.nc
    verif [u850_speed_max]: members=24 mean=+11.2 -> HurricaneIdalia_2023_u850_speed_max_members.nc
California_AR_Floods_2023 [1p0 week2] init=peak-14d ...
/glade/derecho/scratch/exu/S2S_ExtremeWeather/third_party/graphcast/graphcast/rollout.py:328: FutureWarning: The return type of `Dataset.dims` will be changed to return a set of dimension names in future, in order to be more consistent with `DataArray.dims`. To access a mapping from dimension names to lengths, please use `Dataset.sizes`.
  num_target_steps = targets_template.dims["time"]
/glade/derecho/scratch/exu/S2S_ExtremeWeather/third_party/graphcast/graphcast/rollout.py:435: FutureWarning: The return type of `Dataset.dims` will be changed to return a set of dimension names in future, in order to be more consistent with `DataArray.dims`. To access a mapping from dimension names to lengths, please use `Dataset.sizes`.
  num_inputs = prev_inputs.dims["time"]
  saved cube California_AR_Floods_2023_cube.nc  members=24 steps=28 vars=12 size=267MB
    verif [tp_total]: members=24 mean=+13.7 -> California_AR_Floods_2023_tp_total_members.nc
    verif [tp_max12h]: members=24 mean=+6.4 -> California_AR_Floods_2023_tp_max12h_members.nc
Kentucky_Floods_2022 [1p0 week2] init=peak-14d ...
/glade/derecho/scratch/exu/S2S_ExtremeWeather/third_party/graphcast/graphcast/rollout.py:328: FutureWarning: The return type of `Dataset.dims` will be changed to return a set of dimension names in future, in order to be more consistent with `DataArray.dims`. To access a mapping from dimension names to lengths, please use `Dataset.sizes`.
  num_target_steps = targets_template.dims["time"]
/glade/derecho/scratch/exu/S2S_ExtremeWeather/third_party/graphcast/graphcast/rollout.py:435: FutureWarning: The return type of `Dataset.dims` will be changed to return a set of dimension names in future, in order to be more consistent with `DataArray.dims`. To access a mapping from dimension names to lengths, please use `Dataset.sizes`.
  num_inputs = prev_inputs.dims["time"]
  saved cube Kentucky_Floods_2022_cube.nc  members=24 steps=28 vars=12 size=267MB
    verif [tp_total]: members=24 mean=+13.5 -> Kentucky_Floods_2022_tp_total_members.nc
    verif [tp_max12h]: members=24 mean=+6.06 -> Kentucky_Floods_2022_tp_max12h_members.nc
Vermont_Floods_2023 [1p0 week2] init=peak-14d ...
/glade/derecho/scratch/exu/S2S_ExtremeWeather/third_party/graphcast/graphcast/rollout.py:328: FutureWarning: The return type of `Dataset.dims` will be changed to return a set of dimension names in future, in order to be more consistent with `DataArray.dims`. To access a mapping from dimension names to lengths, please use `Dataset.sizes`.
  num_target_steps = targets_template.dims["time"]
/glade/derecho/scratch/exu/S2S_ExtremeWeather/third_party/graphcast/graphcast/rollout.py:435: FutureWarning: The return type of `Dataset.dims` will be changed to return a set of dimension names in future, in order to be more consistent with `DataArray.dims`. To access a mapping from dimension names to lengths, please use `Dataset.sizes`.
  num_inputs = prev_inputs.dims["time"]
  saved cube Vermont_Floods_2023_cube.nc  members=24 steps=28 vars=12 size=267MB
    verif [tp_total]: members=24 mean=+15.5 -> Vermont_Floods_2023_tp_total_members.nc
    verif [tp_max12h]: members=24 mean=+6.61 -> Vermont_Floods_2023_tp_max12h_members.nc
End: Tue Jul  7 03:40:38 AM MDT 2026
