=== xres 0p25 (GenCast 0.25deg): week3, lead 21d, 42 steps, 24 members, serial worker 5 ===
p90_20231107 [w5 0p25 week3] pass 1 (event 1/3)
WARNING: Logging before flag parsing goes to stderr.
I0723 00:43:41.528310 15274941840256 xla_bridge.py:849] Unable to initialize backend 'tpu': INTERNAL: Failed to open libtpu.so: libtpu.so: cannot open shared object file: No such file or directory
[model] serial infer on 1 device(s); ensemble=24 (24 sample(s), one at a time). task pressure levels: 13
I0723 00:46:02.525530 15274941840256 rollout.py:205] Sample 0/1
/home/ubuntu/Vayuh/data/eric/S2S_ExtremeWeather/third_party/graphcast/graphcast/rollout.py:328: FutureWarning: The return type of `Dataset.dims` will be changed to return a set of dimension names in future, in order to be more consistent with `DataArray.dims`. To access a mapping from dimension names to lengths, please use `Dataset.sizes`.
  num_target_steps = targets_template.dims["time"]
I0723 00:46:02.535627 15274941840256 rollout.py:361] Chunk 0/42
/home/ubuntu/miniconda3/envs/moe/lib/python3.12/site-packages/scipy/sparse/_index.py:210: SparseEfficiencyWarning: Changing the sparsity structure of a csr_matrix is expensive. lil and dok are more efficient.
  self._set_arrayXarray(i, j, x)
/home/ubuntu/miniconda3/envs/moe/lib/python3.12/site-packages/scipy/sparse/_index.py:210: SparseEfficiencyWarning: Changing the sparsity structure of a csr_matrix is expensive. lil and dok are more efficient.
  self._set_arrayXarray(i, j, x)
I0723 00:51:34.340365 15274941840256 sparse_transformer.py:507] mask_block_size: 10273.
/home/ubuntu/miniconda3/envs/moe/lib/python3.12/site-packages/jax/_src/compiler.py:833: UserWarning: Error writing persistent compilation cache entry for 'jit_apply_fn': JaxRuntimeError: RESOURCE_EXHAUSTED: Failed to serialize message of type xla.gpu.GpuExecutableProto because its size must be smaller than 2GiB: 4171375981; at byte 0; at uncompressed byte 0; at byte 2909
	failed to serialize the rest of the fields in GpuExecutableProto split proto (all fields except asm_text, binary, dnn_compiled_graphs, and constants)
  warnings.warn(
/home/ubuntu/Vayuh/data/eric/S2S_ExtremeWeather/third_party/graphcast/graphcast/rollout.py:435: FutureWarning: The return type of `Dataset.dims` will be changed to return a set of dimension names in future, in order to be more consistent with `DataArray.dims`. To access a mapping from dimension names to lengths, please use `Dataset.sizes`.
  num_inputs = prev_inputs.dims["time"]
/home/ubuntu/Vayuh/data/eric/S2S_ExtremeWeather/third_party/graphcast/graphcast/rollout.py:437: FutureWarning: In a future version of xarray the default value for compat will change from compat='equals' to compat='override'. This change will result in the following ValueError: Cannot specify both data_vars='different' and compat='override'. The recommendation is to set compat explicitly for this case.
  xarray.concat(
  [w5 0p25] p90_20231107: member 7/24  step 1/42
I0723 00:55:08.149265 15274941840256 rollout.py:361] Chunk 1/42
  [w5 0p25] p90_20231107: member 7/24  step 2/42
I0723 00:55:36.267336 15274941840256 rollout.py:361] Chunk 2/42
  [w5 0p25] p90_20231107: member 7/24  step 3/42
I0723 00:56:04.375698 15274941840256 rollout.py:361] Chunk 3/42
  [w5 0p25] p90_20231107: member 7/24  step 4/42
I0723 00:56:32.483441 15274941840256 rollout.py:361] Chunk 4/42
  [w5 0p25] p90_20231107: member 7/24  step 5/42
I0723 00:57:00.583774 15274941840256 rollout.py:361] Chunk 5/42
  [w5 0p25] p90_20231107: member 7/24  step 6/42
I0723 00:57:28.682358 15274941840256 rollout.py:361] Chunk 6/42
  [w5 0p25] p90_20231107: member 7/24  step 7/42
I0723 00:57:56.783736 15274941840256 rollout.py:361] Chunk 7/42
  [w5 0p25] p90_20231107: member 7/24  step 8/42
I0723 00:58:24.909885 15274941840256 rollout.py:361] Chunk 8/42
  [w5 0p25] p90_20231107: member 7/24  step 9/42
I0723 00:58:53.016343 15274941840256 rollout.py:361] Chunk 9/42
  [w5 0p25] p90_20231107: member 7/24  step 10/42
I0723 00:59:21.144457 15274941840256 rollout.py:361] Chunk 10/42
  [w5 0p25] p90_20231107: member 7/24  step 11/42
I0723 00:59:49.269610 15274941840256 rollout.py:361] Chunk 11/42
  [w5 0p25] p90_20231107: member 7/24  step 12/42
I0723 01:00:17.390249 15274941840256 rollout.py:361] Chunk 12/42
  [w5 0p25] p90_20231107: member 7/24  step 13/42
I0723 01:00:45.483388 15274941840256 rollout.py:361] Chunk 13/42
  [w5 0p25] p90_20231107: member 7/24  step 14/42
I0723 01:01:13.604567 15274941840256 rollout.py:361] Chunk 14/42
  [w5 0p25] p90_20231107: member 7/24  step 15/42
I0723 01:01:41.686974 15274941840256 rollout.py:361] Chunk 15/42
  [w5 0p25] p90_20231107: member 7/24  step 16/42
I0723 01:02:09.811003 15274941840256 rollout.py:361] Chunk 16/42
  [w5 0p25] p90_20231107: member 7/24  step 17/42
I0723 01:02:37.926244 15274941840256 rollout.py:361] Chunk 17/42
  [w5 0p25] p90_20231107: member 7/24  step 18/42
I0723 01:03:06.036408 15274941840256 rollout.py:361] Chunk 18/42
  [w5 0p25] p90_20231107: member 7/24  step 19/42
I0723 01:03:34.161772 15274941840256 rollout.py:361] Chunk 19/42
  [w5 0p25] p90_20231107: member 7/24  step 20/42
I0723 01:04:02.284946 15274941840256 rollout.py:361] Chunk 20/42
  [w5 0p25] p90_20231107: member 7/24  step 21/42
I0723 01:04:30.378422 15274941840256 rollout.py:361] Chunk 21/42
  [w5 0p25] p90_20231107: member 7/24  step 22/42
I0723 01:04:58.489273 15274941840256 rollout.py:361] Chunk 22/42
  [w5 0p25] p90_20231107: member 7/24  step 23/42
I0723 01:05:26.607102 15274941840256 rollout.py:361] Chunk 23/42
  [w5 0p25] p90_20231107: member 7/24  step 24/42
I0723 01:05:54.694015 15274941840256 rollout.py:361] Chunk 24/42
  [w5 0p25] p90_20231107: member 7/24  step 25/42
I0723 01:06:22.817317 15274941840256 rollout.py:361] Chunk 25/42
  [w5 0p25] p90_20231107: member 7/24  step 26/42
I0723 01:06:50.904943 15274941840256 rollout.py:361] Chunk 26/42
  [w5 0p25] p90_20231107: member 7/24  step 27/42
I0723 01:07:19.028447 15274941840256 rollout.py:361] Chunk 27/42
  [w5 0p25] p90_20231107: member 7/24  step 28/42
I0723 01:07:47.144389 15274941840256 rollout.py:361] Chunk 28/42
  [w5 0p25] p90_20231107: member 7/24  step 29/42
I0723 01:08:15.263143 15274941840256 rollout.py:361] Chunk 29/42
  [w5 0p25] p90_20231107: member 7/24  step 30/42
I0723 01:08:43.359946 15274941840256 rollout.py:361] Chunk 30/42
  [w5 0p25] p90_20231107: member 7/24  step 31/42
I0723 01:09:11.483089 15274941840256 rollout.py:361] Chunk 31/42
  [w5 0p25] p90_20231107: member 7/24  step 32/42
I0723 01:09:39.573400 15274941840256 rollout.py:361] Chunk 32/42
  [w5 0p25] p90_20231107: member 7/24  step 33/42
I0723 01:10:07.692611 15274941840256 rollout.py:361] Chunk 33/42
  [w5 0p25] p90_20231107: member 7/24  step 34/42
I0723 01:10:35.778971 15274941840256 rollout.py:361] Chunk 34/42
  [w5 0p25] p90_20231107: member 7/24  step 35/42
I0723 01:11:03.898494 15274941840256 rollout.py:361] Chunk 35/42
  [w5 0p25] p90_20231107: member 7/24  step 36/42
I0723 01:11:31.983391 15274941840256 rollout.py:361] Chunk 36/42
  [w5 0p25] p90_20231107: member 7/24  step 37/42
I0723 01:12:00.077845 15274941840256 rollout.py:361] Chunk 37/42
  [w5 0p25] p90_20231107: member 7/24  step 38/42
I0723 01:12:28.172247 15274941840256 rollout.py:361] Chunk 38/42
  [w5 0p25] p90_20231107: member 7/24  step 39/42
I0723 01:12:56.274622 15274941840256 rollout.py:361] Chunk 39/42
  [w5 0p25] p90_20231107: member 7/24  step 40/42
I0723 01:13:24.402477 15274941840256 rollout.py:361] Chunk 40/42
  [w5 0p25] p90_20231107: member 7/24  step 41/42
I0723 01:13:52.490591 15274941840256 rollout.py:361] Chunk 41/42
  [w5 0p25] p90_20231107: member 7/24  step 42/42
  [w5 0p25] p90_20231107: member 7/24 saved
I0723 01:14:29.400604 15274941840256 rollout.py:205] Sample 0/1
/home/ubuntu/Vayuh/data/eric/S2S_ExtremeWeather/third_party/graphcast/graphcast/rollout.py:328: FutureWarning: The return type of `Dataset.dims` will be changed to return a set of dimension names in future, in order to be more consistent with `DataArray.dims`. To access a mapping from dimension names to lengths, please use `Dataset.sizes`.
  num_target_steps = targets_template.dims["time"]
I0723 01:14:29.402000 15274941840256 rollout.py:361] Chunk 0/42
/home/ubuntu/Vayuh/data/eric/S2S_ExtremeWeather/third_party/graphcast/graphcast/rollout.py:435: FutureWarning: The return type of `Dataset.dims` will be changed to return a set of dimension names in future, in order to be more consistent with `DataArray.dims`. To access a mapping from dimension names to lengths, please use `Dataset.sizes`.
  num_inputs = prev_inputs.dims["time"]
/home/ubuntu/Vayuh/data/eric/S2S_ExtremeWeather/third_party/graphcast/graphcast/rollout.py:437: FutureWarning: In a future version of xarray the default value for compat will change from compat='equals' to compat='override'. This change will result in the following ValueError: Cannot specify both data_vars='different' and compat='override'. The recommendation is to set compat explicitly for this case.
  xarray.concat(
  [w5 0p25] p90_20231107: member 12/24  step 1/42
I0723 01:14:57.567928 15274941840256 rollout.py:361] Chunk 1/42
  [w5 0p25] p90_20231107: member 12/24  step 2/42
I0723 01:15:25.673322 15274941840256 rollout.py:361] Chunk 2/42
  [w5 0p25] p90_20231107: member 12/24  step 3/42
I0723 01:15:53.779734 15274941840256 rollout.py:361] Chunk 3/42
  [w5 0p25] p90_20231107: member 12/24  step 4/42
I0723 01:16:21.894200 15274941840256 rollout.py:361] Chunk 4/42
  [w5 0p25] p90_20231107: member 12/24  step 5/42
I0723 01:16:50.003126 15274941840256 rollout.py:361] Chunk 5/42
  [w5 0p25] p90_20231107: member 12/24  step 6/42
I0723 01:17:18.101314 15274941840256 rollout.py:361] Chunk 6/42
  [w5 0p25] p90_20231107: member 12/24  step 7/42
I0723 01:17:46.205255 15274941840256 rollout.py:361] Chunk 7/42
  [w5 0p25] p90_20231107: member 12/24  step 8/42
I0723 01:18:14.303812 15274941840256 rollout.py:361] Chunk 8/42
  [w5 0p25] p90_20231107: member 12/24  step 9/42
I0723 01:18:42.408789 15274941840256 rollout.py:361] Chunk 9/42
  [w5 0p25] p90_20231107: member 12/24  step 10/42
I0723 01:19:10.512672 15274941840256 rollout.py:361] Chunk 10/42
  [w5 0p25] p90_20231107: member 12/24  step 11/42
I0723 01:19:38.613874 15274941840256 rollout.py:361] Chunk 11/42
  [w5 0p25] p90_20231107: member 12/24  step 12/42
I0723 01:20:06.721347 15274941840256 rollout.py:361] Chunk 12/42
  [w5 0p25] p90_20231107: member 12/24  step 13/42
I0723 01:20:34.831402 15274941840256 rollout.py:361] Chunk 13/42
  [w5 0p25] p90_20231107: member 12/24  step 14/42
I0723 01:21:02.964809 15274941840256 rollout.py:361] Chunk 14/42
  [w5 0p25] p90_20231107: member 12/24  step 15/42
I0723 01:21:31.072276 15274941840256 rollout.py:361] Chunk 15/42
  [w5 0p25] p90_20231107: member 12/24  step 16/42
I0723 01:21:59.177581 15274941840256 rollout.py:361] Chunk 16/42
  [w5 0p25] p90_20231107: member 12/24  step 17/42
I0723 01:22:27.304223 15274941840256 rollout.py:361] Chunk 17/42
  [w5 0p25] p90_20231107: member 12/24  step 18/42
I0723 01:22:55.422594 15274941840256 rollout.py:361] Chunk 18/42
  [w5 0p25] p90_20231107: member 12/24  step 19/42
I0723 01:23:23.531536 15274941840256 rollout.py:361] Chunk 19/42
  [w5 0p25] p90_20231107: member 12/24  step 20/42
I0723 01:23:51.641689 15274941840256 rollout.py:361] Chunk 20/42
  [w5 0p25] p90_20231107: member 12/24  step 21/42
I0723 01:24:19.773041 15274941840256 rollout.py:361] Chunk 21/42
  [w5 0p25] p90_20231107: member 12/24  step 22/42
I0723 01:24:47.879219 15274941840256 rollout.py:361] Chunk 22/42
  [w5 0p25] p90_20231107: member 12/24  step 23/42
I0723 01:25:15.985492 15274941840256 rollout.py:361] Chunk 23/42
  [w5 0p25] p90_20231107: member 12/24  step 24/42
I0723 01:25:44.104324 15274941840256 rollout.py:361] Chunk 24/42
  [w5 0p25] p90_20231107: member 12/24  step 25/42
I0723 01:26:12.232797 15274941840256 rollout.py:361] Chunk 25/42
  [w5 0p25] p90_20231107: member 12/24  step 26/42
I0723 01:26:40.353308 15274941840256 rollout.py:361] Chunk 26/42
  [w5 0p25] p90_20231107: member 12/24  step 27/42
I0723 01:27:08.468727 15274941840256 rollout.py:361] Chunk 27/42
  [w5 0p25] p90_20231107: member 12/24  step 28/42
I0723 01:27:36.589576 15274941840256 rollout.py:361] Chunk 28/42
  [w5 0p25] p90_20231107: member 12/24  step 29/42
I0723 01:28:04.693723 15274941840256 rollout.py:361] Chunk 29/42
  [w5 0p25] p90_20231107: member 12/24  step 30/42
I0723 01:28:32.790873 15274941840256 rollout.py:361] Chunk 30/42
  [w5 0p25] p90_20231107: member 12/24  step 31/42
I0723 01:29:00.897883 15274941840256 rollout.py:361] Chunk 31/42
  [w5 0p25] p90_20231107: member 12/24  step 32/42
I0723 01:29:28.987779 15274941840256 rollout.py:361] Chunk 32/42
  [w5 0p25] p90_20231107: member 12/24  step 33/42
I0723 01:29:57.113492 15274941840256 rollout.py:361] Chunk 33/42
  [w5 0p25] p90_20231107: member 12/24  step 34/42
I0723 01:30:25.220371 15274941840256 rollout.py:361] Chunk 34/42
  [w5 0p25] p90_20231107: member 12/24  step 35/42
I0723 01:30:53.345115 15274941840256 rollout.py:361] Chunk 35/42
  [w5 0p25] p90_20231107: member 12/24  step 36/42
I0723 01:31:21.455075 15274941840256 rollout.py:361] Chunk 36/42
  [w5 0p25] p90_20231107: member 12/24  step 37/42
I0723 01:31:49.568755 15274941840256 rollout.py:361] Chunk 37/42
  [w5 0p25] p90_20231107: member 12/24  step 38/42
I0723 01:32:17.676410 15274941840256 rollout.py:361] Chunk 38/42
  [w5 0p25] p90_20231107: member 12/24  step 39/42
I0723 01:32:45.778525 15274941840256 rollout.py:361] Chunk 39/42
  [w5 0p25] p90_20231107: member 12/24  step 40/42
I0723 01:33:13.895114 15274941840256 rollout.py:361] Chunk 40/42
  [w5 0p25] p90_20231107: member 12/24  step 41/42
I0723 01:33:41.995402 15274941840256 rollout.py:361] Chunk 41/42
  [w5 0p25] p90_20231107: member 12/24  step 42/42
  [w5 0p25] p90_20231107: member 12/24 saved
I0723 01:34:18.121158 15274941840256 rollout.py:205] Sample 0/1
/home/ubuntu/Vayuh/data/eric/S2S_ExtremeWeather/third_party/graphcast/graphcast/rollout.py:328: FutureWarning: The return type of `Dataset.dims` will be changed to return a set of dimension names in future, in order to be more consistent with `DataArray.dims`. To access a mapping from dimension names to lengths, please use `Dataset.sizes`.
  num_target_steps = targets_template.dims["time"]
I0723 01:34:18.122693 15274941840256 rollout.py:361] Chunk 0/42
/home/ubuntu/Vayuh/data/eric/S2S_ExtremeWeather/third_party/graphcast/graphcast/rollout.py:435: FutureWarning: The return type of `Dataset.dims` will be changed to return a set of dimension names in future, in order to be more consistent with `DataArray.dims`. To access a mapping from dimension names to lengths, please use `Dataset.sizes`.
  num_inputs = prev_inputs.dims["time"]
/home/ubuntu/Vayuh/data/eric/S2S_ExtremeWeather/third_party/graphcast/graphcast/rollout.py:437: FutureWarning: In a future version of xarray the default value for compat will change from compat='equals' to compat='override'. This change will result in the following ValueError: Cannot specify both data_vars='different' and compat='override'. The recommendation is to set compat explicitly for this case.
  xarray.concat(
  [w5 0p25] p90_20231107: member 21/24  step 1/42
I0723 01:34:46.292532 15274941840256 rollout.py:361] Chunk 1/42
  [w5 0p25] p90_20231107: member 21/24  step 2/42
I0723 01:35:14.395952 15274941840256 rollout.py:361] Chunk 2/42
  [w5 0p25] p90_20231107: member 21/24  step 3/42
I0723 01:35:42.519082 15274941840256 rollout.py:361] Chunk 3/42
  [w5 0p25] p90_20231107: member 21/24  step 4/42
I0723 01:36:10.636507 15274941840256 rollout.py:361] Chunk 4/42
  [w5 0p25] p90_20231107: member 21/24  step 5/42
I0723 01:36:38.763553 15274941840256 rollout.py:361] Chunk 5/42
  [w5 0p25] p90_20231107: member 21/24  step 6/42
I0723 01:37:06.872500 15274941840256 rollout.py:361] Chunk 6/42
  [w5 0p25] p90_20231107: member 21/24  step 7/42
I0723 01:37:34.987099 15274941840256 rollout.py:361] Chunk 7/42
  [w5 0p25] p90_20231107: member 21/24  step 8/42
I0723 01:38:03.094803 15274941840256 rollout.py:361] Chunk 8/42
  [w5 0p25] p90_20231107: member 21/24  step 9/42
I0723 01:38:31.201212 15274941840256 rollout.py:361] Chunk 9/42
  [w5 0p25] p90_20231107: member 21/24  step 10/42
I0723 01:38:59.303956 15274941840256 rollout.py:361] Chunk 10/42
  [w5 0p25] p90_20231107: member 21/24  step 11/42
I0723 01:39:27.415598 15274941840256 rollout.py:361] Chunk 11/42
  [w5 0p25] p90_20231107: member 21/24  step 12/42
I0723 01:39:55.526674 15274941840256 rollout.py:361] Chunk 12/42
  [w5 0p25] p90_20231107: member 21/24  step 13/42
I0723 01:40:23.655272 15274941840256 rollout.py:361] Chunk 13/42
  [w5 0p25] p90_20231107: member 21/24  step 14/42
I0723 01:40:51.772321 15274941840256 rollout.py:361] Chunk 14/42
  [w5 0p25] p90_20231107: member 21/24  step 15/42
I0723 01:41:19.891834 15274941840256 rollout.py:361] Chunk 15/42
  [w5 0p25] p90_20231107: member 21/24  step 16/42
I0723 01:41:47.998459 15274941840256 rollout.py:361] Chunk 16/42
  [w5 0p25] p90_20231107: member 21/24  step 17/42
I0723 01:42:16.106578 15274941840256 rollout.py:361] Chunk 17/42
  [w5 0p25] p90_20231107: member 21/24  step 18/42
I0723 01:42:44.231117 15274941840256 rollout.py:361] Chunk 18/42
  [w5 0p25] p90_20231107: member 21/24  step 19/42
I0723 01:43:12.357852 15274941840256 rollout.py:361] Chunk 19/42
  [w5 0p25] p90_20231107: member 21/24  step 20/42
I0723 01:43:40.471846 15274941840256 rollout.py:361] Chunk 20/42
  [w5 0p25] p90_20231107: member 21/24  step 21/42
I0723 01:44:08.572998 15274941840256 rollout.py:361] Chunk 21/42
  [w5 0p25] p90_20231107: member 21/24  step 22/42
I0723 01:44:36.698826 15274941840256 rollout.py:361] Chunk 22/42
  [w5 0p25] p90_20231107: member 21/24  step 23/42
I0723 01:45:04.809154 15274941840256 rollout.py:361] Chunk 23/42
  [w5 0p25] p90_20231107: member 21/24  step 24/42
I0723 01:45:32.952489 15274941840256 rollout.py:361] Chunk 24/42
  [w5 0p25] p90_20231107: member 21/24  step 25/42
I0723 01:46:01.066833 15274941840256 rollout.py:361] Chunk 25/42
  [w5 0p25] p90_20231107: member 21/24  step 26/42
I0723 01:46:29.180833 15274941840256 rollout.py:361] Chunk 26/42
  [w5 0p25] p90_20231107: member 21/24  step 27/42
I0723 01:46:57.312611 15274941840256 rollout.py:361] Chunk 27/42
  [w5 0p25] p90_20231107: member 21/24  step 28/42
I0723 01:47:25.420454 15274941840256 rollout.py:361] Chunk 28/42
  [w5 0p25] p90_20231107: member 21/24  step 29/42
I0723 01:47:53.550665 15274941840256 rollout.py:361] Chunk 29/42
  [w5 0p25] p90_20231107: member 21/24  step 30/42
I0723 01:48:21.659376 15274941840256 rollout.py:361] Chunk 30/42
  [w5 0p25] p90_20231107: member 21/24  step 31/42
I0723 01:48:49.782788 15274941840256 rollout.py:361] Chunk 31/42
  [w5 0p25] p90_20231107: member 21/24  step 32/42
I0723 01:49:17.889812 15274941840256 rollout.py:361] Chunk 32/42
  [w5 0p25] p90_20231107: member 21/24  step 33/42
I0723 01:49:46.011964 15274941840256 rollout.py:361] Chunk 33/42
  [w5 0p25] p90_20231107: member 21/24  step 34/42
I0723 01:50:14.119142 15274941840256 rollout.py:361] Chunk 34/42
  [w5 0p25] p90_20231107: member 21/24  step 35/42
I0723 01:50:42.246523 15274941840256 rollout.py:361] Chunk 35/42
  [w5 0p25] p90_20231107: member 21/24  step 36/42
I0723 01:51:10.361877 15274941840256 rollout.py:361] Chunk 36/42
  [w5 0p25] p90_20231107: member 21/24  step 37/42
I0723 01:51:38.486447 15274941840256 rollout.py:361] Chunk 37/42
  [w5 0p25] p90_20231107: member 21/24  step 38/42
I0723 01:52:06.592151 15274941840256 rollout.py:361] Chunk 38/42
  [w5 0p25] p90_20231107: member 21/24  step 39/42
I0723 01:52:34.720250 15274941840256 rollout.py:361] Chunk 39/42
  [w5 0p25] p90_20231107: member 21/24  step 40/42
I0723 01:53:02.835863 15274941840256 rollout.py:361] Chunk 40/42
  [w5 0p25] p90_20231107: member 21/24  step 41/42
I0723 01:53:30.955622 15274941840256 rollout.py:361] Chunk 41/42
  [w5 0p25] p90_20231107: member 21/24  step 42/42
  [w5 0p25] p90_20231107: member 21/24 saved
p90_20240802 [w5 0p25 week3] pass 1 (event 2/3)
I0723 01:54:30.151548 15274941840256 rollout.py:205] Sample 0/1
/home/ubuntu/Vayuh/data/eric/S2S_ExtremeWeather/third_party/graphcast/graphcast/rollout.py:328: FutureWarning: The return type of `Dataset.dims` will be changed to return a set of dimension names in future, in order to be more consistent with `DataArray.dims`. To access a mapping from dimension names to lengths, please use `Dataset.sizes`.
  num_target_steps = targets_template.dims["time"]
I0723 01:54:30.153105 15274941840256 rollout.py:361] Chunk 0/42
/home/ubuntu/Vayuh/data/eric/S2S_ExtremeWeather/third_party/graphcast/graphcast/rollout.py:435: FutureWarning: The return type of `Dataset.dims` will be changed to return a set of dimension names in future, in order to be more consistent with `DataArray.dims`. To access a mapping from dimension names to lengths, please use `Dataset.sizes`.
  num_inputs = prev_inputs.dims["time"]
/home/ubuntu/Vayuh/data/eric/S2S_ExtremeWeather/third_party/graphcast/graphcast/rollout.py:437: FutureWarning: In a future version of xarray the default value for compat will change from compat='equals' to compat='override'. This change will result in the following ValueError: Cannot specify both data_vars='different' and compat='override'. The recommendation is to set compat explicitly for this case.
  xarray.concat(
  [w5 0p25] p90_20240802: member 5/24  step 1/42
I0723 01:54:58.296450 15274941840256 rollout.py:361] Chunk 1/42
  [w5 0p25] p90_20240802: member 5/24  step 2/42
I0723 01:55:26.398887 15274941840256 rollout.py:361] Chunk 2/42
  [w5 0p25] p90_20240802: member 5/24  step 3/42
I0723 01:55:54.529701 15274941840256 rollout.py:361] Chunk 3/42
  [w5 0p25] p90_20240802: member 5/24  step 4/42
I0723 01:56:22.656839 15274941840256 rollout.py:361] Chunk 4/42
  [w5 0p25] p90_20240802: member 5/24  step 5/42
I0723 01:56:50.787933 15274941840256 rollout.py:361] Chunk 5/42
  [w5 0p25] p90_20240802: member 5/24  step 6/42
I0723 01:57:18.895125 15274941840256 rollout.py:361] Chunk 6/42
  [w5 0p25] p90_20240802: member 5/24  step 7/42
I0723 01:57:47.074892 15274941840256 rollout.py:361] Chunk 7/42
  [w5 0p25] p90_20240802: member 5/24  step 8/42
I0723 01:58:15.196871 15274941840256 rollout.py:361] Chunk 8/42
  [w5 0p25] p90_20240802: member 5/24  step 9/42
I0723 01:58:43.356662 15274941840256 rollout.py:361] Chunk 9/42
  [w5 0p25] p90_20240802: member 5/24  step 10/42
I0723 01:59:11.472700 15274941840256 rollout.py:361] Chunk 10/42
  [w5 0p25] p90_20240802: member 5/24  step 11/42
I0723 01:59:39.588200 15274941840256 rollout.py:361] Chunk 11/42
  [w5 0p25] p90_20240802: member 5/24  step 12/42
I0723 02:00:07.695551 15274941840256 rollout.py:361] Chunk 12/42
  [w5 0p25] p90_20240802: member 5/24  step 13/42
I0723 02:00:35.799775 15274941840256 rollout.py:361] Chunk 13/42
  [w5 0p25] p90_20240802: member 5/24  step 14/42
I0723 02:01:03.913583 15274941840256 rollout.py:361] Chunk 14/42
  [w5 0p25] p90_20240802: member 5/24  step 15/42
I0723 02:01:32.050963 15274941840256 rollout.py:361] Chunk 15/42
  [w5 0p25] p90_20240802: member 5/24  step 16/42
I0723 02:02:00.161469 15274941840256 rollout.py:361] Chunk 16/42
  [w5 0p25] p90_20240802: member 5/24  step 17/42
I0723 02:02:28.297364 15274941840256 rollout.py:361] Chunk 17/42
  [w5 0p25] p90_20240802: member 5/24  step 18/42
I0723 02:02:56.418080 15274941840256 rollout.py:361] Chunk 18/42
  [w5 0p25] p90_20240802: member 5/24  step 19/42
I0723 02:03:24.552924 15274941840256 rollout.py:361] Chunk 19/42
  [w5 0p25] p90_20240802: member 5/24  step 20/42
I0723 02:03:52.673563 15274941840256 rollout.py:361] Chunk 20/42
  [w5 0p25] p90_20240802: member 5/24  step 21/42
I0723 02:04:20.775597 15274941840256 rollout.py:361] Chunk 21/42
  [w5 0p25] p90_20240802: member 5/24  step 22/42
I0723 02:04:48.877937 15274941840256 rollout.py:361] Chunk 22/42
  [w5 0p25] p90_20240802: member 5/24  step 23/42
I0723 02:05:16.972424 15274941840256 rollout.py:361] Chunk 23/42
  [w5 0p25] p90_20240802: member 5/24  step 24/42
I0723 02:05:45.085201 15274941840256 rollout.py:361] Chunk 24/42
  [w5 0p25] p90_20240802: member 5/24  step 25/42
I0723 02:06:13.182579 15274941840256 rollout.py:361] Chunk 25/42
  [w5 0p25] p90_20240802: member 5/24  step 26/42
I0723 02:06:41.285741 15274941840256 rollout.py:361] Chunk 26/42
  [w5 0p25] p90_20240802: member 5/24  step 27/42
I0723 02:07:09.396464 15274941840256 rollout.py:361] Chunk 27/42
  [w5 0p25] p90_20240802: member 5/24  step 28/42
I0723 02:07:37.492640 15274941840256 rollout.py:361] Chunk 28/42
  [w5 0p25] p90_20240802: member 5/24  step 29/42
I0723 02:08:05.600237 15274941840256 rollout.py:361] Chunk 29/42
  [w5 0p25] p90_20240802: member 5/24  step 30/42
I0723 02:08:33.713995 15274941840256 rollout.py:361] Chunk 30/42
  [w5 0p25] p90_20240802: member 5/24  step 31/42
I0723 02:09:01.830944 15274941840256 rollout.py:361] Chunk 31/42
  [w5 0p25] p90_20240802: member 5/24  step 32/42
I0723 02:09:29.946342 15274941840256 rollout.py:361] Chunk 32/42
  [w5 0p25] p90_20240802: member 5/24  step 33/42
I0723 02:09:58.062828 15274941840256 rollout.py:361] Chunk 33/42
  [w5 0p25] p90_20240802: member 5/24  step 34/42
I0723 02:10:26.185381 15274941840256 rollout.py:361] Chunk 34/42
  [w5 0p25] p90_20240802: member 5/24  step 35/42
I0723 02:10:54.291066 15274941840256 rollout.py:361] Chunk 35/42
  [w5 0p25] p90_20240802: member 5/24  step 36/42
I0723 02:11:22.394482 15274941840256 rollout.py:361] Chunk 36/42
  [w5 0p25] p90_20240802: member 5/24  step 37/42
I0723 02:11:50.511143 15274941840256 rollout.py:361] Chunk 37/42
  [w5 0p25] p90_20240802: member 5/24  step 38/42
I0723 02:12:18.608137 15274941840256 rollout.py:361] Chunk 38/42
  [w5 0p25] p90_20240802: member 5/24  step 39/42
I0723 02:12:46.739810 15274941840256 rollout.py:361] Chunk 39/42
  [w5 0p25] p90_20240802: member 5/24  step 40/42
I0723 02:13:14.853662 15274941840256 rollout.py:361] Chunk 40/42
  [w5 0p25] p90_20240802: member 5/24  step 41/42
I0723 02:13:42.977993 15274941840256 rollout.py:361] Chunk 41/42
  [w5 0p25] p90_20240802: member 5/24  step 42/42
  [w5 0p25] p90_20240802: member 5/24 saved
I0723 02:14:19.248006 15274941840256 rollout.py:205] Sample 0/1
/home/ubuntu/Vayuh/data/eric/S2S_ExtremeWeather/third_party/graphcast/graphcast/rollout.py:328: FutureWarning: The return type of `Dataset.dims` will be changed to return a set of dimension names in future, in order to be more consistent with `DataArray.dims`. To access a mapping from dimension names to lengths, please use `Dataset.sizes`.
  num_target_steps = targets_template.dims["time"]
I0723 02:14:19.249610 15274941840256 rollout.py:361] Chunk 0/42
/home/ubuntu/Vayuh/data/eric/S2S_ExtremeWeather/third_party/graphcast/graphcast/rollout.py:435: FutureWarning: The return type of `Dataset.dims` will be changed to return a set of dimension names in future, in order to be more consistent with `DataArray.dims`. To access a mapping from dimension names to lengths, please use `Dataset.sizes`.
  num_inputs = prev_inputs.dims["time"]
/home/ubuntu/Vayuh/data/eric/S2S_ExtremeWeather/third_party/graphcast/graphcast/rollout.py:437: FutureWarning: In a future version of xarray the default value for compat will change from compat='equals' to compat='override'. This change will result in the following ValueError: Cannot specify both data_vars='different' and compat='override'. The recommendation is to set compat explicitly for this case.
  xarray.concat(
  [w5 0p25] p90_20240802: member 12/24  step 1/42
I0723 02:14:47.402311 15274941840256 rollout.py:361] Chunk 1/42
  [w5 0p25] p90_20240802: member 12/24  step 2/42
I0723 02:15:15.504976 15274941840256 rollout.py:361] Chunk 2/42
  [w5 0p25] p90_20240802: member 12/24  step 3/42
I0723 02:15:43.638540 15274941840256 rollout.py:361] Chunk 3/42
  [w5 0p25] p90_20240802: member 12/24  step 4/42
I0723 02:16:11.758639 15274941840256 rollout.py:361] Chunk 4/42
  [w5 0p25] p90_20240802: member 12/24  step 5/42
I0723 02:16:39.866640 15274941840256 rollout.py:361] Chunk 5/42
  [w5 0p25] p90_20240802: member 12/24  step 6/42
I0723 02:17:07.973543 15274941840256 rollout.py:361] Chunk 6/42
  [w5 0p25] p90_20240802: member 12/24  step 7/42
I0723 02:17:36.070524 15274941840256 rollout.py:361] Chunk 7/42
  [w5 0p25] p90_20240802: member 12/24  step 8/42
I0723 02:18:04.168476 15274941840256 rollout.py:361] Chunk 8/42
  [w5 0p25] p90_20240802: member 12/24  step 9/42
I0723 02:18:32.273423 15274941840256 rollout.py:361] Chunk 9/42
  [w5 0p25] p90_20240802: member 12/24  step 10/42
I0723 02:19:00.369071 15274941840256 rollout.py:361] Chunk 10/42
  [w5 0p25] p90_20240802: member 12/24  step 11/42
I0723 02:19:28.479502 15274941840256 rollout.py:361] Chunk 11/42
  [w5 0p25] p90_20240802: member 12/24  step 12/42
I0723 02:19:56.586701 15274941840256 rollout.py:361] Chunk 12/42
  [w5 0p25] p90_20240802: member 12/24  step 13/42
I0723 02:20:24.687254 15274941840256 rollout.py:361] Chunk 13/42
  [w5 0p25] p90_20240802: member 12/24  step 14/42
I0723 02:20:52.789194 15274941840256 rollout.py:361] Chunk 14/42
  [w5 0p25] p90_20240802: member 12/24  step 15/42
I0723 02:21:20.904201 15274941840256 rollout.py:361] Chunk 15/42
  [w5 0p25] p90_20240802: member 12/24  step 16/42
I0723 02:21:49.038291 15274941840256 rollout.py:361] Chunk 16/42
  [w5 0p25] p90_20240802: member 12/24  step 17/42
I0723 02:22:17.155390 15274941840256 rollout.py:361] Chunk 17/42
  [w5 0p25] p90_20240802: member 12/24  step 18/42
I0723 02:22:45.268611 15274941840256 rollout.py:361] Chunk 18/42
  [w5 0p25] p90_20240802: member 12/24  step 19/42
I0723 02:23:13.393444 15274941840256 rollout.py:361] Chunk 19/42
  [w5 0p25] p90_20240802: member 12/24  step 20/42
I0723 02:23:41.494953 15274941840256 rollout.py:361] Chunk 20/42
  [w5 0p25] p90_20240802: member 12/24  step 21/42
I0723 02:24:09.591761 15274941840256 rollout.py:361] Chunk 21/42
  [w5 0p25] p90_20240802: member 12/24  step 22/42
I0723 02:24:37.696956 15274941840256 rollout.py:361] Chunk 22/42
  [w5 0p25] p90_20240802: member 12/24  step 23/42
I0723 02:25:05.804544 15274941840256 rollout.py:361] Chunk 23/42
  [w5 0p25] p90_20240802: member 12/24  step 24/42
I0723 02:25:33.933357 15274941840256 rollout.py:361] Chunk 24/42
  [w5 0p25] p90_20240802: member 12/24  step 25/42
I0723 02:26:02.053761 15274941840256 rollout.py:361] Chunk 25/42
  [w5 0p25] p90_20240802: member 12/24  step 26/42
I0723 02:26:30.177349 15274941840256 rollout.py:361] Chunk 26/42
  [w5 0p25] p90_20240802: member 12/24  step 27/42
I0723 02:26:58.281634 15274941840256 rollout.py:361] Chunk 27/42
  [w5 0p25] p90_20240802: member 12/24  step 28/42
I0723 02:27:26.405469 15274941840256 rollout.py:361] Chunk 28/42
  [w5 0p25] p90_20240802: member 12/24  step 29/42
I0723 02:27:54.516215 15274941840256 rollout.py:361] Chunk 29/42
  [w5 0p25] p90_20240802: member 12/24  step 30/42
I0723 02:28:22.635353 15274941840256 rollout.py:361] Chunk 30/42
  [w5 0p25] p90_20240802: member 12/24  step 31/42
I0723 02:28:50.752805 15274941840256 rollout.py:361] Chunk 31/42
  [w5 0p25] p90_20240802: member 12/24  step 32/42
I0723 02:29:18.865793 15274941840256 rollout.py:361] Chunk 32/42
  [w5 0p25] p90_20240802: member 12/24  step 33/42
I0723 02:29:46.988309 15274941840256 rollout.py:361] Chunk 33/42
  [w5 0p25] p90_20240802: member 12/24  step 34/42
I0723 02:30:15.085820 15274941840256 rollout.py:361] Chunk 34/42
  [w5 0p25] p90_20240802: member 12/24  step 35/42
I0723 02:30:43.208751 15274941840256 rollout.py:361] Chunk 35/42
  [w5 0p25] p90_20240802: member 12/24  step 36/42
I0723 02:31:11.314164 15274941840256 rollout.py:361] Chunk 36/42
  [w5 0p25] p90_20240802: member 12/24  step 37/42
I0723 02:31:39.433592 15274941840256 rollout.py:361] Chunk 37/42
  [w5 0p25] p90_20240802: member 12/24  step 38/42
I0723 02:32:07.545802 15274941840256 rollout.py:361] Chunk 38/42
  [w5 0p25] p90_20240802: member 12/24  step 39/42
I0723 02:32:35.661409 15274941840256 rollout.py:361] Chunk 39/42
  [w5 0p25] p90_20240802: member 12/24  step 40/42
I0723 02:33:03.797474 15274941840256 rollout.py:361] Chunk 40/42
  [w5 0p25] p90_20240802: member 12/24  step 41/42
I0723 02:33:31.902462 15274941840256 rollout.py:361] Chunk 41/42
  [w5 0p25] p90_20240802: member 12/24  step 42/42
  [w5 0p25] p90_20240802: member 12/24 saved
I0723 02:34:08.392872 15274941840256 rollout.py:205] Sample 0/1
/home/ubuntu/Vayuh/data/eric/S2S_ExtremeWeather/third_party/graphcast/graphcast/rollout.py:328: FutureWarning: The return type of `Dataset.dims` will be changed to return a set of dimension names in future, in order to be more consistent with `DataArray.dims`. To access a mapping from dimension names to lengths, please use `Dataset.sizes`.
  num_target_steps = targets_template.dims["time"]
I0723 02:34:08.394563 15274941840256 rollout.py:361] Chunk 0/42
/home/ubuntu/Vayuh/data/eric/S2S_ExtremeWeather/third_party/graphcast/graphcast/rollout.py:435: FutureWarning: The return type of `Dataset.dims` will be changed to return a set of dimension names in future, in order to be more consistent with `DataArray.dims`. To access a mapping from dimension names to lengths, please use `Dataset.sizes`.
  num_inputs = prev_inputs.dims["time"]
/home/ubuntu/Vayuh/data/eric/S2S_ExtremeWeather/third_party/graphcast/graphcast/rollout.py:437: FutureWarning: In a future version of xarray the default value for compat will change from compat='equals' to compat='override'. This change will result in the following ValueError: Cannot specify both data_vars='different' and compat='override'. The recommendation is to set compat explicitly for this case.
  xarray.concat(
  [w5 0p25] p90_20240802: member 20/24  step 1/42
I0723 02:34:36.555159 15274941840256 rollout.py:361] Chunk 1/42
  [w5 0p25] p90_20240802: member 20/24  step 2/42
I0723 02:35:04.662288 15274941840256 rollout.py:361] Chunk 2/42
  [w5 0p25] p90_20240802: member 20/24  step 3/42
I0723 02:35:32.775814 15274941840256 rollout.py:361] Chunk 3/42
  [w5 0p25] p90_20240802: member 20/24  step 4/42
I0723 02:36:00.871415 15274941840256 rollout.py:361] Chunk 4/42
  [w5 0p25] p90_20240802: member 20/24  step 5/42
I0723 02:36:28.977065 15274941840256 rollout.py:361] Chunk 5/42
  [w5 0p25] p90_20240802: member 20/24  step 6/42
I0723 02:36:57.071563 15274941840256 rollout.py:361] Chunk 6/42
  [w5 0p25] p90_20240802: member 20/24  step 7/42
I0723 02:37:25.177522 15274941840256 rollout.py:361] Chunk 7/42
  [w5 0p25] p90_20240802: member 20/24  step 8/42
I0723 02:37:53.301697 15274941840256 rollout.py:361] Chunk 8/42
  [w5 0p25] p90_20240802: member 20/24  step 9/42
I0723 02:38:21.413840 15274941840256 rollout.py:361] Chunk 9/42
  [w5 0p25] p90_20240802: member 20/24  step 10/42
I0723 02:38:49.531941 15274941840256 rollout.py:361] Chunk 10/42
  [w5 0p25] p90_20240802: member 20/24  step 11/42
I0723 02:39:17.650605 15274941840256 rollout.py:361] Chunk 11/42
  [w5 0p25] p90_20240802: member 20/24  step 12/42
I0723 02:39:45.760817 15274941840256 rollout.py:361] Chunk 12/42
  [w5 0p25] p90_20240802: member 20/24  step 13/42
I0723 02:40:13.874124 15274941840256 rollout.py:361] Chunk 13/42
